{"/home/osama-khaireldin/fresh-react/src/analytics/events.ts": {"path":"/home/osama-khaireldin/fresh-react/src/analytics/events.ts","statementMap":{"0":{"start":{"line":141,"column":2},"end":{"line":143,"column":33}},"1":{"start":{"line":146,"column":2},"end":{"line":148,"column":40}},"2":{"start":{"line":150,"column":43},"end":{"line":150,"column":45}},"3":{"start":{"line":160,"column":2},"end":{"line":160,"column":31}},"4":{"start":{"line":161,"column":2},"end":{"line":168,"column":3}},"5":{"start":{"line":162,"column":4},"end":{"line":163,"column":52}},"6":{"start":{"line":164,"column":4},"end":{"line":164,"column":56}},"7":{"start":{"line":165,"column":4},"end":{"line":167,"column":5}},"8":{"start":{"line":166,"column":6},"end":{"line":166,"column":35}},"9":{"start":{"line":169,"column":2},"end":{"line":171,"column":3}},"10":{"start":{"line":170,"column":4},"end":{"line":170,"column":39}},"11":{"start":{"line":176,"column":2},"end":{"line":176,"column":31}},"12":{"start":{"line":180,"column":2},"end":{"line":180,"column":30}}},"fnMap":{"0":{"name":"trackEvent","decl":{"start":{"line":159,"column":16},"end":{"line":159,"column":26}},"loc":{"start":{"line":159,"column":48},"end":{"line":173,"column":1}}},"1":{"name":"getEventBuffer","decl":{"start":{"line":175,"column":16},"end":{"line":175,"column":30}},"loc":{"start":{"line":175,"column":30},"end":{"line":177,"column":1}}},"2":{"name":"clearEventBuffer","decl":{"start":{"line":179,"column":16},"end":{"line":179,"column":32}},"loc":{"start":{"line":179,"column":32},"end":{"line":181,"column":1}}}},"branchMap":{"0":{"loc":{"start":{"line":141,"column":2},"end":{"line":143,"column":33}},"type":"cond-expr","locations":[{"start":{"line":142,"column":7},"end":{"line":142,"column":37}},{"start":{"line":143,"column":7},"end":{"line":143,"column":33}}]},"1":{"loc":{"start":{"line":141,"column":2},"end":{"line":141,"column":78}},"type":"binary-expr","locations":[{"start":{"line":141,"column":2},"end":{"line":141,"column":36}},{"start":{"line":141,"column":40},"end":{"line":141,"column":78}}]},"2":{"loc":{"start":{"line":146,"column":2},"end":{"line":148,"column":40}},"type":"binary-expr","locations":[{"start":{"line":146,"column":2},"end":{"line":146,"column":26}},{"start":{"line":147,"column":2},"end":{"line":147,"column":28}},{"start":{"line":148,"column":2},"end":{"line":148,"column":40}}]},"3":{"loc":{"start":{"line":161,"column":2},"end":{"line":168,"column":3}},"type":"if","locations":[{"start":{"line":161,"column":2},"end":{"line":168,"column":3}},{"start":{},"end":{}}]},"4":{"loc":{"start":{"line":163,"column":6},"end":{"line":163,"column":51}},"type":"binary-expr","locations":[{"start":{"line":163,"column":6},"end":{"line":163,"column":45}},{"start":{"line":163,"column":49},"end":{"line":163,"column":51}}]},"5":{"loc":{"start":{"line":165,"column":4},"end":{"line":167,"column":5}},"type":"if","locations":[{"start":{"line":165,"column":4},"end":{"line":167,"column":5}},{"start":{},"end":{}}]},"6":{"loc":{"start":{"line":169,"column":2},"end":{"line":171,"column":3}},"type":"if","locations":[{"start":{"line":169,"column":2},"end":{"line":171,"column":3}},{"start":{},"end":{}}]}},"s":{"0":1,"1":1,"2":1,"3":3,"4":3,"5":3,"6":3,"7":3,"8":0,"9":3,"10":0,"11":1,"12":1},"f":{"0":3,"1":1,"2":1},"b":{"0":[0,1],"1":[1,1],"2":[1,1,1],"3":[3,0],"4":[3,1],"5":[0,3],"6":[0,3]}}
,"/home/osama-khaireldin/fresh-react/src/application/services/AppContainer.ts": {"path":"/home/osama-khaireldin/fresh-react/src/application/services/AppContainer.ts","statementMap":{"0":{"start":{"line":18,"column":22},"end":{"line":22,"column":11}},"1":{"start":{"line":33,"column":4},"end":{"line":33,"column":19}},"2":{"start":{"line":34,"column":4},"end":{"line":34,"column":25}},"3":{"start":{"line":35,"column":4},"end":{"line":35,"column":57}},"4":{"start":{"line":36,"column":4},"end":{"line":36,"column":31}},"5":{"start":{"line":40,"column":4},"end":{"line":42,"column":5}},"6":{"start":{"line":41,"column":6},"end":{"line":41,"column":18}},"7":{"start":{"line":43,"column":31},"end":{"line":47,"column":6}},"8":{"start":{"line":48,"column":4},"end":{"line":48,"column":39}},"9":{"start":{"line":49,"column":4},"end":{"line":49,"column":16}},"10":{"start":{"line":53,"column":21},"end":{"line":53,"column":45}},"11":{"start":{"line":54,"column":4},"end":{"line":56,"column":5}},"12":{"start":{"line":55,"column":6},"end":{"line":55,"column":69}},"13":{"start":{"line":57,"column":4},"end":{"line":59,"column":5}},"14":{"start":{"line":58,"column":6},"end":{"line":58,"column":92}},"15":{"start":{"line":61,"column":24},"end":{"line":61,"column":78}},"16":{"start":{"line":62,"column":4},"end":{"line":64,"column":5}},"17":{"start":{"line":63,"column":6},"end":{"line":63,"column":51}},"18":{"start":{"line":66,"column":21},"end":{"line":66,"column":43}},"19":{"start":{"line":68,"column":4},"end":{"line":70,"column":5}},"20":{"start":{"line":69,"column":6},"end":{"line":69,"column":49}},"21":{"start":{"line":72,"column":4},"end":{"line":72,"column":25}},"22":{"start":{"line":76,"column":4},"end":{"line":76,"column":54}},"23":{"start":{"line":80,"column":4},"end":{"line":80,"column":54}},"24":{"start":{"line":84,"column":21},"end":{"line":84,"column":39}},"25":{"start":{"line":86,"column":20},"end":{"line":86,"column":91}},"26":{"start":{"line":88,"column":0},"end":{"line":95,"column":26}},"27":{"start":{"line":89,"column":41},"end":{"line":89,"column":80}},"28":{"start":{"line":90,"column":39},"end":{"line":90,"column":64}},"29":{"start":{"line":92,"column":21},"end":{"line":92,"column":87}},"30":{"start":{"line":93,"column":25},"end":{"line":93,"column":63}},"31":{"start":{"line":94,"column":4},"end":{"line":94,"column":51}}},"fnMap":{"0":{"name":"(anonymous_0)","decl":{"start":{"line":32,"column":2},"end":{"line":32,"column":14}},"loc":{"start":{"line":32,"column":80},"end":{"line":37,"column":3}}},"1":{"name":"(anonymous_1)","decl":{"start":{"line":39,"column":2},"end":{"line":39,"column":10}},"loc":{"start":{"line":39,"column":97},"end":{"line":50,"column":3}}},"2":{"name":"(anonymous_2)","decl":{"start":{"line":52,"column":2},"end":{"line":52,"column":9}},"loc":{"start":{"line":52,"column":36},"end":{"line":73,"column":3}}},"3":{"name":"(anonymous_3)","decl":{"start":{"line":75,"column":2},"end":{"line":75,"column":13}},"loc":{"start":{"line":75,"column":13},"end":{"line":77,"column":3}}},"4":{"name":"(anonymous_4)","decl":{"start":{"line":79,"column":10},"end":{"line":79,"column":17}},"loc":{"start":{"line":79,"column":17},"end":{"line":81,"column":3}}},"5":{"name":"(anonymous_5)","decl":{"start":{"line":89,"column":35},"end":{"line":89,"column":38}},"loc":{"start":{"line":89,"column":41},"end":{"line":89,"column":80}}},"6":{"name":"(anonymous_6)","decl":{"start":{"line":90,"column":33},"end":{"line":90,"column":36}},"loc":{"start":{"line":90,"column":39},"end":{"line":90,"column":64}}},"7":{"name":"(anonymous_7)","decl":{"start":{"line":91,"column":32},"end":{"line":91,"column":33}},"loc":{"start":{"line":91,"column":46},"end":{"line":95,"column":3}}}},"branchMap":{"0":{"loc":{"start":{"line":32,"column":14},"end":{"line":32,"column":57}},"type":"default-arg","locations":[{"start":{"line":32,"column":20},"end":{"line":32,"column":57}}]},"1":{"loc":{"start":{"line":32,"column":20},"end":{"line":32,"column":57}},"type":"binary-expr","locations":[{"start":{"line":32,"column":20},"end":{"line":32,"column":40}},{"start":{"line":32,"column":44},"end":{"line":32,"column":57}}]},"2":{"loc":{"start":{"line":35,"column":20},"end":{"line":35,"column":56}},"type":"cond-expr","locations":[{"start":{"line":35,"column":29},"end":{"line":35,"column":44}},{"start":{"line":35,"column":47},"end":{"line":35,"column":56}}]},"3":{"loc":{"start":{"line":40,"column":4},"end":{"line":42,"column":5}},"type":"if","locations":[{"start":{"line":40,"column":4},"end":{"line":42,"column":5}},{"start":{},"end":{}}]},"4":{"loc":{"start":{"line":40,"column":8},"end":{"line":40,"column":57}},"type":"binary-expr","locations":[{"start":{"line":40,"column":8},"end":{"line":40,"column":21}},{"start":{"line":40,"column":25},"end":{"line":40,"column":57}}]},"5":{"loc":{"start":{"line":45,"column":13},"end":{"line":45,"column":42}},"type":"binary-expr","locations":[{"start":{"line":45,"column":13},"end":{"line":45,"column":27}},{"start":{"line":45,"column":31},"end":{"line":45,"column":42}}]},"6":{"loc":{"start":{"line":54,"column":4},"end":{"line":56,"column":5}},"type":"if","locations":[{"start":{"line":54,"column":4},"end":{"line":56,"column":5}},{"start":{},"end":{}}]},"7":{"loc":{"start":{"line":57,"column":4},"end":{"line":59,"column":5}},"type":"if","locations":[{"start":{"line":57,"column":4},"end":{"line":59,"column":5}},{"start":{},"end":{}}]},"8":{"loc":{"start":{"line":57,"column":8},"end":{"line":57,"column":58}},"type":"binary-expr","locations":[{"start":{"line":57,"column":8},"end":{"line":57,"column":21}},{"start":{"line":57,"column":25},"end":{"line":57,"column":58}}]},"9":{"loc":{"start":{"line":61,"column":24},"end":{"line":61,"column":78}},"type":"cond-expr","locations":[{"start":{"line":61,"column":57},"end":{"line":61,"column":71}},{"start":{"line":61,"column":74},"end":{"line":61,"column":78}}]},"10":{"loc":{"start":{"line":62,"column":4},"end":{"line":64,"column":5}},"type":"if","locations":[{"start":{"line":62,"column":4},"end":{"line":64,"column":5}},{"start":{},"end":{}}]},"11":{"loc":{"start":{"line":62,"column":8},"end":{"line":62,"column":107}},"type":"binary-expr","locations":[{"start":{"line":62,"column":9},"end":{"line":62,"column":39}},{"start":{"line":62,"column":43},"end":{"line":62,"column":70}},{"start":{"line":62,"column":75},"end":{"line":62,"column":107}}]},"12":{"loc":{"start":{"line":68,"column":4},"end":{"line":70,"column":5}},"type":"if","locations":[{"start":{"line":68,"column":4},"end":{"line":70,"column":5}},{"start":{},"end":{}}]},"13":{"loc":{"start":{"line":80,"column":11},"end":{"line":80,"column":53}},"type":"cond-expr","locations":[{"start":{"line":80,"column":25},"end":{"line":80,"column":46}},{"start":{"line":80,"column":49},"end":{"line":80,"column":53}}]}},"s":{"0":2,"1":17,"2":17,"3":17,"4":17,"5":10,"6":1,"7":9,"8":9,"9":9,"10":17,"11":17,"12":2,"13":15,"14":0,"15":15,"16":15,"17":4,"18":11,"19":11,"20":11,"21":11,"22":10,"23":23,"24":2,"25":2,"26":2,"27":3,"28":1,"29":3,"30":3,"31":3},"f":{"0":17,"1":10,"2":17,"3":10,"4":23,"5":3,"6":1,"7":3},"b":{"0":[2],"1":[2,0],"2":[10,7],"3":[1,9],"4":[10,1],"5":[9,1],"6":[2,15],"7":[0,15],"8":[15,0],"9":[7,8],"10":[4,11],"11":[15,8,15],"12":[11,0],"13":[6,17]}}
,"/home/osama-khaireldin/fresh-react/src/application/services/AuthService.ts": {"path":"/home/osama-khaireldin/fresh-react/src/application/services/AuthService.ts","statementMap":{"0":{"start":{"line":9,"column":21},"end":{"line":9,"column":51}},"1":{"start":{"line":10,"column":21},"end":{"line":10,"column":47}},"2":{"start":{"line":14,"column":17},"end":{"line":14,"column":61}},"3":{"start":{"line":15,"column":4},"end":{"line":17,"column":5}},"4":{"start":{"line":16,"column":6},"end":{"line":16,"column":45}},"5":{"start":{"line":19,"column":4},"end":{"line":19,"column":62}},"6":{"start":{"line":21,"column":4},"end":{"line":21,"column":34}}},"fnMap":{"0":{"name":"(anonymous_0)","decl":{"start":{"line":8,"column":2},"end":{"line":8,"column":null}},"loc":{"start":{"line":10,"column":47},"end":{"line":11,"column":6}}},"1":{"name":"(anonymous_1)","decl":{"start":{"line":13,"column":2},"end":{"line":13,"column":7}},"loc":{"start":{"line":13,"column":27},"end":{"line":22,"column":3}}}},"branchMap":{"0":{"loc":{"start":{"line":15,"column":4},"end":{"line":17,"column":5}},"type":"if","locations":[{"start":{"line":15,"column":4},"end":{"line":17,"column":5}},{"start":{},"end":{}}]}},"s":{"0":7,"1":7,"2":7,"3":6,"4":2,"5":4,"6":3},"f":{"0":7,"1":7},"b":{"0":[2,4]}}
,"/home/osama-khaireldin/fresh-react/src/application/usecases/ordersService.ts": {"path":"/home/osama-khaireldin/fresh-react/src/application/usecases/ordersService.ts","statementMap":{"0":{"start":{"line":14,"column":55},"end":{"line":14,"column":59}},"1":{"start":{"line":15,"column":12},"end":{"line":15,"column":30}},"2":{"start":{"line":16,"column":0},"end":{"line":16,"column":23}},"3":{"start":{"line":18,"column":23},"end":{"line":21,"column":1}},"4":{"start":{"line":19,"column":2},"end":{"line":19,"column":55}},"5":{"start":{"line":19,"column":45},"end":{"line":19,"column":55}},"6":{"start":{"line":20,"column":2},"end":{"line":20,"column":30}},"7":{"start":{"line":23,"column":17},"end":{"line":66,"column":1}},"8":{"start":{"line":24,"column":2},"end":{"line":30,"column":3}},"9":{"start":{"line":25,"column":4},"end":{"line":29,"column":7}},"10":{"start":{"line":32,"column":17},"end":{"line":32,"column":29}},"11":{"start":{"line":33,"column":21},"end":{"line":33,"column":44}},"12":{"start":{"line":35,"column":2},"end":{"line":65,"column":5}},"13":{"start":{"line":36,"column":20},"end":{"line":59,"column":null}},"14":{"start":{"line":48,"column":33},"end":{"line":48,"column":35}},"15":{"start":{"line":49,"column":8},"end":{"line":49,"column":59}},"16":{"start":{"line":49,"column":39},"end":{"line":49,"column":57}},"17":{"start":{"line":50,"column":8},"end":{"line":58,"column":11}},"18":{"start":{"line":51,"column":23},"end":{"line":51,"column":55}},"19":{"start":{"line":52,"column":10},"end":{"line":57,"column":13}},"20":{"start":{"line":56,"column":30},"end":{"line":56,"column":34}},"21":{"start":{"line":62,"column":4},"end":{"line":62,"column":32}},"22":{"start":{"line":63,"column":4},"end":{"line":63,"column":30}},"23":{"start":{"line":64,"column":4},"end":{"line":64,"column":18}},"24":{"start":{"line":68,"column":69},"end":{"line":68,"column":73}},"25":{"start":{"line":69,"column":30},"end":{"line":75,"column":1}},"26":{"start":{"line":70,"column":2},"end":{"line":73,"column":3}},"27":{"start":{"line":71,"column":20},"end":{"line":71,"column":41}},"28":{"start":{"line":72,"column":4},"end":{"line":72,"column":32}},"29":{"start":{"line":72,"column":17},"end":{"line":72,"column":32}},"30":{"start":{"line":74,"column":2},"end":{"line":74,"column":12}},"31":{"start":{"line":77,"column":20},"end":{"line":86,"column":1}},"32":{"start":{"line":78,"column":2},"end":{"line":80,"column":3}},"33":{"start":{"line":79,"column":4},"end":{"line":79,"column":49}},"34":{"start":{"line":81,"column":2},"end":{"line":84,"column":3}},"35":{"start":{"line":82,"column":20},"end":{"line":82,"column":68}},"36":{"start":{"line":83,"column":4},"end":{"line":83,"column":53}},"37":{"start":{"line":85,"column":2},"end":{"line":85,"column":14}},"38":{"start":{"line":88,"column":22},"end":{"line":89,"column":79}},"39":{"start":{"line":89,"column":2},"end":{"line":89,"column":79}},"40":{"start":{"line":91,"column":33},"end":{"line":96,"column":1}},"41":{"start":{"line":92,"column":15},"end":{"line":92,"column":36}},"42":{"start":{"line":93,"column":2},"end":{"line":93,"column":23}},"43":{"start":{"line":93,"column":13},"end":{"line":93,"column":23}},"44":{"start":{"line":94,"column":18},"end":{"line":94,"column":45}},"45":{"start":{"line":95,"column":2},"end":{"line":95,"column":45}},"46":{"start":{"line":98,"column":26},"end":{"line":104,"column":1}},"47":{"start":{"line":99,"column":2},"end":{"line":102,"column":3}},"48":{"start":{"line":100,"column":20},"end":{"line":100,"column":65}},"49":{"start":{"line":101,"column":4},"end":{"line":101,"column":32}},"50":{"start":{"line":101,"column":17},"end":{"line":101,"column":32}},"51":{"start":{"line":103,"column":2},"end":{"line":103,"column":12}},"52":{"start":{"line":106,"column":23},"end":{"line":126,"column":1}},"53":{"start":{"line":107,"column":2},"end":{"line":107,"column":46}},"54":{"start":{"line":107,"column":33},"end":{"line":107,"column":46}},"55":{"start":{"line":108,"column":2},"end":{"line":111,"column":3}},"56":{"start":{"line":109,"column":17},"end":{"line":109,"column":42}},"57":{"start":{"line":110,"column":4},"end":{"line":110,"column":56}},"58":{"start":{"line":110,"column":31},"end":{"line":110,"column":56}},"59":{"start":{"line":112,"column":2},"end":{"line":120,"column":3}},"60":{"start":{"line":113,"column":20},"end":{"line":113,"column":32}},"61":{"start":{"line":114,"column":4},"end":{"line":119,"column":5}},"62":{"start":{"line":115,"column":6},"end":{"line":115,"column":66}},"63":{"start":{"line":115,"column":37},"end":{"line":115,"column":66}},"64":{"start":{"line":116,"column":19},"end":{"line":116,"column":87}},"65":{"start":{"line":117,"column":21},"end":{"line":117,"column":41}},"66":{"start":{"line":118,"column":6},"end":{"line":118,"column":34}},"67":{"start":{"line":121,"column":2},"end":{"line":124,"column":3}},"68":{"start":{"line":122,"column":17},"end":{"line":122,"column":97}},"69":{"start":{"line":123,"column":4},"end":{"line":123,"column":46}},"70":{"start":{"line":125,"column":2},"end":{"line":125,"column":24}},"71":{"start":{"line":128,"column":31},"end":{"line":144,"column":1}},"72":{"start":{"line":129,"column":2},"end":{"line":143,"column":3}},"73":{"start":{"line":130,"column":23},"end":{"line":130,"column":87}},"74":{"start":{"line":131,"column":25},"end":{"line":131,"column":50}},"75":{"start":{"line":132,"column":4},"end":{"line":132,"column":48}},"76":{"start":{"line":132,"column":38},"end":{"line":132,"column":48}},"77":{"start":{"line":133,"column":16},"end":{"line":133,"column":53}},"78":{"start":{"line":134,"column":4},"end":{"line":134,"column":31}},"79":{"start":{"line":134,"column":21},"end":{"line":134,"column":31}},"80":{"start":{"line":135,"column":19},"end":{"line":135,"column":34}},"81":{"start":{"line":136,"column":4},"end":{"line":139,"column":6}},"82":{"start":{"line":141,"column":4},"end":{"line":141,"column":74}},"83":{"start":{"line":142,"column":4},"end":{"line":142,"column":14}},"84":{"start":{"line":146,"column":26},"end":{"line":170,"column":1}},"85":{"start":{"line":147,"column":2},"end":{"line":147,"column":56}},"86":{"start":{"line":147,"column":28},"end":{"line":147,"column":56}},"87":{"start":{"line":148,"column":19},"end":{"line":152,"column":null}},"88":{"start":{"line":154,"column":18},"end":{"line":158,"column":null}},"89":{"start":{"line":160,"column":2},"end":{"line":163,"column":3}},"90":{"start":{"line":161,"column":4},"end":{"line":161,"column":64}},"91":{"start":{"line":162,"column":4},"end":{"line":162,"column":32}},"92":{"start":{"line":164,"column":21},"end":{"line":164,"column":45}},"93":{"start":{"line":165,"column":2},"end":{"line":168,"column":4}},"94":{"start":{"line":169,"column":2},"end":{"line":169,"column":30}},"95":{"start":{"line":173,"column":18},"end":{"line":173,"column":25}},"96":{"start":{"line":174,"column":2},"end":{"line":180,"column":3}},"97":{"start":{"line":175,"column":4},"end":{"line":179,"column":5}},"98":{"start":{"line":176,"column":6},"end":{"line":176,"column":33}},"99":{"start":{"line":178,"column":6},"end":{"line":178,"column":16}},"100":{"start":{"line":181,"column":2},"end":{"line":181,"column":51}},"101":{"start":{"line":181,"column":41},"end":{"line":181,"column":51}},"102":{"start":{"line":184,"column":4},"end":{"line":188,"column":10}},"103":{"start":{"line":189,"column":19},"end":{"line":189,"column":30}},"104":{"start":{"line":190,"column":25},"end":{"line":215,"column":4}},"105":{"start":{"line":191,"column":23},"end":{"line":191,"column":69}},"106":{"start":{"line":193,"column":6},"end":{"line":194,"column":16}},"107":{"start":{"line":196,"column":6},"end":{"line":200,"column":67}},"108":{"start":{"line":201,"column":31},"end":{"line":201,"column":68}},"109":{"start":{"line":203,"column":4},"end":{"line":214,"column":6}},"110":{"start":{"line":217,"column":24},"end":{"line":217,"column":90}},"111":{"start":{"line":217,"column":61},"end":{"line":217,"column":89}},"112":{"start":{"line":218,"column":24},"end":{"line":257,"column":4}},"113":{"start":{"line":219,"column":16},"end":{"line":219,"column":66}},"114":{"start":{"line":220,"column":27},"end":{"line":220,"column":59}},"115":{"start":{"line":221,"column":22},"end":{"line":221,"column":57}},"116":{"start":{"line":223,"column":6},"end":{"line":223,"column":99}},"117":{"start":{"line":224,"column":28},"end":{"line":225,"column":null}},"118":{"start":{"line":228,"column":6},"end":{"line":230,"column":42}},"119":{"start":{"line":231,"column":25},"end":{"line":231,"column":108}},"120":{"start":{"line":233,"column":6},"end":{"line":248,"column":12}},"121":{"start":{"line":249,"column":4},"end":{"line":256,"column":6}},"122":{"start":{"line":259,"column":30},"end":{"line":259,"column":70}},"123":{"start":{"line":260,"column":24},"end":{"line":260,"column":99}},"124":{"start":{"line":260,"column":73},"end":{"line":260,"column":95}},"125":{"start":{"line":262,"column":4},"end":{"line":264,"column":21}},"126":{"start":{"line":266,"column":27},"end":{"line":266,"column":62}},"127":{"start":{"line":267,"column":27},"end":{"line":267,"column":62}},"128":{"start":{"line":268,"column":27},"end":{"line":268,"column":62}},"129":{"start":{"line":269,"column":29},"end":{"line":269,"column":66}},"130":{"start":{"line":271,"column":28},"end":{"line":272,"column":null}},"131":{"start":{"line":272,"column":53},"end":{"line":272,"column":81}},"132":{"start":{"line":274,"column":19},"end":{"line":274,"column":56}},"133":{"start":{"line":275,"column":19},"end":{"line":275,"column":47}},"134":{"start":{"line":276,"column":19},"end":{"line":276,"column":40}},"135":{"start":{"line":277,"column":21},"end":{"line":277,"column":77}},"136":{"start":{"line":280,"column":4},"end":{"line":282,"column":9}},"137":{"start":{"line":281,"column":63},"end":{"line":281,"column":77}},"138":{"start":{"line":283,"column":19},"end":{"line":283,"column":78}},"139":{"start":{"line":285,"column":19},"end":{"line":292,"column":4}},"140":{"start":{"line":294,"column":13},"end":{"line":294,"column":85}},"141":{"start":{"line":295,"column":29},"end":{"line":299,"column":null}},"142":{"start":{"line":302,"column":4},"end":{"line":302,"column":74}},"143":{"start":{"line":303,"column":21},"end":{"line":303,"column":76}},"144":{"start":{"line":305,"column":2},"end":{"line":322,"column":4}},"145":{"start":{"line":325,"column":22},"end":{"line":329,"column":2}},"146":{"start":{"line":325,"column":62},"end":{"line":329,"column":2}},"147":{"start":{"line":331,"column":26},"end":{"line":334,"column":1}},"148":{"start":{"line":332,"column":21},"end":{"line":332,"column":77}},"149":{"start":{"line":333,"column":2},"end":{"line":333,"column":28}},"150":{"start":{"line":336,"column":20},"end":{"line":340,"column":1}},"151":{"start":{"line":337,"column":2},"end":{"line":337,"column":30}},"152":{"start":{"line":337,"column":14},"end":{"line":337,"column":30}},"153":{"start":{"line":338,"column":15},"end":{"line":338,"column":30}},"154":{"start":{"line":339,"column":2},"end":{"line":339,"column":56}},"155":{"start":{"line":342,"column":21},"end":{"line":361,"column":1}},"156":{"start":{"line":343,"column":2},"end":{"line":343,"column":50}},"157":{"start":{"line":343,"column":25},"end":{"line":343,"column":50}},"158":{"start":{"line":345,"column":15},"end":{"line":345,"column":36}},"159":{"start":{"line":346,"column":15},"end":{"line":346,"column":44}},"160":{"start":{"line":347,"column":15},"end":{"line":347,"column":36}},"161":{"start":{"line":348,"column":15},"end":{"line":348,"column":36}},"162":{"start":{"line":350,"column":2},"end":{"line":352,"column":3}},"163":{"start":{"line":351,"column":4},"end":{"line":351,"column":59}},"164":{"start":{"line":354,"column":2},"end":{"line":359,"column":5}},"165":{"start":{"line":360,"column":2},"end":{"line":360,"column":27}},"166":{"start":{"line":363,"column":23},"end":{"line":393,"column":1}},"167":{"start":{"line":364,"column":21},"end":{"line":364,"column":60}},"168":{"start":{"line":365,"column":20},"end":{"line":365,"column":83}},"169":{"start":{"line":366,"column":2},"end":{"line":368,"column":3}},"170":{"start":{"line":367,"column":4},"end":{"line":367,"column":66}},"171":{"start":{"line":370,"column":22},"end":{"line":370,"column":42}},"172":{"start":{"line":371,"column":46},"end":{"line":371,"column":51}},"173":{"start":{"line":372,"column":18},"end":{"line":372,"column":47}},"174":{"start":{"line":373,"column":20},"end":{"line":385,"column":4}},"175":{"start":{"line":387,"column":2},"end":{"line":392,"column":5}},"176":{"start":{"line":395,"column":30},"end":{"line":438,"column":1}},"177":{"start":{"line":396,"column":2},"end":{"line":437,"column":3}},"178":{"start":{"line":397,"column":4},"end":{"line":397,"column":96}},"179":{"start":{"line":398,"column":30},"end":{"line":398,"column":49}},"180":{"start":{"line":399,"column":4},"end":{"line":402,"column":5}},"181":{"start":{"line":400,"column":6},"end":{"line":400,"column":92}},"182":{"start":{"line":401,"column":6},"end":{"line":401,"column":45}},"183":{"start":{"line":403,"column":4},"end":{"line":405,"column":5}},"184":{"start":{"line":404,"column":6},"end":{"line":404,"column":80}},"185":{"start":{"line":406,"column":16},"end":{"line":407,"column":81}},"186":{"start":{"line":407,"column":6},"end":{"line":407,"column":81}},"187":{"start":{"line":409,"column":22},"end":{"line":417,"column":6}},"188":{"start":{"line":418,"column":17},"end":{"line":418,"column":37}},"189":{"start":{"line":420,"column":16},"end":{"line":420,"column":66}},"190":{"start":{"line":421,"column":17},"end":{"line":425,"column":6}},"191":{"start":{"line":427,"column":16},"end":{"line":427,"column":41}},"192":{"start":{"line":428,"column":4},"end":{"line":432,"column":5}},"193":{"start":{"line":429,"column":23},"end":{"line":429,"column":55}},"194":{"start":{"line":429,"column":52},"end":{"line":429,"column":54}},"195":{"start":{"line":430,"column":6},"end":{"line":430,"column":87}},"196":{"start":{"line":431,"column":6},"end":{"line":431,"column":63}},"197":{"start":{"line":433,"column":4},"end":{"line":433,"column":24}},"198":{"start":{"line":435,"column":4},"end":{"line":435,"column":51}},"199":{"start":{"line":436,"column":4},"end":{"line":436,"column":32}},"200":{"start":{"line":440,"column":28},"end":{"line":440,"column":37}},"201":{"start":{"line":440,"column":34},"end":{"line":440,"column":37}},"202":{"start":{"line":442,"column":21},"end":{"line":447,"column":1}},"203":{"start":{"line":443,"column":2},"end":{"line":445,"column":3}},"204":{"start":{"line":444,"column":4},"end":{"line":444,"column":28}},"205":{"start":{"line":446,"column":2},"end":{"line":446,"column":16}},"206":{"start":{"line":449,"column":30},"end":{"line":449,"column":86}},"207":{"start":{"line":449,"column":53},"end":{"line":449,"column":86}},"208":{"start":{"line":451,"column":35},"end":{"line":567,"column":1}},"209":{"start":{"line":452,"column":18},"end":{"line":452,"column":42}},"210":{"start":{"line":453,"column":22},"end":{"line":453,"column":64}},"211":{"start":{"line":454,"column":23},"end":{"line":454,"column":77}},"212":{"start":{"line":455,"column":24},"end":{"line":455,"column":69}},"213":{"start":{"line":456,"column":21},"end":{"line":456,"column":76}},"214":{"start":{"line":457,"column":23},"end":{"line":457,"column":69}},"215":{"start":{"line":459,"column":4},"end":{"line":459,"column":107}},"216":{"start":{"line":461,"column":19},"end":{"line":500,"column":13}},"217":{"start":{"line":463,"column":20},"end":{"line":463,"column":46}},"218":{"start":{"line":464,"column":27},"end":{"line":464,"column":90}},"219":{"start":{"line":465,"column":23},"end":{"line":465,"column":98}},"220":{"start":{"line":467,"column":8},"end":{"line":474,"column":null}},"221":{"start":{"line":476,"column":24},"end":{"line":476,"column":87}},"222":{"start":{"line":478,"column":8},"end":{"line":478,"column":85}},"223":{"start":{"line":480,"column":8},"end":{"line":480,"column":111}},"224":{"start":{"line":482,"column":8},"end":{"line":482,"column":76}},"225":{"start":{"line":484,"column":6},"end":{"line":498,"column":15}},"226":{"start":{"line":502,"column":23},"end":{"line":515,"column":8}},"227":{"start":{"line":517,"column":2},"end":{"line":566,"column":12}},"228":{"start":{"line":570,"column":16},"end":{"line":570,"column":63}},"229":{"start":{"line":571,"column":15},"end":{"line":571,"column":38}},"230":{"start":{"line":572,"column":2},"end":{"line":572,"column":33}},"231":{"start":{"line":576,"column":16},"end":{"line":576,"column":63}},"232":{"start":{"line":577,"column":18},"end":{"line":577,"column":47}},"233":{"start":{"line":578,"column":2},"end":{"line":591,"column":4}},"234":{"start":{"line":592,"column":2},"end":{"line":596,"column":3}},"235":{"start":{"line":593,"column":23},"end":{"line":593,"column":73}},"236":{"start":{"line":594,"column":4},"end":{"line":594,"column":27}},"237":{"start":{"line":595,"column":4},"end":{"line":595,"column":16}},"238":{"start":{"line":597,"column":2},"end":{"line":621,"column":3}},"239":{"start":{"line":598,"column":17},"end":{"line":598,"column":90}},"240":{"start":{"line":599,"column":26},"end":{"line":603,"column":10}},"241":{"start":{"line":605,"column":4},"end":{"line":620,"column":5}},"242":{"start":{"line":606,"column":6},"end":{"line":619,"column":52}},"243":{"start":{"line":607,"column":29},"end":{"line":618,"column":10}},"244":{"start":{"line":619,"column":28},"end":{"line":619,"column":50}},"245":{"start":{"line":622,"column":2},"end":{"line":626,"column":3}},"246":{"start":{"line":623,"column":23},"end":{"line":623,"column":56}},"247":{"start":{"line":624,"column":4},"end":{"line":624,"column":27}},"248":{"start":{"line":625,"column":4},"end":{"line":625,"column":16}},"249":{"start":{"line":628,"column":14},"end":{"line":628,"column":24}},"250":{"start":{"line":629,"column":17},"end":{"line":629,"column":56}},"251":{"start":{"line":631,"column":2},"end":{"line":640,"column":3}},"252":{"start":{"line":632,"column":22},"end":{"line":632,"column":92}},"253":{"start":{"line":633,"column":4},"end":{"line":639,"column":5}},"254":{"start":{"line":634,"column":25},"end":{"line":635,"column":null}},"255":{"start":{"line":637,"column":6},"end":{"line":637,"column":29}},"256":{"start":{"line":638,"column":6},"end":{"line":638,"column":18}},"257":{"start":{"line":642,"column":20},"end":{"line":642,"column":64}},"258":{"start":{"line":643,"column":20},"end":{"line":643,"column":64}},"259":{"start":{"line":644,"column":20},"end":{"line":644,"column":39}},"260":{"start":{"line":645,"column":21},"end":{"line":650,"column":4}},"261":{"start":{"line":651,"column":20},"end":{"line":651,"column":43}},"262":{"start":{"line":653,"column":2},"end":{"line":664,"column":3}},"263":{"start":{"line":654,"column":25},"end":{"line":654,"column":77}},"264":{"start":{"line":655,"column":22},"end":{"line":655,"column":61}},"265":{"start":{"line":656,"column":21},"end":{"line":656,"column":68}},"266":{"start":{"line":657,"column":22},"end":{"line":657,"column":60}},"267":{"start":{"line":658,"column":4},"end":{"line":663,"column":5}},"268":{"start":{"line":659,"column":23},"end":{"line":659,"column":60}},"269":{"start":{"line":660,"column":6},"end":{"line":660,"column":74}},"270":{"start":{"line":662,"column":6},"end":{"line":662,"column":93}},"271":{"start":{"line":666,"column":2},"end":{"line":670,"column":3}},"272":{"start":{"line":667,"column":4},"end":{"line":667,"column":36}},"273":{"start":{"line":669,"column":4},"end":{"line":669,"column":84}},"274":{"start":{"line":672,"column":19},"end":{"line":672,"column":43}},"275":{"start":{"line":673,"column":2},"end":{"line":673,"column":34}},"276":{"start":{"line":675,"column":2},"end":{"line":679,"column":3}},"277":{"start":{"line":676,"column":4},"end":{"line":676,"column":77}},"278":{"start":{"line":678,"column":4},"end":{"line":678,"column":86}},"279":{"start":{"line":681,"column":2},"end":{"line":681,"column":48}},"280":{"start":{"line":685,"column":16},"end":{"line":685,"column":63}},"281":{"start":{"line":686,"column":18},"end":{"line":686,"column":54}},"282":{"start":{"line":687,"column":2},"end":{"line":687,"column":49}},"283":{"start":{"line":691,"column":28},"end":{"line":691,"column":47}},"284":{"start":{"line":692,"column":2},"end":{"line":696,"column":3}},"285":{"start":{"line":693,"column":23},"end":{"line":693,"column":92}},"286":{"start":{"line":694,"column":4},"end":{"line":694,"column":27}},"287":{"start":{"line":695,"column":4},"end":{"line":695,"column":16}},"288":{"start":{"line":697,"column":22},"end":{"line":709,"column":4}},"289":{"start":{"line":711,"column":17},"end":{"line":711,"column":50}},"290":{"start":{"line":712,"column":2},"end":{"line":716,"column":3}},"291":{"start":{"line":713,"column":21},"end":{"line":713,"column":97}},"292":{"start":{"line":714,"column":4},"end":{"line":714,"column":25}},"293":{"start":{"line":715,"column":4},"end":{"line":715,"column":14}},"294":{"start":{"line":717,"column":2},"end":{"line":717,"column":22}}},"fnMap":{"0":{"name":"(anonymous_0)","decl":{"start":{"line":18,"column":23},"end":{"line":18,"column":24}},"loc":{"start":{"line":18,"column":42},"end":{"line":21,"column":1}}},"1":{"name":"(anonymous_1)","decl":{"start":{"line":23,"column":17},"end":{"line":23,"column":22}},"loc":{"start":{"line":23,"column":57},"end":{"line":66,"column":1}}},"2":{"name":"(anonymous_2)","decl":{"start":{"line":35,"column":103},"end":{"line":35,"column":104}},"loc":{"start":{"line":35,"column":123},"end":{"line":65,"column":3}}},"3":{"name":"(anonymous_3)","decl":{"start":{"line":47,"column":6},"end":{"line":47,"column":7}},"loc":{"start":{"line":47,"column":19},"end":{"line":59,"column":7}}},"4":{"name":"(anonymous_4)","decl":{"start":{"line":49,"column":28},"end":{"line":49,"column":29}},"loc":{"start":{"line":49,"column":39},"end":{"line":49,"column":57}}},"5":{"name":"(anonymous_5)","decl":{"start":{"line":50,"column":27},"end":{"line":50,"column":30}},"loc":{"start":{"line":50,"column":32},"end":{"line":58,"column":9}}},"6":{"name":"(anonymous_6)","decl":{"start":{"line":56,"column":18},"end":{"line":56,"column":23}},"loc":{"start":{"line":56,"column":30},"end":{"line":56,"column":34}}},"7":{"name":"(anonymous_7)","decl":{"start":{"line":69,"column":30},"end":{"line":69,"column":31}},"loc":{"start":{"line":69,"column":54},"end":{"line":75,"column":1}}},"8":{"name":"(anonymous_8)","decl":{"start":{"line":77,"column":20},"end":{"line":77,"column":21}},"loc":{"start":{"line":77,"column":54},"end":{"line":86,"column":1}}},"9":{"name":"(anonymous_9)","decl":{"start":{"line":88,"column":22},"end":{"line":88,"column":23}},"loc":{"start":{"line":89,"column":2},"end":{"line":89,"column":79}}},"10":{"name":"(anonymous_10)","decl":{"start":{"line":91,"column":33},"end":{"line":91,"column":34}},"loc":{"start":{"line":91,"column":60},"end":{"line":96,"column":1}}},"11":{"name":"(anonymous_11)","decl":{"start":{"line":98,"column":26},"end":{"line":98,"column":27}},"loc":{"start":{"line":98,"column":55},"end":{"line":104,"column":1}}},"12":{"name":"(anonymous_12)","decl":{"start":{"line":106,"column":23},"end":{"line":106,"column":24}},"loc":{"start":{"line":106,"column":61},"end":{"line":126,"column":1}}},"13":{"name":"(anonymous_13)","decl":{"start":{"line":128,"column":31},"end":{"line":128,"column":34}},"loc":{"start":{"line":128,"column":36},"end":{"line":144,"column":1}}},"14":{"name":"(anonymous_14)","decl":{"start":{"line":146,"column":26},"end":{"line":146,"column":29}},"loc":{"start":{"line":146,"column":31},"end":{"line":170,"column":1}}},"15":{"name":"sanitizeOrderPayload","decl":{"start":{"line":172,"column":16},"end":{"line":172,"column":36}},"loc":{"start":{"line":172,"column":49},"end":{"line":323,"column":1}}},"16":{"name":"(anonymous_16)","decl":{"start":{"line":190,"column":38},"end":{"line":190,"column":39}},"loc":{"start":{"line":190,"column":52},"end":{"line":215,"column":3}}},"17":{"name":"(anonymous_17)","decl":{"start":{"line":217,"column":46},"end":{"line":217,"column":47}},"loc":{"start":{"line":217,"column":61},"end":{"line":217,"column":89}}},"18":{"name":"(anonymous_18)","decl":{"start":{"line":218,"column":42},"end":{"line":218,"column":43}},"loc":{"start":{"line":218,"column":56},"end":{"line":257,"column":3}}},"19":{"name":"(anonymous_19)","decl":{"start":{"line":260,"column":45},"end":{"line":260,"column":46}},"loc":{"start":{"line":260,"column":73},"end":{"line":260,"column":95}}},"20":{"name":"(anonymous_20)","decl":{"start":{"line":272,"column":25},"end":{"line":272,"column":26}},"loc":{"start":{"line":272,"column":53},"end":{"line":272,"column":81}}},"21":{"name":"(anonymous_21)","decl":{"start":{"line":281,"column":48},"end":{"line":281,"column":49}},"loc":{"start":{"line":281,"column":63},"end":{"line":281,"column":77}}},"22":{"name":"(anonymous_22)","decl":{"start":{"line":325,"column":22},"end":{"line":325,"column":23}},"loc":{"start":{"line":325,"column":62},"end":{"line":329,"column":2}}},"23":{"name":"(anonymous_23)","decl":{"start":{"line":331,"column":26},"end":{"line":331,"column":29}},"loc":{"start":{"line":331,"column":31},"end":{"line":334,"column":1}}},"24":{"name":"(anonymous_24)","decl":{"start":{"line":336,"column":20},"end":{"line":336,"column":21}},"loc":{"start":{"line":336,"column":51},"end":{"line":340,"column":1}}},"25":{"name":"(anonymous_25)","decl":{"start":{"line":342,"column":21},"end":{"line":342,"column":26}},"loc":{"start":{"line":342,"column":32},"end":{"line":361,"column":1}}},"26":{"name":"(anonymous_26)","decl":{"start":{"line":363,"column":23},"end":{"line":363,"column":28}},"loc":{"start":{"line":363,"column":46},"end":{"line":393,"column":1}}},"27":{"name":"(anonymous_27)","decl":{"start":{"line":395,"column":30},"end":{"line":395,"column":35}},"loc":{"start":{"line":395,"column":62},"end":{"line":438,"column":1}}},"28":{"name":"(anonymous_28)","decl":{"start":{"line":406,"column":16},"end":{"line":406,"column":17}},"loc":{"start":{"line":407,"column":6},"end":{"line":407,"column":81}}},"29":{"name":"(anonymous_29)","decl":{"start":{"line":429,"column":46},"end":{"line":429,"column":49}},"loc":{"start":{"line":429,"column":52},"end":{"line":429,"column":54}}},"30":{"name":"(anonymous_30)","decl":{"start":{"line":440,"column":28},"end":{"line":440,"column":31}},"loc":{"start":{"line":440,"column":34},"end":{"line":440,"column":37}}},"31":{"name":"(anonymous_31)","decl":{"start":{"line":442,"column":21},"end":{"line":442,"column":22}},"loc":{"start":{"line":442,"column":58},"end":{"line":447,"column":1}}},"32":{"name":"(anonymous_32)","decl":{"start":{"line":449,"column":30},"end":{"line":449,"column":31}},"loc":{"start":{"line":449,"column":53},"end":{"line":449,"column":86}}},"33":{"name":"(anonymous_33)","decl":{"start":{"line":451,"column":35},"end":{"line":451,"column":36}},"loc":{"start":{"line":451,"column":52},"end":{"line":567,"column":1}}},"34":{"name":"(anonymous_34)","decl":{"start":{"line":462,"column":9},"end":{"line":462,"column":10}},"loc":{"start":{"line":462,"column":23},"end":{"line":499,"column":5}}},"35":{"name":"listOrders","decl":{"start":{"line":569,"column":22},"end":{"line":569,"column":32}},"loc":{"start":{"line":569,"column":71},"end":{"line":573,"column":1}}},"36":{"name":"createOrder","decl":{"start":{"line":575,"column":22},"end":{"line":575,"column":33}},"loc":{"start":{"line":575,"column":102},"end":{"line":682,"column":1}}},"37":{"name":"(anonymous_37)","decl":{"start":{"line":607,"column":13},"end":{"line":607,"column":14}},"loc":{"start":{"line":607,"column":29},"end":{"line":618,"column":10}}},"38":{"name":"(anonymous_38)","decl":{"start":{"line":619,"column":16},"end":{"line":619,"column":17}},"loc":{"start":{"line":619,"column":28},"end":{"line":619,"column":50}}},"39":{"name":"updateOrderStatus","decl":{"start":{"line":684,"column":22},"end":{"line":684,"column":39}},"loc":{"start":{"line":684,"column":91},"end":{"line":688,"column":1}}},"40":{"name":"notifyTelegramTest","decl":{"start":{"line":690,"column":22},"end":{"line":690,"column":40}},"loc":{"start":{"line":690,"column":40},"end":{"line":718,"column":1}}}},"branchMap":{"0":{"loc":{"start":{"line":19,"column":2},"end":{"line":19,"column":55}},"type":"if","locations":[{"start":{"line":19,"column":2},"end":{"line":19,"column":55}},{"start":{},"end":{}}]},"1":{"loc":{"start":{"line":19,"column":6},"end":{"line":19,"column":43}},"type":"binary-expr","locations":[{"start":{"line":19,"column":6},"end":{"line":19,"column":20}},{"start":{"line":19,"column":24},"end":{"line":19,"column":43}}]},"2":{"loc":{"start":{"line":24,"column":2},"end":{"line":30,"column":3}},"type":"if","locations":[{"start":{"line":24,"column":2},"end":{"line":30,"column":3}},{"start":{},"end":{}}]},"3":{"loc":{"start":{"line":39,"column":14},"end":{"line":39,"column":32}},"type":"binary-expr","locations":[{"start":{"line":39,"column":14},"end":{"line":39,"column":25}},{"start":{"line":39,"column":29},"end":{"line":39,"column":32}}]},"4":{"loc":{"start":{"line":53,"column":19},"end":{"line":53,"column":97}},"type":"binary-expr","locations":[{"start":{"line":53,"column":19},"end":{"line":53,"column":38}},{"start":{"line":53,"column":42},"end":{"line":53,"column":68}},{"start":{"line":53,"column":72},"end":{"line":53,"column":97}}]},"5":{"loc":{"start":{"line":54,"column":20},"end":{"line":54,"column":44}},"type":"binary-expr","locations":[{"start":{"line":54,"column":20},"end":{"line":54,"column":39}},{"start":{"line":54,"column":43},"end":{"line":54,"column":44}}]},"6":{"loc":{"start":{"line":55,"column":24},"end":{"line":55,"column":52}},"type":"binary-expr","locations":[{"start":{"line":55,"column":24},"end":{"line":55,"column":46}},{"start":{"line":55,"column":50},"end":{"line":55,"column":52}}]},"7":{"loc":{"start":{"line":72,"column":4},"end":{"line":72,"column":32}},"type":"if","locations":[{"start":{"line":72,"column":4},"end":{"line":72,"column":32}},{"start":{},"end":{}}]},"8":{"loc":{"start":{"line":78,"column":2},"end":{"line":80,"column":3}},"type":"if","locations":[{"start":{"line":78,"column":2},"end":{"line":80,"column":3}},{"start":{},"end":{}}]},"9":{"loc":{"start":{"line":79,"column":11},"end":{"line":79,"column":48}},"type":"cond-expr","locations":[{"start":{"line":79,"column":36},"end":{"line":79,"column":41}},{"start":{"line":79,"column":44},"end":{"line":79,"column":48}}]},"10":{"loc":{"start":{"line":81,"column":2},"end":{"line":84,"column":3}},"type":"if","locations":[{"start":{"line":81,"column":2},"end":{"line":84,"column":3}},{"start":{},"end":{}}]},"11":{"loc":{"start":{"line":81,"column":6},"end":{"line":81,"column":54}},"type":"binary-expr","locations":[{"start":{"line":81,"column":6},"end":{"line":81,"column":31}},{"start":{"line":81,"column":35},"end":{"line":81,"column":54}}]},"12":{"loc":{"start":{"line":83,"column":11},"end":{"line":83,"column":52}},"type":"cond-expr","locations":[{"start":{"line":83,"column":38},"end":{"line":83,"column":45}},{"start":{"line":83,"column":48},"end":{"line":83,"column":52}}]},"13":{"loc":{"start":{"line":89,"column":2},"end":{"line":89,"column":79}},"type":"cond-expr","locations":[{"start":{"line":89,"column":27},"end":{"line":89,"column":75}},{"start":{"line":89,"column":78},"end":{"line":89,"column":79}}]},"14":{"loc":{"start":{"line":93,"column":2},"end":{"line":93,"column":23}},"type":"if","locations":[{"start":{"line":93,"column":2},"end":{"line":93,"column":23}},{"start":{},"end":{}}]},"15":{"loc":{"start":{"line":95,"column":9},"end":{"line":95,"column":44}},"type":"binary-expr","locations":[{"start":{"line":95,"column":9},"end":{"line":95,"column":38}},{"start":{"line":95,"column":42},"end":{"line":95,"column":44}}]},"16":{"loc":{"start":{"line":101,"column":4},"end":{"line":101,"column":32}},"type":"if","locations":[{"start":{"line":101,"column":4},"end":{"line":101,"column":32}},{"start":{},"end":{}}]},"17":{"loc":{"start":{"line":106,"column":40},"end":{"line":106,"column":57}},"type":"default-arg","locations":[{"start":{"line":106,"column":55},"end":{"line":106,"column":57}}]},"18":{"loc":{"start":{"line":107,"column":2},"end":{"line":107,"column":46}},"type":"if","locations":[{"start":{"line":107,"column":2},"end":{"line":107,"column":46}},{"start":{},"end":{}}]},"19":{"loc":{"start":{"line":108,"column":2},"end":{"line":111,"column":3}},"type":"if","locations":[{"start":{"line":108,"column":2},"end":{"line":111,"column":3}},{"start":{},"end":{}}]},"20":{"loc":{"start":{"line":108,"column":6},"end":{"line":108,"column":83}},"type":"binary-expr","locations":[{"start":{"line":108,"column":6},"end":{"line":108,"column":11}},{"start":{"line":108,"column":15},"end":{"line":108,"column":40}},{"start":{"line":108,"column":44},"end":{"line":108,"column":83}}]},"21":{"loc":{"start":{"line":110,"column":4},"end":{"line":110,"column":56}},"type":"if","locations":[{"start":{"line":110,"column":4},"end":{"line":110,"column":56}},{"start":{},"end":{}}]},"22":{"loc":{"start":{"line":112,"column":2},"end":{"line":120,"column":3}},"type":"if","locations":[{"start":{"line":112,"column":2},"end":{"line":120,"column":3}},{"start":{},"end":{}}]},"23":{"loc":{"start":{"line":114,"column":4},"end":{"line":119,"column":5}},"type":"if","locations":[{"start":{"line":114,"column":4},"end":{"line":119,"column":5}},{"start":{},"end":{}}]},"24":{"loc":{"start":{"line":115,"column":6},"end":{"line":115,"column":66}},"type":"if","locations":[{"start":{"line":115,"column":6},"end":{"line":115,"column":66}},{"start":{},"end":{}}]},"25":{"loc":{"start":{"line":121,"column":2},"end":{"line":124,"column":3}},"type":"if","locations":[{"start":{"line":121,"column":2},"end":{"line":124,"column":3}},{"start":{},"end":{}}]},"26":{"loc":{"start":{"line":121,"column":6},"end":{"line":121,"column":77}},"type":"binary-expr","locations":[{"start":{"line":121,"column":6},"end":{"line":121,"column":18}},{"start":{"line":121,"column":22},"end":{"line":121,"column":54}},{"start":{"line":121,"column":58},"end":{"line":121,"column":77}}]},"27":{"loc":{"start":{"line":132,"column":4},"end":{"line":132,"column":48}},"type":"if","locations":[{"start":{"line":132,"column":4},"end":{"line":132,"column":48}},{"start":{},"end":{}}]},"28":{"loc":{"start":{"line":134,"column":4},"end":{"line":134,"column":31}},"type":"if","locations":[{"start":{"line":134,"column":4},"end":{"line":134,"column":31}},{"start":{},"end":{}}]},"29":{"loc":{"start":{"line":137,"column":28},"end":{"line":137,"column":86}},"type":"binary-expr","locations":[{"start":{"line":137,"column":28},"end":{"line":137,"column":43}},{"start":{"line":137,"column":47},"end":{"line":137,"column":59}},{"start":{"line":137,"column":63},"end":{"line":137,"column":86}}]},"30":{"loc":{"start":{"line":138,"column":29},"end":{"line":138,"column":94}},"type":"binary-expr","locations":[{"start":{"line":138,"column":29},"end":{"line":138,"column":42}},{"start":{"line":138,"column":46},"end":{"line":138,"column":67}},{"start":{"line":138,"column":71},"end":{"line":138,"column":94}}]},"31":{"loc":{"start":{"line":147,"column":2},"end":{"line":147,"column":56}},"type":"if","locations":[{"start":{"line":147,"column":2},"end":{"line":147,"column":56}},{"start":{},"end":{}}]},"32":{"loc":{"start":{"line":149,"column":4},"end":{"line":149,"column":40}},"type":"binary-expr","locations":[{"start":{"line":149,"column":4},"end":{"line":149,"column":34}},{"start":{"line":149,"column":38},"end":{"line":149,"column":40}}]},"33":{"loc":{"start":{"line":150,"column":4},"end":{"line":150,"column":45}},"type":"binary-expr","locations":[{"start":{"line":150,"column":4},"end":{"line":150,"column":39}},{"start":{"line":150,"column":43},"end":{"line":150,"column":45}}]},"34":{"loc":{"start":{"line":151,"column":4},"end":{"line":151,"column":50}},"type":"binary-expr","locations":[{"start":{"line":151,"column":4},"end":{"line":151,"column":44}},{"start":{"line":151,"column":48},"end":{"line":151,"column":50}}]},"35":{"loc":{"start":{"line":152,"column":4},"end":{"line":152,"column":43}},"type":"binary-expr","locations":[{"start":{"line":152,"column":4},"end":{"line":152,"column":37}},{"start":{"line":152,"column":41},"end":{"line":152,"column":43}}]},"36":{"loc":{"start":{"line":155,"column":4},"end":{"line":155,"column":38}},"type":"binary-expr","locations":[{"start":{"line":155,"column":4},"end":{"line":155,"column":32}},{"start":{"line":155,"column":36},"end":{"line":155,"column":38}}]},"37":{"loc":{"start":{"line":156,"column":4},"end":{"line":156,"column":43}},"type":"binary-expr","locations":[{"start":{"line":156,"column":4},"end":{"line":156,"column":37}},{"start":{"line":156,"column":41},"end":{"line":156,"column":43}}]},"38":{"loc":{"start":{"line":157,"column":4},"end":{"line":157,"column":48}},"type":"binary-expr","locations":[{"start":{"line":157,"column":4},"end":{"line":157,"column":42}},{"start":{"line":157,"column":46},"end":{"line":157,"column":48}}]},"39":{"loc":{"start":{"line":158,"column":4},"end":{"line":158,"column":41}},"type":"binary-expr","locations":[{"start":{"line":158,"column":4},"end":{"line":158,"column":35}},{"start":{"line":158,"column":39},"end":{"line":158,"column":41}}]},"40":{"loc":{"start":{"line":160,"column":2},"end":{"line":163,"column":3}},"type":"if","locations":[{"start":{"line":160,"column":2},"end":{"line":163,"column":3}},{"start":{},"end":{}}]},"41":{"loc":{"start":{"line":160,"column":6},"end":{"line":160,"column":25}},"type":"binary-expr","locations":[{"start":{"line":160,"column":6},"end":{"line":160,"column":14}},{"start":{"line":160,"column":18},"end":{"line":160,"column":25}}]},"42":{"loc":{"start":{"line":166,"column":11},"end":{"line":166,"column":54}},"type":"binary-expr","locations":[{"start":{"line":166,"column":11},"end":{"line":166,"column":19}},{"start":{"line":166,"column":24},"end":{"line":166,"column":48}},{"start":{"line":166,"column":52},"end":{"line":166,"column":54}}]},"43":{"loc":{"start":{"line":167,"column":12},"end":{"line":167,"column":55}},"type":"binary-expr","locations":[{"start":{"line":167,"column":12},"end":{"line":167,"column":19}},{"start":{"line":167,"column":24},"end":{"line":167,"column":49}},{"start":{"line":167,"column":53},"end":{"line":167,"column":55}}]},"44":{"loc":{"start":{"line":174,"column":2},"end":{"line":180,"column":3}},"type":"if","locations":[{"start":{"line":174,"column":2},"end":{"line":180,"column":3}},{"start":{},"end":{}}]},"45":{"loc":{"start":{"line":174,"column":6},"end":{"line":174,"column":58}},"type":"binary-expr","locations":[{"start":{"line":174,"column":6},"end":{"line":174,"column":33}},{"start":{"line":174,"column":37},"end":{"line":174,"column":58}}]},"46":{"loc":{"start":{"line":181,"column":2},"end":{"line":181,"column":51}},"type":"if","locations":[{"start":{"line":181,"column":2},"end":{"line":181,"column":51}},{"start":{},"end":{}}]},"47":{"loc":{"start":{"line":181,"column":6},"end":{"line":181,"column":39}},"type":"binary-expr","locations":[{"start":{"line":181,"column":6},"end":{"line":181,"column":11}},{"start":{"line":181,"column":15},"end":{"line":181,"column":39}}]},"48":{"loc":{"start":{"line":184,"column":4},"end":{"line":188,"column":10}},"type":"cond-expr","locations":[{"start":{"line":185,"column":8},"end":{"line":185,"column":18}},{"start":{"line":186,"column":8},"end":{"line":188,"column":10}}]},"49":{"loc":{"start":{"line":184,"column":4},"end":{"line":184,"column":54}},"type":"binary-expr","locations":[{"start":{"line":184,"column":4},"end":{"line":184,"column":29}},{"start":{"line":184,"column":33},"end":{"line":184,"column":54}}]},"50":{"loc":{"start":{"line":186,"column":8},"end":{"line":188,"column":10}},"type":"cond-expr","locations":[{"start":{"line":187,"column":8},"end":{"line":187,"column":23}},{"start":{"line":188,"column":8},"end":{"line":188,"column":10}}]},"51":{"loc":{"start":{"line":186,"column":8},"end":{"line":186,"column":68}},"type":"binary-expr","locations":[{"start":{"line":186,"column":8},"end":{"line":186,"column":38}},{"start":{"line":186,"column":42},"end":{"line":186,"column":68}}]},"52":{"loc":{"start":{"line":191,"column":23},"end":{"line":191,"column":69}},"type":"binary-expr","locations":[{"start":{"line":191,"column":23},"end":{"line":191,"column":36}},{"start":{"line":191,"column":40},"end":{"line":191,"column":61}},{"start":{"line":191,"column":65},"end":{"line":191,"column":69}}]},"53":{"loc":{"start":{"line":193,"column":6},"end":{"line":194,"column":16}},"type":"binary-expr","locations":[{"start":{"line":193,"column":6},"end":{"line":193,"column":93}},{"start":{"line":194,"column":6},"end":{"line":194,"column":16}}]},"54":{"loc":{"start":{"line":193,"column":21},"end":{"line":193,"column":92}},"type":"binary-expr","locations":[{"start":{"line":193,"column":21},"end":{"line":193,"column":37}},{"start":{"line":193,"column":41},"end":{"line":193,"column":57}},{"start":{"line":193,"column":61},"end":{"line":193,"column":78}},{"start":{"line":193,"column":82},"end":{"line":193,"column":92}}]},"55":{"loc":{"start":{"line":196,"column":6},"end":{"line":200,"column":67}},"type":"binary-expr","locations":[{"start":{"line":196,"column":6},"end":{"line":199,"column":null}},{"start":{"line":200,"column":11},"end":{"line":200,"column":35}},{"start":{"line":200,"column":39},"end":{"line":200,"column":67}}]},"56":{"loc":{"start":{"line":197,"column":8},"end":{"line":199,"column":29}},"type":"cond-expr","locations":[{"start":{"line":198,"column":12},"end":{"line":198,"column":65}},{"start":{"line":199,"column":12},"end":{"line":199,"column":29}}]},"57":{"loc":{"start":{"line":197,"column":8},"end":{"line":197,"column":75}},"type":"binary-expr","locations":[{"start":{"line":197,"column":8},"end":{"line":197,"column":45}},{"start":{"line":197,"column":49},"end":{"line":197,"column":75}}]},"58":{"loc":{"start":{"line":198,"column":12},"end":{"line":198,"column":65}},"type":"binary-expr","locations":[{"start":{"line":198,"column":12},"end":{"line":198,"column":37}},{"start":{"line":198,"column":41},"end":{"line":198,"column":65}}]},"59":{"loc":{"start":{"line":201,"column":46},"end":{"line":201,"column":67}},"type":"binary-expr","locations":[{"start":{"line":201,"column":46},"end":{"line":201,"column":61}},{"start":{"line":201,"column":65},"end":{"line":201,"column":67}}]},"60":{"loc":{"start":{"line":205,"column":13},"end":{"line":205,"column":57}},"type":"binary-expr","locations":[{"start":{"line":205,"column":13},"end":{"line":205,"column":40}},{"start":{"line":205,"column":44},"end":{"line":205,"column":57}}]},"61":{"loc":{"start":{"line":206,"column":23},"end":{"line":206,"column":42}},"type":"binary-expr","locations":[{"start":{"line":206,"column":23},"end":{"line":206,"column":37}},{"start":{"line":206,"column":41},"end":{"line":206,"column":42}}]},"62":{"loc":{"start":{"line":212,"column":15},"end":{"line":212,"column":94}},"type":"cond-expr","locations":[{"start":{"line":212,"column":53},"end":{"line":212,"column":87}},{"start":{"line":212,"column":90},"end":{"line":212,"column":94}}]},"63":{"loc":{"start":{"line":217,"column":61},"end":{"line":217,"column":89}},"type":"binary-expr","locations":[{"start":{"line":217,"column":61},"end":{"line":217,"column":68}},{"start":{"line":217,"column":72},"end":{"line":217,"column":89}}]},"64":{"loc":{"start":{"line":219,"column":16},"end":{"line":219,"column":66}},"type":"cond-expr","locations":[{"start":{"line":219,"column":49},"end":{"line":219,"column":62}},{"start":{"line":219,"column":65},"end":{"line":219,"column":66}}]},"65":{"loc":{"start":{"line":220,"column":27},"end":{"line":220,"column":59}},"type":"binary-expr","locations":[{"start":{"line":220,"column":27},"end":{"line":220,"column":54}},{"start":{"line":220,"column":58},"end":{"line":220,"column":59}}]},"66":{"loc":{"start":{"line":223,"column":6},"end":{"line":223,"column":99}},"type":"binary-expr","locations":[{"start":{"line":223,"column":6},"end":{"line":223,"column":85}},{"start":{"line":223,"column":89},"end":{"line":223,"column":99}}]},"67":{"loc":{"start":{"line":223,"column":21},"end":{"line":223,"column":84}},"type":"binary-expr","locations":[{"start":{"line":223,"column":21},"end":{"line":223,"column":39}},{"start":{"line":223,"column":43},"end":{"line":223,"column":62}},{"start":{"line":223,"column":66},"end":{"line":223,"column":84}}]},"68":{"loc":{"start":{"line":225,"column":6},"end":{"line":225,"column":98}},"type":"binary-expr","locations":[{"start":{"line":225,"column":6},"end":{"line":225,"column":28}},{"start":{"line":225,"column":32},"end":{"line":225,"column":54}},{"start":{"line":225,"column":58},"end":{"line":225,"column":98}}]},"69":{"loc":{"start":{"line":228,"column":6},"end":{"line":230,"column":42}},"type":"cond-expr","locations":[{"start":{"line":229,"column":10},"end":{"line":229,"column":80}},{"start":{"line":230,"column":10},"end":{"line":230,"column":42}}]},"70":{"loc":{"start":{"line":228,"column":6},"end":{"line":228,"column":77}},"type":"binary-expr","locations":[{"start":{"line":228,"column":6},"end":{"line":228,"column":45}},{"start":{"line":228,"column":49},"end":{"line":228,"column":77}}]},"71":{"loc":{"start":{"line":229,"column":22},"end":{"line":229,"column":79}},"type":"binary-expr","locations":[{"start":{"line":229,"column":22},"end":{"line":229,"column":49}},{"start":{"line":229,"column":53},"end":{"line":229,"column":79}}]},"72":{"loc":{"start":{"line":231,"column":25},"end":{"line":231,"column":108}},"type":"cond-expr","locations":[{"start":{"line":231,"column":60},"end":{"line":231,"column":91}},{"start":{"line":231,"column":94},"end":{"line":231,"column":108}}]},"73":{"loc":{"start":{"line":233,"column":6},"end":{"line":248,"column":12}},"type":"cond-expr","locations":[{"start":{"line":234,"column":10},"end":{"line":241,"column":null}},{"start":{"line":242,"column":10},"end":{"line":248,"column":12}}]},"74":{"loc":{"start":{"line":233,"column":6},"end":{"line":233,"column":86}},"type":"binary-expr","locations":[{"start":{"line":233,"column":6},"end":{"line":233,"column":18}},{"start":{"line":233,"column":22},"end":{"line":233,"column":54}},{"start":{"line":233,"column":58},"end":{"line":233,"column":86}}]},"75":{"loc":{"start":{"line":236,"column":18},"end":{"line":236,"column":102}},"type":"binary-expr","locations":[{"start":{"line":236,"column":18},"end":{"line":236,"column":73}},{"start":{"line":236,"column":77},"end":{"line":236,"column":102}}]},"76":{"loc":{"start":{"line":236,"column":33},"end":{"line":236,"column":72}},"type":"binary-expr","locations":[{"start":{"line":236,"column":33},"end":{"line":236,"column":50}},{"start":{"line":236,"column":54},"end":{"line":236,"column":72}}]},"77":{"loc":{"start":{"line":237,"column":19},"end":{"line":237,"column":89}},"type":"binary-expr","locations":[{"start":{"line":237,"column":19},"end":{"line":237,"column":74}},{"start":{"line":237,"column":78},"end":{"line":237,"column":89}}]},"78":{"loc":{"start":{"line":237,"column":34},"end":{"line":237,"column":73}},"type":"binary-expr","locations":[{"start":{"line":237,"column":34},"end":{"line":237,"column":52}},{"start":{"line":237,"column":56},"end":{"line":237,"column":73}}]},"79":{"loc":{"start":{"line":239,"column":22},"end":{"line":239,"column":46}},"type":"binary-expr","locations":[{"start":{"line":239,"column":22},"end":{"line":239,"column":37}},{"start":{"line":239,"column":41},"end":{"line":239,"column":46}}]},"80":{"loc":{"start":{"line":246,"column":22},"end":{"line":246,"column":46}},"type":"binary-expr","locations":[{"start":{"line":246,"column":22},"end":{"line":246,"column":37}},{"start":{"line":246,"column":41},"end":{"line":246,"column":46}}]},"81":{"loc":{"start":{"line":260,"column":80},"end":{"line":260,"column":94}},"type":"binary-expr","locations":[{"start":{"line":260,"column":80},"end":{"line":260,"column":89}},{"start":{"line":260,"column":93},"end":{"line":260,"column":94}}]},"82":{"loc":{"start":{"line":262,"column":4},"end":{"line":264,"column":21}},"type":"cond-expr","locations":[{"start":{"line":263,"column":8},"end":{"line":263,"column":27}},{"start":{"line":264,"column":8},"end":{"line":264,"column":21}}]},"83":{"loc":{"start":{"line":262,"column":4},"end":{"line":262,"column":68}},"type":"binary-expr","locations":[{"start":{"line":262,"column":4},"end":{"line":262,"column":40}},{"start":{"line":262,"column":44},"end":{"line":262,"column":68}}]},"84":{"loc":{"start":{"line":272,"column":60},"end":{"line":272,"column":80}},"type":"binary-expr","locations":[{"start":{"line":272,"column":60},"end":{"line":272,"column":75}},{"start":{"line":272,"column":79},"end":{"line":272,"column":80}}]},"85":{"loc":{"start":{"line":274,"column":19},"end":{"line":274,"column":56}},"type":"binary-expr","locations":[{"start":{"line":274,"column":19},"end":{"line":274,"column":35}},{"start":{"line":274,"column":39},"end":{"line":274,"column":56}}]},"86":{"loc":{"start":{"line":275,"column":19},"end":{"line":275,"column":47}},"type":"binary-expr","locations":[{"start":{"line":275,"column":19},"end":{"line":275,"column":35}},{"start":{"line":275,"column":39},"end":{"line":275,"column":47}}]},"87":{"loc":{"start":{"line":276,"column":19},"end":{"line":276,"column":40}},"type":"binary-expr","locations":[{"start":{"line":276,"column":19},"end":{"line":276,"column":35}},{"start":{"line":276,"column":39},"end":{"line":276,"column":40}}]},"88":{"loc":{"start":{"line":277,"column":21},"end":{"line":277,"column":77}},"type":"binary-expr","locations":[{"start":{"line":277,"column":21},"end":{"line":277,"column":39}},{"start":{"line":277,"column":43},"end":{"line":277,"column":77}}]},"89":{"loc":{"start":{"line":280,"column":4},"end":{"line":282,"column":9}},"type":"binary-expr","locations":[{"start":{"line":280,"column":4},"end":{"line":280,"column":42}},{"start":{"line":281,"column":4},"end":{"line":281,"column":96}},{"start":{"line":282,"column":4},"end":{"line":282,"column":9}}]},"90":{"loc":{"start":{"line":281,"column":29},"end":{"line":281,"column":95}},"type":"binary-expr","locations":[{"start":{"line":281,"column":29},"end":{"line":281,"column":89}},{"start":{"line":281,"column":93},"end":{"line":281,"column":95}}]},"91":{"loc":{"start":{"line":283,"column":19},"end":{"line":283,"column":78}},"type":"cond-expr","locations":[{"start":{"line":283,"column":39},"end":{"line":283,"column":70}},{"start":{"line":283,"column":73},"end":{"line":283,"column":78}}]},"92":{"loc":{"start":{"line":294,"column":13},"end":{"line":294,"column":85}},"type":"binary-expr","locations":[{"start":{"line":294,"column":13},"end":{"line":294,"column":36}},{"start":{"line":294,"column":40},"end":{"line":294,"column":85}}]},"93":{"loc":{"start":{"line":302,"column":4},"end":{"line":302,"column":74}},"type":"binary-expr","locations":[{"start":{"line":302,"column":4},"end":{"line":302,"column":22}},{"start":{"line":302,"column":26},"end":{"line":302,"column":40}},{"start":{"line":302,"column":44},"end":{"line":302,"column":58}},{"start":{"line":302,"column":62},"end":{"line":302,"column":74}}]},"94":{"loc":{"start":{"line":308,"column":19},"end":{"line":308,"column":75}},"type":"binary-expr","locations":[{"start":{"line":308,"column":19},"end":{"line":308,"column":53}},{"start":{"line":308,"column":57},"end":{"line":308,"column":75}}]},"95":{"loc":{"start":{"line":309,"column":12},"end":{"line":309,"column":52}},"type":"binary-expr","locations":[{"start":{"line":309,"column":12},"end":{"line":309,"column":39}},{"start":{"line":309,"column":43},"end":{"line":309,"column":52}}]},"96":{"loc":{"start":{"line":311,"column":13},"end":{"line":311,"column":59}},"type":"cond-expr","locations":[{"start":{"line":311,"column":44},"end":{"line":311,"column":55}},{"start":{"line":311,"column":58},"end":{"line":311,"column":59}}]},"97":{"loc":{"start":{"line":312,"column":16},"end":{"line":312,"column":72}},"type":"cond-expr","locations":[{"start":{"line":312,"column":44},"end":{"line":312,"column":52}},{"start":{"line":312,"column":55},"end":{"line":312,"column":72}}]},"98":{"loc":{"start":{"line":313,"column":16},"end":{"line":313,"column":72}},"type":"cond-expr","locations":[{"start":{"line":313,"column":44},"end":{"line":313,"column":52}},{"start":{"line":313,"column":55},"end":{"line":313,"column":72}}]},"99":{"loc":{"start":{"line":314,"column":16},"end":{"line":314,"column":56}},"type":"cond-expr","locations":[{"start":{"line":314,"column":44},"end":{"line":314,"column":52}},{"start":{"line":314,"column":55},"end":{"line":314,"column":56}}]},"100":{"loc":{"start":{"line":315,"column":18},"end":{"line":317,"column":128}},"type":"cond-expr","locations":[{"start":{"line":316,"column":10},"end":{"line":316,"column":20}},{"start":{"line":317,"column":10},"end":{"line":317,"column":128}}]},"101":{"loc":{"start":{"line":317,"column":25},"end":{"line":317,"column":81}},"type":"cond-expr","locations":[{"start":{"line":317,"column":53},"end":{"line":317,"column":61}},{"start":{"line":317,"column":64},"end":{"line":317,"column":81}}]},"102":{"loc":{"start":{"line":317,"column":86},"end":{"line":317,"column":126}},"type":"cond-expr","locations":[{"start":{"line":317,"column":114},"end":{"line":317,"column":122}},{"start":{"line":317,"column":125},"end":{"line":317,"column":126}}]},"103":{"loc":{"start":{"line":327,"column":14},"end":{"line":327,"column":81}},"type":"cond-expr","locations":[{"start":{"line":327,"column":47},"end":{"line":327,"column":68}},{"start":{"line":327,"column":71},"end":{"line":327,"column":81}}]},"104":{"loc":{"start":{"line":337,"column":2},"end":{"line":337,"column":30}},"type":"if","locations":[{"start":{"line":337,"column":2},"end":{"line":337,"column":30}},{"start":{},"end":{}}]},"105":{"loc":{"start":{"line":339,"column":9},"end":{"line":339,"column":55}},"type":"cond-expr","locations":[{"start":{"line":339,"column":40},"end":{"line":339,"column":48}},{"start":{"line":339,"column":51},"end":{"line":339,"column":55}}]},"106":{"loc":{"start":{"line":343,"column":2},"end":{"line":343,"column":50}},"type":"if","locations":[{"start":{"line":343,"column":2},"end":{"line":343,"column":50}},{"start":{},"end":{}}]},"107":{"loc":{"start":{"line":350,"column":2},"end":{"line":352,"column":3}},"type":"if","locations":[{"start":{"line":350,"column":2},"end":{"line":352,"column":3}},{"start":{},"end":{}}]},"108":{"loc":{"start":{"line":350,"column":6},"end":{"line":350,"column":38}},"type":"binary-expr","locations":[{"start":{"line":350,"column":6},"end":{"line":350,"column":11}},{"start":{"line":350,"column":15},"end":{"line":350,"column":20}},{"start":{"line":350,"column":24},"end":{"line":350,"column":29}},{"start":{"line":350,"column":33},"end":{"line":350,"column":38}}]},"109":{"loc":{"start":{"line":365,"column":35},"end":{"line":365,"column":82}},"type":"binary-expr","locations":[{"start":{"line":365,"column":35},"end":{"line":365,"column":57}},{"start":{"line":365,"column":61},"end":{"line":365,"column":82}}]},"110":{"loc":{"start":{"line":366,"column":2},"end":{"line":368,"column":3}},"type":"if","locations":[{"start":{"line":366,"column":2},"end":{"line":368,"column":3}},{"start":{},"end":{}}]},"111":{"loc":{"start":{"line":366,"column":6},"end":{"line":366,"column":31}},"type":"binary-expr","locations":[{"start":{"line":366,"column":6},"end":{"line":366,"column":17}},{"start":{"line":366,"column":21},"end":{"line":366,"column":31}}]},"112":{"loc":{"start":{"line":381,"column":14},"end":{"line":381,"column":35}},"type":"binary-expr","locations":[{"start":{"line":381,"column":14},"end":{"line":381,"column":28}},{"start":{"line":381,"column":32},"end":{"line":381,"column":35}}]},"113":{"loc":{"start":{"line":397,"column":50},"end":{"line":397,"column":92}},"type":"binary-expr","locations":[{"start":{"line":397,"column":50},"end":{"line":397,"column":66}},{"start":{"line":397,"column":70},"end":{"line":397,"column":79}},{"start":{"line":397,"column":83},"end":{"line":397,"column":92}}]},"114":{"loc":{"start":{"line":399,"column":4},"end":{"line":402,"column":5}},"type":"if","locations":[{"start":{"line":399,"column":4},"end":{"line":402,"column":5}},{"start":{},"end":{}}]},"115":{"loc":{"start":{"line":399,"column":8},"end":{"line":399,"column":25}},"type":"binary-expr","locations":[{"start":{"line":399,"column":8},"end":{"line":399,"column":14}},{"start":{"line":399,"column":18},"end":{"line":399,"column":25}}]},"116":{"loc":{"start":{"line":403,"column":4},"end":{"line":405,"column":5}},"type":"if","locations":[{"start":{"line":403,"column":4},"end":{"line":405,"column":5}},{"start":{},"end":{}}]},"117":{"loc":{"start":{"line":407,"column":6},"end":{"line":407,"column":81}},"type":"cond-expr","locations":[{"start":{"line":407,"column":62},"end":{"line":407,"column":65}},{"start":{"line":407,"column":68},"end":{"line":407,"column":81}}]},"118":{"loc":{"start":{"line":407,"column":6},"end":{"line":407,"column":59}},"type":"binary-expr","locations":[{"start":{"line":407,"column":6},"end":{"line":407,"column":20}},{"start":{"line":407,"column":24},"end":{"line":407,"column":43}},{"start":{"line":407,"column":47},"end":{"line":407,"column":59}}]},"119":{"loc":{"start":{"line":415,"column":24},"end":{"line":415,"column":70}},"type":"binary-expr","locations":[{"start":{"line":415,"column":24},"end":{"line":415,"column":43}},{"start":{"line":415,"column":47},"end":{"line":415,"column":70}}]},"120":{"loc":{"start":{"line":416,"column":27},"end":{"line":416,"column":57}},"type":"binary-expr","locations":[{"start":{"line":416,"column":27},"end":{"line":416,"column":43}},{"start":{"line":416,"column":47},"end":{"line":416,"column":57}}]},"121":{"loc":{"start":{"line":428,"column":4},"end":{"line":432,"column":5}},"type":"if","locations":[{"start":{"line":428,"column":4},"end":{"line":432,"column":5}},{"start":{},"end":{}}]},"122":{"loc":{"start":{"line":430,"column":59},"end":{"line":430,"column":85}},"type":"binary-expr","locations":[{"start":{"line":430,"column":59},"end":{"line":430,"column":67}},{"start":{"line":430,"column":71},"end":{"line":430,"column":85}}]},"123":{"loc":{"start":{"line":443,"column":2},"end":{"line":445,"column":3}},"type":"if","locations":[{"start":{"line":443,"column":2},"end":{"line":445,"column":3}},{"start":{},"end":{}}]},"124":{"loc":{"start":{"line":443,"column":6},"end":{"line":443,"column":57}},"type":"binary-expr","locations":[{"start":{"line":443,"column":6},"end":{"line":443,"column":31}},{"start":{"line":443,"column":35},"end":{"line":443,"column":57}}]},"125":{"loc":{"start":{"line":449,"column":53},"end":{"line":449,"column":86}},"type":"binary-expr","locations":[{"start":{"line":449,"column":53},"end":{"line":449,"column":77}},{"start":{"line":449,"column":81},"end":{"line":449,"column":86}}]},"126":{"loc":{"start":{"line":453,"column":37},"end":{"line":453,"column":63}},"type":"binary-expr","locations":[{"start":{"line":453,"column":37},"end":{"line":453,"column":52}},{"start":{"line":453,"column":56},"end":{"line":453,"column":63}}]},"127":{"loc":{"start":{"line":454,"column":23},"end":{"line":454,"column":77}},"type":"binary-expr","locations":[{"start":{"line":454,"column":23},"end":{"line":454,"column":59}},{"start":{"line":454,"column":63},"end":{"line":454,"column":77}}]},"128":{"loc":{"start":{"line":456,"column":21},"end":{"line":456,"column":76}},"type":"binary-expr","locations":[{"start":{"line":456,"column":21},"end":{"line":456,"column":45}},{"start":{"line":456,"column":49},"end":{"line":456,"column":71}},{"start":{"line":456,"column":75},"end":{"line":456,"column":76}}]},"129":{"loc":{"start":{"line":459,"column":4},"end":{"line":459,"column":107}},"type":"binary-expr","locations":[{"start":{"line":459,"column":4},"end":{"line":459,"column":42}},{"start":{"line":459,"column":46},"end":{"line":459,"column":107}}]},"130":{"loc":{"start":{"line":464,"column":42},"end":{"line":464,"column":89}},"type":"binary-expr","locations":[{"start":{"line":464,"column":42},"end":{"line":464,"column":60}},{"start":{"line":464,"column":64},"end":{"line":464,"column":83}},{"start":{"line":464,"column":87},"end":{"line":464,"column":89}}]},"131":{"loc":{"start":{"line":465,"column":23},"end":{"line":465,"column":98}},"type":"cond-expr","locations":[{"start":{"line":465,"column":56},"end":{"line":465,"column":69}},{"start":{"line":465,"column":72},"end":{"line":465,"column":98}}]},"132":{"loc":{"start":{"line":465,"column":72},"end":{"line":465,"column":98}},"type":"binary-expr","locations":[{"start":{"line":465,"column":72},"end":{"line":465,"column":93}},{"start":{"line":465,"column":97},"end":{"line":465,"column":98}}]},"133":{"loc":{"start":{"line":465,"column":79},"end":{"line":465,"column":92}},"type":"binary-expr","locations":[{"start":{"line":465,"column":79},"end":{"line":465,"column":87}},{"start":{"line":465,"column":91},"end":{"line":465,"column":92}}]},"134":{"loc":{"start":{"line":467,"column":8},"end":{"line":474,"column":null}},"type":"cond-expr","locations":[{"start":{"line":468,"column":12},"end":{"line":468,"column":30}},{"start":{"line":469,"column":12},"end":{"line":474,"column":null}}]},"135":{"loc":{"start":{"line":469,"column":12},"end":{"line":474,"column":null}},"type":"cond-expr","locations":[{"start":{"line":470,"column":12},"end":{"line":470,"column":31}},{"start":{"line":471,"column":12},"end":{"line":474,"column":null}}]},"136":{"loc":{"start":{"line":472,"column":21},"end":{"line":472,"column":41}},"type":"binary-expr","locations":[{"start":{"line":472,"column":21},"end":{"line":472,"column":35}},{"start":{"line":472,"column":39},"end":{"line":472,"column":41}}]},"137":{"loc":{"start":{"line":476,"column":24},"end":{"line":476,"column":87}},"type":"cond-expr","locations":[{"start":{"line":476,"column":62},"end":{"line":476,"column":80}},{"start":{"line":476,"column":83},"end":{"line":476,"column":87}}]},"138":{"loc":{"start":{"line":478,"column":8},"end":{"line":478,"column":85}},"type":"cond-expr","locations":[{"start":{"line":478,"column":58},"end":{"line":478,"column":78}},{"start":{"line":478,"column":81},"end":{"line":478,"column":85}}]},"139":{"loc":{"start":{"line":478,"column":8},"end":{"line":478,"column":55}},"type":"binary-expr","locations":[{"start":{"line":478,"column":8},"end":{"line":478,"column":26}},{"start":{"line":478,"column":30},"end":{"line":478,"column":55}}]},"140":{"loc":{"start":{"line":480,"column":8},"end":{"line":480,"column":111}},"type":"cond-expr","locations":[{"start":{"line":480,"column":29},"end":{"line":480,"column":71}},{"start":{"line":480,"column":74},"end":{"line":480,"column":111}}]},"141":{"loc":{"start":{"line":480,"column":74},"end":{"line":480,"column":111}},"type":"binary-expr","locations":[{"start":{"line":480,"column":74},"end":{"line":480,"column":104}},{"start":{"line":480,"column":108},"end":{"line":480,"column":111}}]},"142":{"loc":{"start":{"line":482,"column":8},"end":{"line":482,"column":76}},"type":"cond-expr","locations":[{"start":{"line":482,"column":29},"end":{"line":482,"column":71}},{"start":{"line":482,"column":74},"end":{"line":482,"column":76}}]},"143":{"loc":{"start":{"line":488,"column":14},"end":{"line":488,"column":119}},"type":"cond-expr","locations":[{"start":{"line":488,"column":29},"end":{"line":488,"column":114}},{"start":{"line":488,"column":117},"end":{"line":488,"column":119}}]},"144":{"loc":{"start":{"line":496,"column":14},"end":{"line":496,"column":125}},"type":"cond-expr","locations":[{"start":{"line":496,"column":35},"end":{"line":496,"column":120}},{"start":{"line":496,"column":123},"end":{"line":496,"column":125}}]},"145":{"loc":{"start":{"line":502,"column":23},"end":{"line":515,"column":8}},"type":"cond-expr","locations":[{"start":{"line":503,"column":6},"end":{"line":514,"column":null}},{"start":{"line":515,"column":6},"end":{"line":515,"column":8}}]},"146":{"loc":{"start":{"line":570,"column":16},"end":{"line":570,"column":63}},"type":"binary-expr","locations":[{"start":{"line":570,"column":16},"end":{"line":570,"column":20}},{"start":{"line":570,"column":24},"end":{"line":570,"column":63}}]},"147":{"loc":{"start":{"line":576,"column":16},"end":{"line":576,"column":63}},"type":"binary-expr","locations":[{"start":{"line":576,"column":16},"end":{"line":576,"column":20}},{"start":{"line":576,"column":24},"end":{"line":576,"column":63}}]},"148":{"loc":{"start":{"line":592,"column":2},"end":{"line":596,"column":3}},"type":"if","locations":[{"start":{"line":592,"column":2},"end":{"line":596,"column":3}},{"start":{},"end":{}}]},"149":{"loc":{"start":{"line":592,"column":6},"end":{"line":592,"column":55}},"type":"binary-expr","locations":[{"start":{"line":592,"column":6},"end":{"line":592,"column":28}},{"start":{"line":592,"column":32},"end":{"line":592,"column":55}}]},"150":{"loc":{"start":{"line":597,"column":2},"end":{"line":621,"column":3}},"type":"if","locations":[{"start":{"line":597,"column":2},"end":{"line":621,"column":3}},{"start":{},"end":{}}]},"151":{"loc":{"start":{"line":597,"column":6},"end":{"line":597,"column":65}},"type":"binary-expr","locations":[{"start":{"line":597,"column":6},"end":{"line":597,"column":35}},{"start":{"line":597,"column":39},"end":{"line":597,"column":65}}]},"152":{"loc":{"start":{"line":598,"column":17},"end":{"line":598,"column":90}},"type":"cond-expr","locations":[{"start":{"line":598,"column":47},"end":{"line":598,"column":74}},{"start":{"line":598,"column":77},"end":{"line":598,"column":90}}]},"153":{"loc":{"start":{"line":598,"column":58},"end":{"line":598,"column":73}},"type":"binary-expr","locations":[{"start":{"line":598,"column":58},"end":{"line":598,"column":65}},{"start":{"line":598,"column":69},"end":{"line":598,"column":73}}]},"154":{"loc":{"start":{"line":598,"column":77},"end":{"line":598,"column":90}},"type":"binary-expr","locations":[{"start":{"line":598,"column":77},"end":{"line":598,"column":84}},{"start":{"line":598,"column":88},"end":{"line":598,"column":90}}]},"155":{"loc":{"start":{"line":599,"column":26},"end":{"line":603,"column":10}},"type":"cond-expr","locations":[{"start":{"line":600,"column":8},"end":{"line":600,"column":18}},{"start":{"line":601,"column":8},"end":{"line":603,"column":10}}]},"156":{"loc":{"start":{"line":601,"column":8},"end":{"line":603,"column":10}},"type":"cond-expr","locations":[{"start":{"line":602,"column":8},"end":{"line":602,"column":23}},{"start":{"line":603,"column":8},"end":{"line":603,"column":10}}]},"157":{"loc":{"start":{"line":605,"column":4},"end":{"line":620,"column":5}},"type":"if","locations":[{"start":{"line":605,"column":4},"end":{"line":620,"column":5}},{"start":{},"end":{}}]},"158":{"loc":{"start":{"line":608,"column":21},"end":{"line":608,"column":46}},"type":"binary-expr","locations":[{"start":{"line":608,"column":21},"end":{"line":608,"column":28}},{"start":{"line":608,"column":32},"end":{"line":608,"column":40}},{"start":{"line":608,"column":44},"end":{"line":608,"column":46}}]},"159":{"loc":{"start":{"line":609,"column":24},"end":{"line":609,"column":64}},"type":"binary-expr","locations":[{"start":{"line":609,"column":24},"end":{"line":609,"column":34}},{"start":{"line":609,"column":38},"end":{"line":609,"column":47}},{"start":{"line":609,"column":51},"end":{"line":609,"column":64}}]},"160":{"loc":{"start":{"line":610,"column":27},"end":{"line":610,"column":45}},"type":"binary-expr","locations":[{"start":{"line":610,"column":27},"end":{"line":610,"column":40}},{"start":{"line":610,"column":44},"end":{"line":610,"column":45}}]},"161":{"loc":{"start":{"line":611,"column":28},"end":{"line":611,"column":62}},"type":"binary-expr","locations":[{"start":{"line":611,"column":28},"end":{"line":611,"column":42}},{"start":{"line":611,"column":46},"end":{"line":611,"column":56}},{"start":{"line":611,"column":60},"end":{"line":611,"column":62}}]},"162":{"loc":{"start":{"line":616,"column":26},"end":{"line":616,"column":41}},"type":"binary-expr","locations":[{"start":{"line":616,"column":26},"end":{"line":616,"column":36}},{"start":{"line":616,"column":40},"end":{"line":616,"column":41}}]},"163":{"loc":{"start":{"line":619,"column":28},"end":{"line":619,"column":50}
[...]
,"/home/osama-khaireldin/fresh-react/src/utils/giftPricing.ts": {"path":"/home/osama-khaireldin/fresh-react/src/utils/giftPricing.ts","statementMap":{"0":{"start":{"line":12,"column":2},"end":{"line":19,"column":8}},"1":{"start":{"line":13,"column":22},"end":{"line":13,"column":57}},"2":{"start":{"line":15,"column":6},"end":{"line":16,"column":42}},"3":{"start":{"line":17,"column":18},"end":{"line":17,"column":61}},"4":{"start":{"line":18,"column":4},"end":{"line":18,"column":23}},"5":{"start":{"line":23,"column":2},"end":{"line":26,"column":8}},"6":{"start":{"line":24,"column":18},"end":{"line":24,"column":66}},"7":{"start":{"line":24,"column":45},"end":{"line":24,"column":65}},"8":{"start":{"line":25,"column":4},"end":{"line":25,"column":37}},"9":{"start":{"line":34,"column":2},"end":{"line":34,"column":46}}},"fnMap":{"0":{"name":"calculateProductTotal","decl":{"start":{"line":8,"column":16},"end":{"line":8,"column":37}},"loc":{"start":{"line":10,"column":42},"end":{"line":20,"column":1}}},"1":{"name":"(anonymous_1)","decl":{"start":{"line":12,"column":33},"end":{"line":12,"column":34}},"loc":{"start":{"line":12,"column":50},"end":{"line":19,"column":3}}},"2":{"name":"calculateAddOnTotal","decl":{"start":{"line":22,"column":16},"end":{"line":22,"column":35}},"loc":{"start":{"line":22,"column":60},"end":{"line":27,"column":1}}},"3":{"name":"(anonymous_3)","decl":{"start":{"line":23,"column":31},"end":{"line":23,"column":32}},"loc":{"start":{"line":23,"column":48},"end":{"line":26,"column":3}}},"4":{"name":"(anonymous_4)","decl":{"start":{"line":24,"column":34},"end":{"line":24,"column":35}},"loc":{"start":{"line":24,"column":45},"end":{"line":24,"column":65}}},"5":{"name":"calculateGiftTotal","decl":{"start":{"line":29,"column":16},"end":{"line":29,"column":34}},"loc":{"start":{"line":32,"column":20},"end":{"line":35,"column":1}}}},"branchMap":{"0":{"loc":{"start":{"line":15,"column":6},"end":{"line":16,"column":42}},"type":"binary-expr","locations":[{"start":{"line":15,"column":7},"end":{"line":15,"column":16}},{"start":{"line":15,"column":20},"end":{"line":15,"column":64}},{"start":{"line":16,"column":6},"end":{"line":16,"column":42}}]},"1":{"loc":{"start":{"line":17,"column":18},"end":{"line":17,"column":61}},"type":"binary-expr","locations":[{"start":{"line":17,"column":18},"end":{"line":17,"column":38}},{"start":{"line":17,"column":42},"end":{"line":17,"column":61}}]},"2":{"loc":{"start":{"line":25,"column":18},"end":{"line":25,"column":35}},"type":"binary-expr","locations":[{"start":{"line":25,"column":18},"end":{"line":25,"column":30}},{"start":{"line":25,"column":34},"end":{"line":25,"column":35}}]}},"s":{"0":1,"1":2,"2":2,"3":2,"4":2,"5":1,"6":2,"7":3,"8":2,"9":1},"f":{"0":1,"1":2,"2":1,"3":2,"4":3,"5":1},"b":{"0":[2,1,1],"1":[2,1],"2":[2,0]}}
,"/home/osama-khaireldin/fresh-react/src/utils/orderStorage.ts": {"path":"/home/osama-khaireldin/fresh-react/src/utils/orderStorage.ts","statementMap":{"0":{"start":{"line":3,"column":20},"end":{"line":3,"column":40}},"1":{"start":{"line":4,"column":35},"end":{"line":4,"column":63}},"2":{"start":{"line":6,"column":22},"end":{"line":7,"column":77}},"3":{"start":{"line":7,"column":2},"end":{"line":7,"column":77}},"4":{"start":{"line":9,"column":20},"end":{"line":17,"column":1}},"5":{"start":{"line":10,"column":2},"end":{"line":10,"column":33}},"6":{"start":{"line":10,"column":21},"end":{"line":10,"column":33}},"7":{"start":{"line":11,"column":2},"end":{"line":16,"column":3}},"8":{"start":{"line":12,"column":4},"end":{"line":12,"column":29}},"9":{"start":{"line":14,"column":4},"end":{"line":14,"column":56}},"10":{"start":{"line":15,"column":4},"end":{"line":15,"column":16}},"11":{"start":{"line":20,"column":2},"end":{"line":20,"column":34}},"12":{"start":{"line":20,"column":24},"end":{"line":20,"column":34}},"13":{"start":{"line":21,"column":14},"end":{"line":21,"column":54}},"14":{"start":{"line":22,"column":2},"end":{"line":22,"column":22}},"15":{"start":{"line":22,"column":12},"end":{"line":22,"column":22}},"16":{"start":{"line":23,"column":17},"end":{"line":23,"column":33}},"17":{"start":{"line":24,"column":2},"end":{"line":24,"column":63}},"18":{"start":{"line":28,"column":2},"end":{"line":28,"column":31}},"19":{"start":{"line":28,"column":24},"end":{"line":28,"column":31}},"20":{"start":{"line":29,"column":2},"end":{"line":34,"column":3}},"21":{"start":{"line":30,"column":4},"end":{"line":30,"column":69}},"22":{"start":{"line":31,"column":4},"end":{"line":31,"column":57}},"23":{"start":{"line":33,"column":4},"end":{"line":33,"column":50}},"24":{"start":{"line":38,"column":19},"end":{"line":38,"column":31}},"25":{"start":{"line":39,"column":15},"end":{"line":39,"column":35}},"26":{"start":{"line":40,"column":2},"end":{"line":40,"column":20}},"27":{"start":{"line":41,"column":2},"end":{"line":41,"column":15}},"28":{"start":{"line":44,"column":33},"end":{"line":44,"column":44}}},"fnMap":{"0":{"name":"(anonymous_0)","decl":{"start":{"line":6,"column":22},"end":{"line":6,"column":25}},"loc":{"start":{"line":7,"column":2},"end":{"line":7,"column":77}}},"1":{"name":"(anonymous_1)","decl":{"start":{"line":9,"column":20},"end":{"line":9,"column":21}},"loc":{"start":{"line":9,"column":45},"end":{"line":17,"column":1}}},"2":{"name":"readOrders","decl":{"start":{"line":19,"column":16},"end":{"line":19,"column":26}},"loc":{"start":{"line":19,"column":26},"end":{"line":25,"column":1}}},"3":{"name":"writeOrders","decl":{"start":{"line":27,"column":16},"end":{"line":27,"column":27}},"loc":{"start":{"line":27,"column":48},"end":{"line":35,"column":1}}},"4":{"name":"addOrder","decl":{"start":{"line":37,"column":16},"end":{"line":37,"column":24}},"loc":{"start":{"line":37,"column":42},"end":{"line":42,"column":1}}}},"branchMap":{"0":{"loc":{"start":{"line":7,"column":2},"end":{"line":7,"column":77}},"type":"binary-expr","locations":[{"start":{"line":7,"column":2},"end":{"line":7,"column":31}},{"start":{"line":7,"column":35},"end":{"line":7,"column":77}}]},"1":{"loc":{"start":{"line":10,"column":2},"end":{"line":10,"column":33}},"type":"if","locations":[{"start":{"line":10,"column":2},"end":{"line":10,"column":33}},{"start":{},"end":{}}]},"2":{"loc":{"start":{"line":20,"column":2},"end":{"line":20,"column":34}},"type":"if","locations":[{"start":{"line":20,"column":2},"end":{"line":20,"column":34}},{"start":{},"end":{}}]},"3":{"loc":{"start":{"line":22,"column":2},"end":{"line":22,"column":22}},"type":"if","locations":[{"start":{"line":22,"column":2},"end":{"line":22,"column":22}},{"start":{},"end":{}}]},"4":{"loc":{"start":{"line":24,"column":9},"end":{"line":24,"column":62}},"type":"cond-expr","locations":[{"start":{"line":24,"column":34},"end":{"line":24,"column":57}},{"start":{"line":24,"column":60},"end":{"line":24,"column":62}}]},"5":{"loc":{"start":{"line":28,"column":2},"end":{"line":28,"column":31}},"type":"if","locations":[{"start":{"line":28,"column":2},"end":{"line":28,"column":31}},{"start":{},"end":{}}]}},"s":{"0":1,"1":1,"2":1,"3":8,"4":1,"5":4,"6":0,"7":4,"8":4,"9":1,"10":1,"11":5,"12":0,"13":5,"14":5,"15":1,"16":4,"17":4,"18":3,"19":0,"20":3,"21":3,"22":3,"23":0,"24":1,"25":1,"26":1,"27":1,"28":1},"f":{"0":8,"1":4,"2":5,"3":3,"4":1},"b":{"0":[8,8],"1":[0,4],"2":[0,5],"3":[1,4],"4":[3,1],"5":[0,3]}}
,"/home/osama-khaireldin/fresh-react/src/utils/reviewStorage.ts": {"path":"/home/osama-khaireldin/fresh-react/src/utils/reviewStorage.ts","statementMap":{"0":{"start":{"line":3,"column":20},"end":{"line":3,"column":41}},"1":{"start":{"line":4,"column":36},"end":{"line":4,"column":65}},"2":{"start":{"line":6,"column":22},"end":{"line":7,"column":77}},"3":{"start":{"line":7,"column":2},"end":{"line":7,"column":77}},"4":{"start":{"line":9,"column":20},"end":{"line":20,"column":1}},"5":{"start":{"line":10,"column":2},"end":{"line":10,"column":33}},"6":{"start":{"line":10,"column":21},"end":{"line":10,"column":33}},"7":{"start":{"line":11,"column":2},"end":{"line":18,"column":3}},"8":{"start":{"line":12,"column":19},"end":{"line":12,"column":36}},"9":{"start":{"line":13,"column":4},"end":{"line":15,"column":5}},"10":{"start":{"line":14,"column":6},"end":{"line":14,"column":37}},"11":{"start":{"line":17,"column":4},"end":{"line":17,"column":57}},"12":{"start":{"line":19,"column":2},"end":{"line":19,"column":14}},"13":{"start":{"line":22,"column":19},"end":{"line":24,"column":null}},"14":{"start":{"line":23,"column":2},"end":{"line":24,"column":null}},"15":{"start":{"line":24,"column":14},"end":{"line":24,"column":79}},"16":{"start":{"line":28,"column":2},"end":{"line":28,"column":34}},"17":{"start":{"line":28,"column":24},"end":{"line":28,"column":34}},"18":{"start":{"line":29,"column":14},"end":{"line":29,"column":54}},"19":{"start":{"line":30,"column":2},"end":{"line":30,"column":22}},"20":{"start":{"line":30,"column":12},"end":{"line":30,"column":22}},"21":{"start":{"line":31,"column":17},"end":{"line":31,"column":33}},"22":{"start":{"line":32,"column":2},"end":{"line":32,"column":25}},"23":{"start":{"line":32,"column":15},"end":{"line":32,"column":25}},"24":{"start":{"line":33,"column":2},"end":{"line":33,"column":28}},"25":{"start":{"line":37,"column":2},"end":{"line":37,"column":31}},"26":{"start":{"line":37,"column":24},"end":{"line":37,"column":31}},"27":{"start":{"line":38,"column":2},"end":{"line":43,"column":3}},"28":{"start":{"line":39,"column":4},"end":{"line":39,"column":70}},"29":{"start":{"line":40,"column":4},"end":{"line":40,"column":58}},"30":{"start":{"line":42,"column":4},"end":{"line":42,"column":51}},"31":{"start":{"line":47,"column":2},"end":{"line":47,"column":29}},"32":{"start":{"line":51,"column":2},"end":{"line":51,"column":27}},"33":{"start":{"line":51,"column":17},"end":{"line":51,"column":27}},"34":{"start":{"line":52,"column":2},"end":{"line":54,"column":4}},"35":{"start":{"line":53,"column":16},"end":{"line":53,"column":68}},"36":{"start":{"line":57,"column":17},"end":{"line":60,"column":70}},"37":{"start":{"line":58,"column":2},"end":{"line":60,"column":70}},"38":{"start":{"line":63,"column":34},"end":{"line":67,"column":4}},"39":{"start":{"line":68,"column":19},"end":{"line":68,"column":38}},"40":{"start":{"line":69,"column":18},"end":{"line":69,"column":43}},"41":{"start":{"line":70,"column":2},"end":{"line":70,"column":24}},"42":{"start":{"line":71,"column":2},"end":{"line":71,"column":20}},"43":{"start":{"line":75,"column":18},"end":{"line":75,"column":48}},"44":{"start":{"line":76,"column":2},"end":{"line":76,"column":58}},"45":{"start":{"line":76,"column":23},"end":{"line":76,"column":58}},"46":{"start":{"line":77,"column":14},"end":{"line":77,"column":69}},"47":{"start":{"line":77,"column":46},"end":{"line":77,"column":65}},"48":{"start":{"line":78,"column":2},"end":{"line":81,"column":4}},"49":{"start":{"line":84,"column":34},"end":{"line":84,"column":45}}},"fnMap":{"0":{"name":"(anonymous_0)","decl":{"start":{"line":6,"column":22},"end":{"line":6,"column":25}},"loc":{"start":{"line":7,"column":2},"end":{"line":7,"column":77}}},"1":{"name":"(anonymous_1)","decl":{"start":{"line":9,"column":20},"end":{"line":9,"column":21}},"loc":{"start":{"line":9,"column":67},"end":{"line":20,"column":1}}},"2":{"name":"(anonymous_2)","decl":{"start":{"line":22,"column":19},"end":{"line":22,"column":20}},"loc":{"start":{"line":23,"column":2},"end":{"line":24,"column":null}}},"3":{"name":"(anonymous_3)","decl":{"start":{"line":24,"column":4},"end":{"line":24,"column":5}},"loc":{"start":{"line":24,"column":14},"end":{"line":24,"column":79}}},"4":{"name":"readStoredReviews","decl":{"start":{"line":27,"column":9},"end":{"line":27,"column":26}},"loc":{"start":{"line":27,"column":26},"end":{"line":34,"column":1}}},"5":{"name":"writeReviews","decl":{"start":{"line":36,"column":9},"end":{"line":36,"column":21}},"loc":{"start":{"line":36,"column":44},"end":{"line":44,"column":1}}},"6":{"name":"listReviews","decl":{"start":{"line":46,"column":16},"end":{"line":46,"column":27}},"loc":{"start":{"line":46,"column":27},"end":{"line":48,"column":1}}},"7":{"name":"listReviewsFor","decl":{"start":{"line":50,"column":16},"end":{"line":50,"column":30}},"loc":{"start":{"line":50,"column":71},"end":{"line":55,"column":1}}},"8":{"name":"(anonymous_8)","decl":{"start":{"line":53,"column":4},"end":{"line":53,"column":5}},"loc":{"start":{"line":53,"column":16},"end":{"line":53,"column":68}}},"9":{"name":"(anonymous_9)","decl":{"start":{"line":57,"column":17},"end":{"line":57,"column":20}},"loc":{"start":{"line":58,"column":2},"end":{"line":60,"column":70}}},"10":{"name":"addReview","decl":{"start":{"line":62,"column":16},"end":{"line":62,"column":25}},"loc":{"start":{"line":62,"column":49},"end":{"line":72,"column":1}}},"11":{"name":"getReviewStats","decl":{"start":{"line":74,"column":16},"end":{"line":74,"column":30}},"loc":{"start":{"line":74,"column":71},"end":{"line":82,"column":1}}},"12":{"name":"(anonymous_12)","decl":{"start":{"line":77,"column":29},"end":{"line":77,"column":30}},"loc":{"start":{"line":77,"column":46},"end":{"line":77,"column":65}}}},"branchMap":{"0":{"loc":{"start":{"line":7,"column":2},"end":{"line":7,"column":77}},"type":"binary-expr","locations":[{"start":{"line":7,"column":2},"end":{"line":7,"column":31}},{"start":{"line":7,"column":35},"end":{"line":7,"column":77}}]},"1":{"loc":{"start":{"line":10,"column":2},"end":{"line":10,"column":33}},"type":"if","locations":[{"start":{"line":10,"column":2},"end":{"line":10,"column":33}},{"start":{},"end":{}}]},"2":{"loc":{"start":{"line":13,"column":4},"end":{"line":15,"column":5}},"type":"if","locations":[{"start":{"line":13,"column":4},"end":{"line":15,"column":5}},{"start":{},"end":{}}]},"3":{"loc":{"start":{"line":28,"column":2},"end":{"line":28,"column":34}},"type":"if","locations":[{"start":{"line":28,"column":2},"end":{"line":28,"column":34}},{"start":{},"end":{}}]},"4":{"loc":{"start":{"line":30,"column":2},"end":{"line":30,"column":22}},"type":"if","locations":[{"start":{"line":30,"column":2},"end":{"line":30,"column":22}},{"start":{},"end":{}}]},"5":{"loc":{"start":{"line":32,"column":2},"end":{"line":32,"column":25}},"type":"if","locations":[{"start":{"line":32,"column":2},"end":{"line":32,"column":25}},{"start":{},"end":{}}]},"6":{"loc":{"start":{"line":37,"column":2},"end":{"line":37,"column":31}},"type":"if","locations":[{"start":{"line":37,"column":2},"end":{"line":37,"column":31}},{"start":{},"end":{}}]},"7":{"loc":{"start":{"line":51,"column":2},"end":{"line":51,"column":27}},"type":"if","locations":[{"start":{"line":51,"column":2},"end":{"line":51,"column":27}},{"start":{},"end":{}}]},"8":{"loc":{"start":{"line":53,"column":16},"end":{"line":53,"column":68}},"type":"binary-expr","locations":[{"start":{"line":53,"column":16},"end":{"line":53,"column":36}},{"start":{"line":53,"column":40},"end":{"line":53,"column":68}}]},"9":{"loc":{"start":{"line":58,"column":2},"end":{"line":60,"column":70}},"type":"cond-expr","locations":[{"start":{"line":59,"column":6},"end":{"line":59,"column":25}},{"start":{"line":60,"column":6},"end":{"line":60,"column":70}}]},"10":{"loc":{"start":{"line":58,"column":2},"end":{"line":58,"column":74}},"type":"binary-expr","locations":[{"start":{"line":58,"column":2},"end":{"line":58,"column":31}},{"start":{"line":58,"column":35},"end":{"line":58,"column":74}}]},"11":{"loc":{"start":{"line":76,"column":2},"end":{"line":76,"column":58}},"type":"if","locations":[{"start":{"line":76,"column":2},"end":{"line":76,"column":58}},{"start":{},"end":{}}]}},"s":{"0":1,"1":1,"2":1,"3":6,"4":1,"5":3,"6":0,"7":3,"8":3,"9":2,"10":2,"11":1,"12":1,"13":1,"14":2,"15":0,"16":5,"17":0,"18":5,"19":5,"20":2,"21":3,"22":3,"23":1,"24":2,"25":1,"26":0,"27":1,"28":1,"29":1,"30":0,"31":4,"32":1,"33":0,"34":1,"35":1,"36":1,"37":1,"38":1,"39":1,"40":1,"41":1,"42":1,"43":0,"44":0,"45":0,"46":0,"47":0,"48":0,"49":1},"f":{"0":6,"1":3,"2":2,"3":0,"4":5,"5":1,"6":4,"7":1,"8":1,"9":1,"10":1,"11":0,"12":0},"b":{"0":[6,6],"1":[0,3],"2":[2,0],"3":[0,5],"4":[2,3],"5":[1,2],"6":[0,1],"7":[0,1],"8":[1,1],"9":[1,0],"10":[1,1],"11":[0,0]}}
,"/home/osama-khaireldin/fresh-react/src/utils/reviewVerification.ts": {"path":"/home/osama-khaireldin/fresh-react/src/utils/reviewVerification.ts","statementMap":{"0":{"start":{"line":5,"column":2},"end":{"line":5,"column":30}},"1":{"start":{"line":5,"column":17},"end":{"line":5,"column":30}},"2":{"start":{"line":6,"column":17},"end":{"line":6,"column":29}},"3":{"start":{"line":7,"column":2},"end":{"line":24,"column":3}},"4":{"start":{"line":8,"column":4},"end":{"line":23,"column":5}},"5":{"start":{"line":9,"column":6},"end":{"line":11,"column":7}},"6":{"start":{"line":10,"column":8},"end":{"line":10,"column":20}},"7":{"start":{"line":12,"column":6},"end":{"line":22,"column":7}},"8":{"start":{"line":13,"column":8},"end":{"line":15,"column":9}},"9":{"start":{"line":14,"column":10},"end":{"line":14,"column":22}},"10":{"start":{"line":16,"column":8},"end":{"line":18,"column":9}},"11":{"start":{"line":16,"column":51},"end":{"line":16,"column":84}},"12":{"start":{"line":17,"column":10},"end":{"line":17,"column":22}},"13":{"start":{"line":19,"column":8},"end":{"line":21,"column":9}},"14":{"start":{"line":19,"column":52},"end":{"line":19,"column":83}},"15":{"start":{"line":20,"column":10},"end":{"line":20,"column":22}},"16":{"start":{"line":25,"column":2},"end":{"line":25,"column":15}}},"fnMap":{"0":{"name":"isTargetVerifiedForAnyOrder","decl":{"start":{"line":4,"column":16},"end":{"line":4,"column":43}},"loc":{"start":{"line":4,"column":84},"end":{"line":26,"column":1}}},"1":{"name":"(anonymous_1)","decl":{"start":{"line":16,"column":35},"end":{"line":16,"column":36}},"loc":{"start":{"line":16,"column":51},"end":{"line":16,"column":84}}},"2":{"name":"(anonymous_2)","decl":{"start":{"line":19,"column":38},"end":{"line":19,"column":39}},"loc":{"start":{"line":19,"column":52},"end":{"line":19,"column":83}}}},"branchMap":{"0":{"loc":{"start":{"line":5,"column":2},"end":{"line":5,"column":30}},"type":"if","locations":[{"start":{"line":5,"column":2},"end":{"line":5,"column":30}},{"start":{},"end":{}}]},"1":{"loc":{"start":{"line":9,"column":6},"end":{"line":11,"column":7}},"type":"if","locations":[{"start":{"line":9,"column":6},"end":{"line":11,"column":7}},{"start":{},"end":{}}]},"2":{"loc":{"start":{"line":9,"column":10},"end":{"line":9,"column":57}},"type":"binary-expr","locations":[{"start":{"line":9,"column":10},"end":{"line":9,"column":27}},{"start":{"line":9,"column":31},"end":{"line":9,"column":57}}]},"3":{"loc":{"start":{"line":12,"column":6},"end":{"line":22,"column":7}},"type":"if","locations":[{"start":{"line":12,"column":6},"end":{"line":22,"column":7}},{"start":{},"end":{}}]},"4":{"loc":{"start":{"line":13,"column":8},"end":{"line":15,"column":9}},"type":"if","locations":[{"start":{"line":13,"column":8},"end":{"line":15,"column":9}},{"start":{},"end":{}}]},"5":{"loc":{"start":{"line":16,"column":8},"end":{"line":18,"column":9}},"type":"if","locations":[{"start":{"line":16,"column":8},"end":{"line":18,"column":9}},{"start":{},"end":{}}]},"6":{"loc":{"start":{"line":19,"column":8},"end":{"line":21,"column":9}},"type":"if","locations":[{"start":{"line":19,"column":8},"end":{"line":21,"column":9}},{"start":{},"end":{}}]}},"s":{"0":6,"1":0,"2":6,"3":6,"4":6,"5":6,"6":1,"7":5,"8":4,"9":1,"10":3,"11":3,"12":1,"13":2,"14":2,"15":1,"16":2},"f":{"0":6,"1":3,"2":2},"b":{"0":[0,6],"1":[1,5],"2":[6,2],"3":[4,1],"4":[1,3],"5":[1,2],"6":[1,1]}}
}
