{"/home/osama-khaireldin/fresh-react/src/analytics/client.ts": {"path":"/home/osama-khaireldin/fresh-react/src/analytics/client.ts","statementMap":{"0":{"start":{"line":4,"column":39},"end":{"line":4,"column":67}},"1":{"start":{"line":7,"column":2},"end":{"line":7,"column":25}},"2":{"start":{"line":11,"column":2},"end":{"line":11,"column":27}}},"fnMap":{"0":{"name":"getAnalyticsClient","decl":{"start":{"line":6,"column":16},"end":{"line":6,"column":34}},"loc":{"start":{"line":6,"column":34},"end":{"line":8,"column":1}}},"1":{"name":"setAnalyticsClient","decl":{"start":{"line":10,"column":16},"end":{"line":10,"column":34}},"loc":{"start":{"line":10,"column":58},"end":{"line":12,"column":1}}}},"branchMap":{},"s":{"0":39,"1":3,"2":39},"f":{"0":3,"1":39},"b":{}}
,"/home/osama-khaireldin/fresh-react/src/analytics/events.ts": {"path":"/home/osama-khaireldin/fresh-react/src/analytics/events.ts","statementMap":{"0":{"start":{"line":145,"column":2},"end":{"line":147,"column":33}},"1":{"start":{"line":150,"column":2},"end":{"line":152,"column":40}},"2":{"start":{"line":154,"column":43},"end":{"line":154,"column":45}},"3":{"start":{"line":164,"column":2},"end":{"line":164,"column":31}},"4":{"start":{"line":165,"column":2},"end":{"line":172,"column":3}},"5":{"start":{"line":166,"column":4},"end":{"line":167,"column":52}},"6":{"start":{"line":168,"column":4},"end":{"line":168,"column":56}},"7":{"start":{"line":169,"column":4},"end":{"line":171,"column":5}},"8":{"start":{"line":170,"column":6},"end":{"line":170,"column":35}},"9":{"start":{"line":174,"column":31},"end":{"line":174,"column":36}},"10":{"start":{"line":175,"column":21},"end":{"line":175,"column":52}},"11":{"start":{"line":176,"column":24},"end":{"line":176,"column":85}},"12":{"start":{"line":179,"column":4},"end":{"line":183,"column":20}},"13":{"start":{"line":185,"column":36},"end":{"line":185,"column":83}},"14":{"start":{"line":187,"column":2},"end":{"line":189,"column":5}},"15":{"start":{"line":188,"column":4},"end":{"line":188,"column":64}},"16":{"start":{"line":193,"column":2},"end":{"line":193,"column":31}},"17":{"start":{"line":197,"column":2},"end":{"line":197,"column":30}}},"fnMap":{"0":{"name":"trackEvent","decl":{"start":{"line":163,"column":16},"end":{"line":163,"column":26}},"loc":{"start":{"line":163,"column":48},"end":{"line":190,"column":1}}},"1":{"name":"(anonymous_1)","decl":{"start":{"line":187,"column":65},"end":{"line":187,"column":66}},"loc":{"start":{"line":187,"column":75},"end":{"line":189,"column":3}}},"2":{"name":"getEventBuffer","decl":{"start":{"line":192,"column":16},"end":{"line":192,"column":30}},"loc":{"start":{"line":192,"column":30},"end":{"line":194,"column":1}}},"3":{"name":"clearEventBuffer","decl":{"start":{"line":196,"column":16},"end":{"line":196,"column":32}},"loc":{"start":{"line":196,"column":32},"end":{"line":198,"column":1}}}},"branchMap":{"0":{"loc":{"start":{"line":145,"column":2},"end":{"line":147,"column":33}},"type":"cond-expr","locations":[{"start":{"line":146,"column":7},"end":{"line":146,"column":37}},{"start":{"line":147,"column":7},"end":{"line":147,"column":33}}]},"1":{"loc":{"start":{"line":145,"column":2},"end":{"line":145,"column":78}},"type":"binary-expr","locations":[{"start":{"line":145,"column":2},"end":{"line":145,"column":36}},{"start":{"line":145,"column":40},"end":{"line":145,"column":78}}]},"2":{"loc":{"start":{"line":150,"column":2},"end":{"line":152,"column":40}},"type":"binary-expr","locations":[{"start":{"line":150,"column":2},"end":{"line":150,"column":26}},{"start":{"line":151,"column":2},"end":{"line":151,"column":28}},{"start":{"line":152,"column":2},"end":{"line":152,"column":40}}]},"3":{"loc":{"start":{"line":165,"column":2},"end":{"line":172,"column":3}},"type":"if","locations":[{"start":{"line":165,"column":2},"end":{"line":172,"column":3}},{"start":{},"end":{}}]},"4":{"loc":{"start":{"line":167,"column":6},"end":{"line":167,"column":51}},"type":"binary-expr","locations":[{"start":{"line":167,"column":6},"end":{"line":167,"column":45}},{"start":{"line":167,"column":49},"end":{"line":167,"column":51}}]},"5":{"loc":{"start":{"line":169,"column":4},"end":{"line":171,"column":5}},"type":"if","locations":[{"start":{"line":169,"column":4},"end":{"line":171,"column":5}},{"start":{},"end":{}}]},"6":{"loc":{"start":{"line":176,"column":24},"end":{"line":176,"column":85}},"type":"cond-expr","locations":[{"start":{"line":176,"column":38},"end":{"line":176,"column":73}},{"start":{"line":176,"column":76},"end":{"line":176,"column":85}}]},"7":{"loc":{"start":{"line":179,"column":4},"end":{"line":183,"column":20}},"type":"cond-expr","locations":[{"start":{"line":180,"column":8},"end":{"line":180,"column":28}},{"start":{"line":181,"column":8},"end":{"line":183,"column":20}}]},"8":{"loc":{"start":{"line":181,"column":8},"end":{"line":183,"column":20}},"type":"cond-expr","locations":[{"start":{"line":182,"column":8},"end":{"line":182,"column":21}},{"start":{"line":183,"column":8},"end":{"line":183,"column":20}}]}},"s":{"0":1,"1":1,"2":1,"3":3,"4":3,"5":3,"6":3,"7":3,"8":0,"9":3,"10":3,"11":3,"12":3,"13":3,"14":3,"15":0,"16":1,"17":1},"f":{"0":3,"1":0,"2":1,"3":1},"b":{"0":[0,1],"1":[1,1],"2":[1,1,1],"3":[3,0],"4":[3,1],"5":[0,3],"6":[3,0],"7":[3,0],"8":[0,0]}}
,"/home/osama-khaireldin/fresh-react/src/application/services/AppContainer.ts": {"path":"/home/osama-khaireldin/fresh-react/src/application/services/AppContainer.ts","statementMap":{"0":{"start":{"line":40,"column":22},"end":{"line":52,"column":11}},"1":{"start":{"line":63,"column":4},"end":{"line":63,"column":19}},"2":{"start":{"line":64,"column":4},"end":{"line":64,"column":25}},"3":{"start":{"line":65,"column":4},"end":{"line":65,"column":92}},"4":{"start":{"line":66,"column":4},"end":{"line":66,"column":56}},"5":{"start":{"line":121,"column":4},"end":{"line":123,"column":5}},"6":{"start":{"line":122,"column":6},"end":{"line":122,"column":18}},"7":{"start":{"line":124,"column":34},"end":{"line":128,"column":6}},"8":{"start":{"line":129,"column":4},"end":{"line":129,"column":39}},"9":{"start":{"line":130,"column":4},"end":{"line":130,"column":16}},"10":{"start":{"line":146,"column":21},"end":{"line":146,"column":72}},"11":{"start":{"line":147,"column":4},"end":{"line":149,"column":5}},"12":{"start":{"line":148,"column":6},"end":{"line":148,"column":69}},"13":{"start":{"line":150,"column":4},"end":{"line":152,"column":5}},"14":{"start":{"line":151,"column":6},"end":{"line":151,"column":92}},"15":{"start":{"line":154,"column":24},"end":{"line":154,"column":78}},"16":{"start":{"line":155,"column":4},"end":{"line":157,"column":5}},"17":{"start":{"line":156,"column":6},"end":{"line":156,"column":51}},"18":{"start":{"line":159,"column":21},"end":{"line":159,"column":43}},"19":{"start":{"line":161,"column":4},"end":{"line":163,"column":5}},"20":{"start":{"line":162,"column":6},"end":{"line":162,"column":49}},"21":{"start":{"line":165,"column":4},"end":{"line":165,"column":20}},"22":{"start":{"line":169,"column":4},"end":{"line":169,"column":54}},"23":{"start":{"line":173,"column":4},"end":{"line":173,"column":54}},"24":{"start":{"line":177,"column":21},"end":{"line":177,"column":39}},"25":{"start":{"line":179,"column":20},"end":{"line":179,"column":91}},"26":{"start":{"line":180,"column":22},"end":{"line":180,"column":52}},"27":{"start":{"line":183,"column":2},"end":{"line":185,"column":3}},"28":{"start":{"line":184,"column":4},"end":{"line":184,"column":41}},"29":{"start":{"line":186,"column":19},"end":{"line":186,"column":59}},"30":{"start":{"line":187,"column":2},"end":{"line":189,"column":3}},"31":{"start":{"line":188,"column":4},"end":{"line":188,"column":45}},"32":{"start":{"line":190,"column":2},"end":{"line":190,"column":38}},"33":{"start":{"line":194,"column":2},"end":{"line":194,"column":33}},"34":{"start":{"line":198,"column":2},"end":{"line":198,"column":55}},"35":{"start":{"line":202,"column":2},"end":{"line":204,"column":3}},"36":{"start":{"line":203,"column":4},"end":{"line":203,"column":28}},"37":{"start":{"line":205,"column":2},"end":{"line":205,"column":29}},"38":{"start":{"line":208,"column":0},"end":{"line":243,"column":4}},"39":{"start":{"line":209,"column":32},"end":{"line":209,"column":49}},"40":{"start":{"line":210,"column":38},"end":{"line":210,"column":66}},"41":{"start":{"line":211,"column":41},"end":{"line":211,"column":80}},"42":{"start":{"line":212,"column":39},"end":{"line":212,"column":64}},"43":{"start":{"line":213,"column":50},"end":{"line":213,"column":85}},"44":{"start":{"line":216,"column":19},"end":{"line":216,"column":86}},"45":{"start":{"line":219,"column":42},"end":{"line":219,"column":106}},"46":{"start":{"line":225,"column":6},"end":{"line":227,"column":7}},"47":{"start":{"line":226,"column":8},"end":{"line":226,"column":45}},"48":{"start":{"line":228,"column":29},"end":{"line":228,"column":69}},"49":{"start":{"line":229,"column":27},"end":{"line":229,"column":72}},"50":{"start":{"line":230,"column":6},"end":{"line":230,"column":76}},"51":{"start":{"line":235,"column":21},"end":{"line":235,"column":61}},"52":{"start":{"line":236,"column":32},"end":{"line":236,"column":77}},"53":{"start":{"line":237,"column":4},"end":{"line":237,"column":58}},"54":{"start":{"line":241,"column":19},"end":{"line":241,"column":97}},"55":{"start":{"line":244,"column":0},"end":{"line":244,"column":82}},"56":{"start":{"line":244,"column":43},"end":{"line":244,"column":56}},"57":{"start":{"line":245,"column":0},"end":{"line":245,"column":37}}},"fnMap":{"0":{"name":"(anonymous_0)","decl":{"start":{"line":62,"column":2},"end":{"line":62,"column":14}},"loc":{"start":{"line":62,"column":80},"end":{"line":67,"column":3}}},"1":{"name":"(anonymous_1)","decl":{"start":{"line":120,"column":2},"end":{"line":120,"column":10}},"loc":{"start":{"line":120,"column":102},"end":{"line":131,"column":3}}},"2":{"name":"(anonymous_2)","decl":{"start":{"line":145,"column":2},"end":{"line":145,"column":9}},"loc":{"start":{"line":145,"column":44},"end":{"line":166,"column":3}}},"3":{"name":"(anonymous_3)","decl":{"start":{"line":168,"column":2},"end":{"line":168,"column":13}},"loc":{"start":{"line":168,"column":13},"end":{"line":170,"column":3}}},"4":{"name":"(anonymous_4)","decl":{"start":{"line":172,"column":10},"end":{"line":172,"column":17}},"loc":{"start":{"line":172,"column":17},"end":{"line":174,"column":3}}},"5":{"name":"createAnalyticsClient","decl":{"start":{"line":182,"column":16},"end":{"line":182,"column":37}},"loc":{"start":{"line":182,"column":81},"end":{"line":191,"column":1}}},"6":{"name":"createConfigProvider","decl":{"start":{"line":193,"column":16},"end":{"line":193,"column":36}},"loc":{"start":{"line":193,"column":48},"end":{"line":195,"column":1}}},"7":{"name":"createFeatureFlagProvider","decl":{"start":{"line":197,"column":16},"end":{"line":197,"column":41}},"loc":{"start":{"line":197,"column":72},"end":{"line":199,"column":1}}},"8":{"name":"createLogger","decl":{"start":{"line":201,"column":16},"end":{"line":201,"column":28}},"loc":{"start":{"line":201,"column":40},"end":{"line":206,"column":1}}},"9":{"name":"(anonymous_9)","decl":{"start":{"line":209,"column":26},"end":{"line":209,"column":29}},"loc":{"start":{"line":209,"column":32},"end":{"line":209,"column":49}}},"10":{"name":"(anonymous_10)","decl":{"start":{"line":210,"column":32},"end":{"line":210,"column":35}},"loc":{"start":{"line":210,"column":38},"end":{"line":210,"column":66}}},"11":{"name":"(anonymous_11)","decl":{"start":{"line":211,"column":35},"end":{"line":211,"column":38}},"loc":{"start":{"line":211,"column":41},"end":{"line":211,"column":80}}},"12":{"name":"(anonymous_12)","decl":{"start":{"line":212,"column":33},"end":{"line":212,"column":36}},"loc":{"start":{"line":212,"column":39},"end":{"line":212,"column":64}}},"13":{"name":"(anonymous_13)","decl":{"start":{"line":213,"column":35},"end":{"line":213,"column":36}},"loc":{"start":{"line":213,"column":50},"end":{"line":213,"column":85}}},"14":{"name":"(anonymous_14)","decl":{"start":{"line":216,"column":4},"end":{"line":216,"column":5}},"loc":{"start":{"line":216,"column":19},"end":{"line":216,"column":86}}},"15":{"name":"(anonymous_15)","decl":{"start":{"line":219,"column":26},"end":{"line":219,"column":27}},"loc":{"start":{"line":219,"column":42},"end":{"line":219,"column":106}}},"16":{"name":"(anonymous_16)","decl":{"start":{"line":224,"column":4},"end":{"line":224,"column":5}},"loc":{"start":{"line":224,"column":18},"end":{"line":231,"column":5}}},"17":{"name":"(anonymous_17)","decl":{"start":{"line":234,"column":32},"end":{"line":234,"column":33}},"loc":{"start":{"line":234,"column":46},"end":{"line":238,"column":3}}},"18":{"name":"(anonymous_18)","decl":{"start":{"line":241,"column":4},"end":{"line":241,"column":5}},"loc":{"start":{"line":241,"column":19},"end":{"line":241,"column":97}}},"19":{"name":"(anonymous_19)","decl":{"start":{"line":244,"column":37},"end":{"line":244,"column":40}},"loc":{"start":{"line":244,"column":43},"end":{"line":244,"column":56}}}},"branchMap":{"0":{"loc":{"start":{"line":62,"column":14},"end":{"line":62,"column":57}},"type":"default-arg","locations":[{"start":{"line":62,"column":20},"end":{"line":62,"column":57}}]},"1":{"loc":{"start":{"line":62,"column":20},"end":{"line":62,"column":57}},"type":"binary-expr","locations":[{"start":{"line":62,"column":20},"end":{"line":62,"column":40}},{"start":{"line":62,"column":44},"end":{"line":62,"column":57}}]},"2":{"loc":{"start":{"line":65,"column":20},"end":{"line":65,"column":91}},"type":"cond-expr","locations":[{"start":{"line":65,"column":29},"end":{"line":65,"column":44}},{"start":{"line":65,"column":47},"end":{"line":65,"column":91}}]},"3":{"loc":{"start":{"line":121,"column":4},"end":{"line":123,"column":5}},"type":"if","locations":[{"start":{"line":121,"column":4},"end":{"line":123,"column":5}},{"start":{},"end":{}}]},"4":{"loc":{"start":{"line":121,"column":8},"end":{"line":121,"column":57}},"type":"binary-expr","locations":[{"start":{"line":121,"column":8},"end":{"line":121,"column":21}},{"start":{"line":121,"column":25},"end":{"line":121,"column":57}}]},"5":{"loc":{"start":{"line":126,"column":13},"end":{"line":126,"column":42}},"type":"binary-expr","locations":[{"start":{"line":126,"column":13},"end":{"line":126,"column":27}},{"start":{"line":126,"column":31},"end":{"line":126,"column":42}}]},"6":{"loc":{"start":{"line":147,"column":4},"end":{"line":149,"column":5}},"type":"if","locations":[{"start":{"line":147,"column":4},"end":{"line":149,"column":5}},{"start":{},"end":{}}]},"7":{"loc":{"start":{"line":150,"column":4},"end":{"line":152,"column":5}},"type":"if","locations":[{"start":{"line":150,"column":4},"end":{"line":152,"column":5}},{"start":{},"end":{}}]},"8":{"loc":{"start":{"line":150,"column":8},"end":{"line":150,"column":58}},"type":"binary-expr","locations":[{"start":{"line":150,"column":8},"end":{"line":150,"column":21}},{"start":{"line":150,"column":25},"end":{"line":150,"column":58}}]},"9":{"loc":{"start":{"line":154,"column":24},"end":{"line":154,"column":78}},"type":"cond-expr","locations":[{"start":{"line":154,"column":57},"end":{"line":154,"column":71}},{"start":{"line":154,"column":74},"end":{"line":154,"column":78}}]},"10":{"loc":{"start":{"line":155,"column":4},"end":{"line":157,"column":5}},"type":"if","locations":[{"start":{"line":155,"column":4},"end":{"line":157,"column":5}},{"start":{},"end":{}}]},"11":{"loc":{"start":{"line":155,"column":8},"end":{"line":155,"column":107}},"type":"binary-expr","locations":[{"start":{"line":155,"column":9},"end":{"line":155,"column":39}},{"start":{"line":155,"column":43},"end":{"line":155,"column":70}},{"start":{"line":155,"column":75},"end":{"line":155,"column":107}}]},"12":{"loc":{"start":{"line":161,"column":4},"end":{"line":163,"column":5}},"type":"if","locations":[{"start":{"line":161,"column":4},"end":{"line":163,"column":5}},{"start":{},"end":{}}]},"13":{"loc":{"start":{"line":173,"column":11},"end":{"line":173,"column":53}},"type":"cond-expr","locations":[{"start":{"line":173,"column":25},"end":{"line":173,"column":46}},{"start":{"line":173,"column":49},"end":{"line":173,"column":53}}]},"14":{"loc":{"start":{"line":183,"column":2},"end":{"line":185,"column":3}},"type":"if","locations":[{"start":{"line":183,"column":2},"end":{"line":185,"column":3}},{"start":{},"end":{}}]},"15":{"loc":{"start":{"line":187,"column":2},"end":{"line":189,"column":3}},"type":"if","locations":[{"start":{"line":187,"column":2},"end":{"line":189,"column":3}},{"start":{},"end":{}}]},"16":{"loc":{"start":{"line":202,"column":2},"end":{"line":204,"column":3}},"type":"if","locations":[{"start":{"line":202,"column":2},"end":{"line":204,"column":3}},{"start":{},"end":{}}]},"17":{"loc":{"start":{"line":219,"column":42},"end":{"line":219,"column":106}},"type":"cond-expr","locations":[{"start":{"line":219,"column":69},"end":{"line":219,"column":84}},{"start":{"line":219,"column":87},"end":{"line":219,"column":106}}]},"18":{"loc":{"start":{"line":225,"column":6},"end":{"line":227,"column":7}},"type":"if","locations":[{"start":{"line":225,"column":6},"end":{"line":227,"column":7}},{"start":{},"end":{}}]}},"s":{"0":2,"1":19,"2":19,"3":19,"4":19,"5":28,"6":1,"7":27,"8":27,"9":27,"10":27,"11":27,"12":2,"13":25,"14":0,"15":25,"16":25,"17":7,"18":18,"19":18,"20":18,"21":18,"22":11,"23":32,"24":2,"25":2,"26":2,"27":3,"28":2,"29":1,"30":1,"31":1,"32":0,"33":1,"34":1,"35":4,"36":3,"37":1,"38":2,"39":0,"40":0,"41":3,"42":0,"43":1,"44":1,"45":1,"46":1,"47":1,"48":0,"49":0,"50":0,"51":3,"52":3,"53":3,"54":1,"55":2,"56":1,"57":2},"f":{"0":19,"1":28,"2":27,"3":11,"4":32,"5":3,"6":1,"7":1,"8":4,"9":0,"10":0,"11":3,"12":0,"13":1,"14":1,"15":1,"16":1,"17":3,"18":1,"19":1},"b":{"0":[2],"1":[2,0],"2":[11,8],"3":[1,27],"4":[28,1],"5":[27,1],"6":[2,25],"7":[0,25],"8":[25,0],"9":[15,10],"10":[7,18],"11":[25,10,25],"12":[18,0],"13":[6,26],"14":[2,1],"15":[1,0],"16":[3,1],"17":[1,0],"18":[1,0]}}
,"/home/osama-khaireldin/fresh-react/src/application/services/AuthService.ts": {"path":"/home/osama-khaireldin/fresh-react/src/application/services/AuthService.ts","statementMap":{"0":{"start":{"line":9,"column":21},"end":{"line":9,"column":51}},"1":{"start":{"line":10,"column":21},"end":{"line":10,"column":61}},"2":{"start":{"line":14,"column":17},"end":{"line":14,"column":61}},"3":{"start":{"line":15,"column":4},"end":{"line":17,"column":5}},"4":{"start":{"line":16,"column":6},"end":{"line":16,"column":45}},"5":{"start":{"line":19,"column":4},"end":{"line":22,"column":7}},"6":{"start":{"line":24,"column":4},"end":{"line":24,"column":34}}},"fnMap":{"0":{"name":"(anonymous_0)","decl":{"start":{"line":8,"column":2},"end":{"line":8,"column":null}},"loc":{"start":{"line":10,"column":61},"end":{"line":11,"column":6}}},"1":{"name":"(anonymous_1)","decl":{"start":{"line":13,"column":2},"end":{"line":13,"column":7}},"loc":{"start":{"line":13,"column":27},"end":{"line":25,"column":3}}}},"branchMap":{"0":{"loc":{"start":{"line":15,"column":4},"end":{"line":17,"column":5}},"type":"if","locations":[{"start":{"line":15,"column":4},"end":{"line":17,"column":5}},{"start":{},"end":{}}]}},"s":{"0":7,"1":7,"2":7,"3":6,"4":2,"5":4,"6":3},"f":{"0":7,"1":7},"b":{"0":[2,4]}}
,"/home/osama-khaireldin/fresh-react/src/application/usecases/ordersService.ts": {"path":"/home/osama-khaireldin/fresh-react/src/application/usecases/ordersService.ts","statementMap":{"0":{"start":{"line":22,"column":12},"end":{"line":22,"column":30}},"1":{"start":{"line":23,"column":0},"end":{"line":23,"column":23}},"2":{"start":{"line":24,"column":28},"end":{"line":24,"column":45}},"3":{"start":{"line":25,"column":40},"end":{"line":25,"column":68}},"4":{"start":{"line":26,"column":30},"end":{"line":26,"column":53}},"5":{"start":{"line":27,"column":35},"end":{"line":29,"column":2}},"6":{"start":{"line":31,"column":23},"end":{"line":34,"column":1}},"7":{"start":{"line":32,"column":2},"end":{"line":32,"column":55}},"8":{"start":{"line":32,"column":45},"end":{"line":32,"column":55}},"9":{"start":{"line":33,"column":2},"end":{"line":33,"column":30}},"10":{"start":{"line":36,"column":20},"end":{"line":45,"column":1}},"11":{"start":{"line":37,"column":2},"end":{"line":39,"column":3}},"12":{"start":{"line":38,"column":4},"end":{"line":38,"column":49}},"13":{"start":{"line":40,"column":2},"end":{"line":43,"column":3}},"14":{"start":{"line":41,"column":20},"end":{"line":41,"column":68}},"15":{"start":{"line":42,"column":4},"end":{"line":42,"column":53}},"16":{"start":{"line":44,"column":2},"end":{"line":44,"column":14}},"17":{"start":{"line":47,"column":22},"end":{"line":48,"column":79}},"18":{"start":{"line":48,"column":2},"end":{"line":48,"column":79}},"19":{"start":{"line":50,"column":33},"end":{"line":55,"column":1}},"20":{"start":{"line":51,"column":15},"end":{"line":51,"column":36}},"21":{"start":{"line":52,"column":2},"end":{"line":52,"column":23}},"22":{"start":{"line":52,"column":13},"end":{"line":52,"column":23}},"23":{"start":{"line":53,"column":18},"end":{"line":53,"column":45}},"24":{"start":{"line":54,"column":2},"end":{"line":54,"column":45}},"25":{"start":{"line":57,"column":26},"end":{"line":63,"column":1}},"26":{"start":{"line":58,"column":2},"end":{"line":61,"column":3}},"27":{"start":{"line":59,"column":20},"end":{"line":59,"column":65}},"28":{"start":{"line":60,"column":4},"end":{"line":60,"column":32}},"29":{"start":{"line":60,"column":17},"end":{"line":60,"column":32}},"30":{"start":{"line":62,"column":2},"end":{"line":62,"column":12}},"31":{"start":{"line":65,"column":23},"end":{"line":85,"column":1}},"32":{"start":{"line":66,"column":2},"end":{"line":66,"column":46}},"33":{"start":{"line":66,"column":33},"end":{"line":66,"column":46}},"34":{"start":{"line":67,"column":2},"end":{"line":70,"column":3}},"35":{"start":{"line":68,"column":17},"end":{"line":68,"column":42}},"36":{"start":{"line":69,"column":4},"end":{"line":69,"column":56}},"37":{"start":{"line":69,"column":31},"end":{"line":69,"column":56}},"38":{"start":{"line":71,"column":2},"end":{"line":79,"column":3}},"39":{"start":{"line":72,"column":20},"end":{"line":72,"column":32}},"40":{"start":{"line":73,"column":4},"end":{"line":78,"column":5}},"41":{"start":{"line":74,"column":6},"end":{"line":74,"column":66}},"42":{"start":{"line":74,"column":37},"end":{"line":74,"column":66}},"43":{"start":{"line":75,"column":19},"end":{"line":75,"column":87}},"44":{"start":{"line":76,"column":21},"end":{"line":76,"column":41}},"45":{"start":{"line":77,"column":6},"end":{"line":77,"column":34}},"46":{"start":{"line":80,"column":2},"end":{"line":83,"column":3}},"47":{"start":{"line":81,"column":17},"end":{"line":81,"column":97}},"48":{"start":{"line":82,"column":4},"end":{"line":82,"column":46}},"49":{"start":{"line":84,"column":2},"end":{"line":84,"column":24}},"50":{"start":{"line":88,"column":18},"end":{"line":88,"column":25}},"51":{"start":{"line":89,"column":2},"end":{"line":95,"column":3}},"52":{"start":{"line":90,"column":4},"end":{"line":94,"column":5}},"53":{"start":{"line":91,"column":6},"end":{"line":91,"column":33}},"54":{"start":{"line":93,"column":6},"end":{"line":93,"column":16}},"55":{"start":{"line":96,"column":2},"end":{"line":96,"column":51}},"56":{"start":{"line":96,"column":41},"end":{"line":96,"column":51}},"57":{"start":{"line":99,"column":4},"end":{"line":103,"column":10}},"58":{"start":{"line":104,"column":19},"end":{"line":104,"column":30}},"59":{"start":{"line":105,"column":25},"end":{"line":130,"column":4}},"60":{"start":{"line":106,"column":23},"end":{"line":106,"column":69}},"61":{"start":{"line":108,"column":6},"end":{"line":109,"column":16}},"62":{"start":{"line":111,"column":6},"end":{"line":115,"column":67}},"63":{"start":{"line":116,"column":31},"end":{"line":116,"column":68}},"64":{"start":{"line":118,"column":4},"end":{"line":129,"column":6}},"65":{"start":{"line":132,"column":24},"end":{"line":132,"column":90}},"66":{"start":{"line":132,"column":61},"end":{"line":132,"column":89}},"67":{"start":{"line":133,"column":24},"end":{"line":172,"column":4}},"68":{"start":{"line":134,"column":16},"end":{"line":134,"column":66}},"69":{"start":{"line":135,"column":27},"end":{"line":135,"column":59}},"70":{"start":{"line":136,"column":22},"end":{"line":136,"column":57}},"71":{"start":{"line":138,"column":6},"end":{"line":138,"column":99}},"72":{"start":{"line":139,"column":28},"end":{"line":140,"column":null}},"73":{"start":{"line":143,"column":6},"end":{"line":145,"column":42}},"74":{"start":{"line":146,"column":25},"end":{"line":146,"column":108}},"75":{"start":{"line":148,"column":6},"end":{"line":163,"column":12}},"76":{"start":{"line":164,"column":4},"end":{"line":171,"column":6}},"77":{"start":{"line":174,"column":30},"end":{"line":174,"column":70}},"78":{"start":{"line":175,"column":24},"end":{"line":175,"column":99}},"79":{"start":{"line":175,"column":73},"end":{"line":175,"column":95}},"80":{"start":{"line":177,"column":4},"end":{"line":179,"column":21}},"81":{"start":{"line":181,"column":27},"end":{"line":181,"column":62}},"82":{"start":{"line":182,"column":27},"end":{"line":182,"column":62}},"83":{"start":{"line":183,"column":27},"end":{"line":183,"column":62}},"84":{"start":{"line":184,"column":29},"end":{"line":184,"column":66}},"85":{"start":{"line":186,"column":28},"end":{"line":187,"column":null}},"86":{"start":{"line":187,"column":53},"end":{"line":187,"column":81}},"87":{"start":{"line":189,"column":19},"end":{"line":189,"column":56}},"88":{"start":{"line":190,"column":19},"end":{"line":190,"column":47}},"89":{"start":{"line":191,"column":19},"end":{"line":191,"column":40}},"90":{"start":{"line":192,"column":21},"end":{"line":192,"column":77}},"91":{"start":{"line":195,"column":4},"end":{"line":197,"column":9}},"92":{"start":{"line":196,"column":63},"end":{"line":196,"column":77}},"93":{"start":{"line":198,"column":19},"end":{"line":198,"column":78}},"94":{"start":{"line":200,"column":19},"end":{"line":207,"column":4}},"95":{"start":{"line":209,"column":13},"end":{"line":209,"column":60}},"96":{"start":{"line":210,"column":29},"end":{"line":214,"column":null}},"97":{"start":{"line":217,"column":4},"end":{"line":217,"column":74}},"98":{"start":{"line":218,"column":21},"end":{"line":218,"column":76}},"99":{"start":{"line":220,"column":2},"end":{"line":237,"column":4}},"100":{"start":{"line":240,"column":22},"end":{"line":244,"column":2}},"101":{"start":{"line":240,"column":62},"end":{"line":244,"column":2}},"102":{"start":{"line":246,"column":26},"end":{"line":246,"column":76}},"103":{"start":{"line":246,"column":56},"end":{"line":246,"column":76}},"104":{"start":{"line":248,"column":20},"end":{"line":252,"column":1}},"105":{"start":{"line":249,"column":2},"end":{"line":249,"column":30}},"106":{"start":{"line":249,"column":14},"end":{"line":249,"column":30}},"107":{"start":{"line":250,"column":15},"end":{"line":250,"column":30}},"108":{"start":{"line":251,"column":2},"end":{"line":251,"column":56}},"109":{"start":{"line":254,"column":39},"end":{"line":272,"column":1}},"110":{"start":{"line":255,"column":14},"end":{"line":255,"column":111}},"111":{"start":{"line":255,"column":35},"end":{"line":255,"column":110}},"112":{"start":{"line":256,"column":29},"end":{"line":256,"column":87}},"113":{"start":{"line":258,"column":4},"end":{"line":260,"column":26}},"114":{"start":{"line":262,"column":20},"end":{"line":270,"column":4}},"115":{"start":{"line":271,"column":2},"end":{"line":271,"column":30}},"116":{"start":{"line":274,"column":29},"end":{"line":277,"column":2}},"117":{"start":{"line":274,"column":90},"end":{"line":277,"column":2}},"118":{"start":{"line":279,"column":42},"end":{"line":280,"column":49}},"119":{"start":{"line":280,"column":2},"end":{"line":280,"column":49}},"120":{"start":{"line":282,"column":30},"end":{"line":318,"column":1}},"121":{"start":{"line":289,"column":18},"end":{"line":289,"column":62}},"122":{"start":{"line":290,"column":25},"end":{"line":290,"column":86}},"123":{"start":{"line":291,"column":2},"end":{"line":298,"column":3}},"124":{"start":{"line":292,"column":4},"end":{"line":297,"column":6}},"125":{"start":{"line":300,"column":18},"end":{"line":300,"column":90}},"126":{"start":{"line":301,"column":2},"end":{"line":317,"column":3}},"127":{"start":{"line":302,"column":4},"end":{"line":307,"column":7}},"128":{"start":{"line":308,"column":4},"end":{"line":308,"column":24}},"129":{"start":{"line":310,"column":4},"end":{"line":310,"column":58}},"130":{"start":{"line":311,"column":4},"end":{"line":316,"column":6}},"131":{"start":{"line":320,"column":28},"end":{"line":320,"column":37}},"132":{"start":{"line":320,"column":34},"end":{"line":320,"column":37}},"133":{"start":{"line":322,"column":21},"end":{"line":327,"column":1}},"134":{"start":{"line":323,"column":2},"end":{"line":325,"column":3}},"135":{"start":{"line":324,"column":4},"end":{"line":324,"column":28}},"136":{"start":{"line":326,"column":2},"end":{"line":326,"column":16}},"137":{"start":{"line":329,"column":30},"end":{"line":329,"column":86}},"138":{"start":{"line":329,"column":53},"end":{"line":329,"column":86}},"139":{"start":{"line":331,"column":35},"end":{"line":447,"column":1}},"140":{"start":{"line":332,"column":18},"end":{"line":332,"column":42}},"141":{"start":{"line":333,"column":22},"end":{"line":333,"column":64}},"142":{"start":{"line":334,"column":23},"end":{"line":334,"column":77}},"143":{"start":{"line":335,"column":24},"end":{"line":335,"column":69}},"144":{"start":{"line":336,"column":21},"end":{"line":336,"column":76}},"145":{"start":{"line":337,"column":23},"end":{"line":337,"column":69}},"146":{"start":{"line":339,"column":4},"end":{"line":339,"column":107}},"147":{"start":{"line":341,"column":19},"end":{"line":380,"column":13}},"148":{"start":{"line":343,"column":20},"end":{"line":343,"column":46}},"149":{"start":{"line":344,"column":27},"end":{"line":344,"column":90}},"150":{"start":{"line":345,"column":23},"end":{"line":345,"column":98}},"151":{"start":{"line":347,"column":8},"end":{"line":354,"column":null}},"152":{"start":{"line":356,"column":24},"end":{"line":356,"column":87}},"153":{"start":{"line":358,"column":8},"end":{"line":358,"column":85}},"154":{"start":{"line":360,"column":8},"end":{"line":360,"column":111}},"155":{"start":{"line":362,"column":8},"end":{"line":362,"column":76}},"156":{"start":{"line":364,"column":6},"end":{"line":378,"column":15}},"157":{"start":{"line":382,"column":23},"end":{"line":395,"column":8}},"158":{"start":{"line":397,"column":2},"end":{"line":446,"column":12}},"159":{"start":{"line":450,"column":16},"end":{"line":450,"column":63}},"160":{"start":{"line":451,"column":15},"end":{"line":451,"column":38}},"161":{"start":{"line":452,"column":2},"end":{"line":452,"column":33}},"162":{"start":{"line":469,"column":16},"end":{"line":469,"column":42}},"163":{"start":{"line":470,"column":22},"end":{"line":470,"column":60}},"164":{"start":{"line":471,"column":25},"end":{"line":471,"column":69}},"165":{"start":{"line":472,"column":30},"end":{"line":472,"column":84}},"166":{"start":{"line":474,"column":4},"end":{"line":474,"column":98}},"167":{"start":{"line":475,"column":16},"end":{"line":475,"column":63}},"168":{"start":{"line":476,"column":18},"end":{"line":476,"column":60}},"169":{"start":{"line":477,"column":23},"end":{"line":483,"column":4}},"170":{"start":{"line":484,"column":2},"end":{"line":484,"column":63}},"171":{"start":{"line":485,"column":2},"end":{"line":489,"column":3}},"172":{"start":{"line":486,"column":23},"end":{"line":486,"column":73}},"173":{"start":{"line":487,"column":4},"end":{"line":487,"column":27}},"174":{"start":{"line":488,"column":4},"end":{"line":488,"column":16}},"175":{"start":{"line":490,"column":2},"end":{"line":514,"column":3}},"176":{"start":{"line":491,"column":17},"end":{"line":491,"column":90}},"177":{"start":{"line":492,"column":26},"end":{"line":496,"column":10}},"178":{"start":{"line":498,"column":4},"end":{"line":513,"column":5}},"179":{"start":{"line":499,"column":6},"end":{"line":512,"column":52}},"180":{"start":{"line":500,"column":29},"end":{"line":511,"column":10}},"181":{"start":{"line":512,"column":28},"end":{"line":512,"column":50}},"182":{"start":{"line":515,"column":2},"end":{"line":519,"column":3}},"183":{"start":{"line":516,"column":23},"end":{"line":516,"column":56}},"184":{"start":{"line":517,"column":4},"end":{"line":517,"column":27}},"185":{"start":{"line":518,"column":4},"end":{"line":518,"column":16}},"186":{"start":{"line":521,"column":14},"end":{"line":521,"column":25}},"187":{"start":{"line":522,"column":17},"end":{"line":522,"column":56}},"188":{"start":{"line":524,"column":2},"end":{"line":533,"column":3}},"189":{"start":{"line":525,"column":22},"end":{"line":525,"column":92}},"190":{"start":{"line":526,"column":4},"end":{"line":532,"column":5}},"191":{"start":{"line":527,"column":25},"end":{"line":528,"column":null}},"192":{"start":{"line":530,"column":6},"end":{"line":530,"column":29}},"193":{"start":{"line":531,"column":6},"end":{"line":531,"column":18}},"194":{"start":{"line":535,"column":20},"end":{"line":535,"column":64}},"195":{"start":{"line":536,"column":20},"end":{"line":536,"column":64}},"196":{"start":{"line":537,"column":20},"end":{"line":537,"column":50}},"197":{"start":{"line":538,"column":21},"end":{"line":543,"column":4}},"198":{"start":{"line":544,"column":20},"end":{"line":544,"column":43}},"199":{"start":{"line":546,"column":2},"end":{"line":560,"column":3}},"200":{"start":{"line":547,"column":25},"end":{"line":547,"column":77}},"201":{"start":{"line":548,"column":22},"end":{"line":548,"column":61}},"202":{"start":{"line":549,"column":21},"end":{"line":549,"column":68}},"203":{"start":{"line":550,"column":22},"end":{"line":550,"column":60}},"204":{"start":{"line":551,"column":4},"end":{"line":559,"column":5}},"205":{"start":{"line":552,"column":23},"end":{"line":552,"column":60}},"206":{"start":{"line":553,"column":6},"end":{"line":553,"column":74}},"207":{"start":{"line":555,"column":6},"end":{"line":558,"column":9}},"208":{"start":{"line":562,"column":19},"end":{"line":562,"column":43}},"209":{"start":{"line":563,"column":2},"end":{"line":563,"column":34}},"210":{"start":{"line":565,"column":2},"end":{"line":581,"column":3}},"211":{"start":{"line":566,"column":23},"end":{"line":566,"column":59}},"212":{"start":{"line":567,"column":23},"end":{"line":567,"column":112}},"213":{"start":{"line":568,"column":29},"end":{"line":568,"column":77}},"214":{"start":{"line":569,"column":4},"end":{"line":575,"column":7}},"215":{"start":{"line":577,"column":4},"end":{"line":580,"column":7}},"216":{"start":{"line":583,"column":2},"end":{"line":583,"column":48}},"217":{"start":{"line":587,"column":16},"end":{"line":587,"column":63}},"218":{"start":{"line":588,"column":18},"end":{"line":588,"column":54}},"219":{"start":{"line":589,"column":2},"end":{"line":589,"column":49}},"220":{"start":{"line":599,"column":22},"end":{"line":611,"column":4}},"221":{"start":{"line":613,"column":25},"end":{"line":613,"column":72}},"222":{"start":{"line":614,"column":30},"end":{"line":614,"column":87}},"223":{"start":{"line":616,"column":4},"end":{"line":616,"column":84}},"224":{"start":{"line":618,"column":17},"end":{"line":623,"column":null}},"225":{"start":{"line":625,"column":2},"end":{"line":631,"column":3}},"226":{"start":{"line":627,"column":7},"end":{"line":627,"column":106}},"227":{"start":{"line":628,"column":21},"end":{"line":628,"column":39}},"228":{"start":{"line":629,"column":4},"end":{"line":629,"column":61}},"229":{"start":{"line":630,"column":4},"end":{"line":630,"column":14}},"230":{"start":{"line":632,"column":2},"end":{"line":632,"column":22}}},"fnMap":{"0":{"name":"(anonymous_0)","decl":{"start":{"line":31,"column":23},"end":{"line":31,"column":24}},"loc":{"start":{"line":31,"column":42},"end":{"line":34,"column":1}}},"1":{"name":"(anonymous_1)","decl":{"start":{"line":36,"column":20},"end":{"line":36,"column":21}},"loc":{"start":{"line":36,"column":54},"end":{"line":45,"column":1}}},"2":{"name":"(anonymous_2)","decl":{"start":{"line":47,"column":22},"end":{"line":47,"column":23}},"loc":{"start":{"line":48,"column":2},"end":{"line":48,"column":79}}},"3":{"name":"(anonymous_3)","decl":{"start":{"line":50,"column":33},"end":{"line":50,"column":34}},"loc":{"start":{"line":50,"column":60},"end":{"line":55,"column":1}}},"4":{"name":"(anonymous_4)","decl":{"start":{"line":57,"column":26},"end":{"line":57,"column":27}},"loc":{"start":{"line":57,"column":55},"end":{"line":63,"column":1}}},"5":{"name":"(anonymous_5)","decl":{"start":{"line":65,"column":23},"end":{"line":65,"column":24}},"loc":{"start":{"line":65,"column":61},"end":{"line":85,"column":1}}},"6":{"name":"sanitizeOrderPayload","decl":{"start":{"line":87,"column":16},"end":{"line":87,"column":36}},"loc":{"start":{"line":87,"column":96},"end":{"line":238,"column":1}}},"7":{"name":"(anonymous_7)","decl":{"start":{"line":105,"column":38},"end":{"line":105,"column":39}},"loc":{"start":{"line":105,"column":52},"end":{"line":130,"column":3}}},"8":{"name":"(anonymous_8)","decl":{"start":{"line":132,"column":46},"end":{"line":132,"column":47}},"loc":{"start":{"line":132,"column":61},"end":{"line":132,"column":89}}},"9":{"name":"(anonymous_9)","decl":{"start":{"line":133,"column":42},"end":{"line":133,"column":43}},"loc":{"start":{"line":133,"column":56},"end":{"line":172,"column":3}}},"10":{"name":"(anonymous_10)","decl":{"start":{"line":175,"column":45},"end":{"line":175,"column":46}},"loc":{"start":{"line":175,"column":73},"end":{"line":175,"column":95}}},"11":{"name":"(anonymous_11)","decl":{"start":{"line":187,"column":25},"end":{"line":187,"column":26}},"loc":{"start":{"line":187,"column":53},"end":{"line":187,"column":81}}},"12":{"name":"(anonymous_12)","decl":{"start":{"line":196,"column":48},"end":{"line":196,"column":49}},"loc":{"start":{"line":196,"column":63},"end":{"line":196,"column":77}}},"13":{"name":"(anonymous_13)","decl":{"start":{"line":240,"column":22},"end":{"line":240,"column":23}},"loc":{"start":{"line":240,"column":62},"end":{"line":244,"column":2}}},"14":{"name":"(anonymous_14)","decl":{"start":{"line":246,"column":26},"end":{"line":246,"column":27}},"loc":{"start":{"line":246,"column":56},"end":{"line":246,"column":76}}},"15":{"name":"(anonymous_15)","decl":{"start":{"line":248,"column":20},"end":{"line":248,"column":21}},"loc":{"start":{"line":248,"column":51},"end":{"line":252,"column":1}}},"16":{"name":"(anonymous_16)","decl":{"start":{"line":254,"column":39},"end":{"line":254,"column":40}},"loc":{"start":{"line":254,"column":79},"end":{"line":272,"column":1}}},"17":{"name":"(anonymous_17)","decl":{"start":{"line":255,"column":14},"end":{"line":255,"column":15}},"loc":{"start":{"line":255,"column":35},"end":{"line":255,"column":110}}},"18":{"name":"(anonymous_18)","decl":{"start":{"line":274,"column":29},"end":{"line":274,"column":30}},"loc":{"start":{"line":274,"column":90},"end":{"line":277,"column":2}}},"19":{"name":"(anonymous_19)","decl":{"start":{"line":279,"column":42},"end":{"line":279,"column":43}},"loc":{"start":{"line":280,"column":2},"end":{"line":280,"column":49}}},"20":{"name":"(anonymous_20)","decl":{"start":{"line":282,"column":30},"end":{"line":282,"column":35}},"loc":{"start":{"line":288,"column":4},"end":{"line":318,"column":1}}},"21":{"name":"(anonymous_21)","decl":{"start":{"line":320,"column":28},"end":{"line":320,"column":31}},"loc":{"start":{"line":320,"column":34},"end":{"line":320,"column":37}}},"22":{"name":"(anonymous_22)","decl":{"start":{"line":322,"column":21},"end":{"line":322,"column":22}},"loc":{"start":{"line":322,"column":58},"end":{"line":327,"column":1}}},"23":{"name":"(anonymous_23)","decl":{"start":{"line":329,"column":30},"end":{"line":329,"column":31}},"loc":{"start":{"line":329,"column":53},"end":{"line":329,"column":86}}},"24":{"name":"(anonymous_24)","decl":{"start":{"line":331,"column":35},"end":{"line":331,"column":36}},"loc":{"start":{"line":331,"column":52},"end":{"line":447,"column":1}}},"25":{"name":"(anonymous_25)","decl":{"start":{"line":342,"column":9},"end":{"line":342,"column":10}},"loc":{"start":{"line":342,"column":23},"end":{"line":379,"column":5}}},"26":{"name":"listOrders","decl":{"start":{"line":449,"column":22},"end":{"line":449,"column":32}},"loc":{"start":{"line":449,"column":71},"end":{"line":453,"column":1}}},"27":{"name":"createOrder","decl":{"start":{"line":463,"column":22},"end":{"line":463,"column":33}},"loc":{"start":{"line":467,"column":37},"end":{"line":584,"column":1}}},"28":{"name":"(anonymous_28)","decl":{"start":{"line":500,"column":13},"end":{"line":500,"column":14}},"loc":{"start":{"line":500,"column":29},"end":{"line":511,"column":10}}},"29":{"name":"(anonymous_29)","decl":{"start":{"line":512,"column":16},"end":{"line":512,"column":17}},"loc":{"start":{"line":512,"column":28},"end":{"line":512,"column":50}}},"30":{"name":"updateOrderStatus","decl":{"start":{"line":586,"column":22},"end":{"line":586,"column":39}},"loc":{"start":{"line":586,"column":91},"end":{"line":590,"column":1}}},"31":{"name":"notifyTelegramTest","decl":{"start":{"line":598,"column":22},"end":{"line":598,"column":40}},"loc":{"start":{"line":598,"column":80},"end":{"line":633,"column":1}}}},"branchMap":{"0":{"loc":{"start":{"line":32,"column":2},"end":{"line":32,"column":55}},"type":"if","locations":[{"start":{"line":32,"column":2},"end":{"line":32,"column":55}},{"start":{},"end":{}}]},"1":{"loc":{"start":{"line":32,"column":6},"end":{"line":32,"column":43}},"type":"binary-expr","locations":[{"start":{"line":32,"column":6},"end":{"line":32,"column":20}},{"start":{"line":32,"column":24},"end":{"line":32,"column":43}}]},"2":{"loc":{"start":{"line":37,"column":2},"end":{"line":39,"column":3}},"type":"if","locations":[{"start":{"line":37,"column":2},"end":{"line":39,"column":3}},{"start":{},"end":{}}]},"3":{"loc":{"start":{"line":38,"column":11},"end":{"line":38,"column":48}},"type":"cond-expr","locations":[{"start":{"line":38,"column":36},"end":{"line":38,"column":41}},{"start":{"line":38,"column":44},"end":{"line":38,"column":48}}]},"4":{"loc":{"start":{"line":40,"column":2},"end":{"line":43,"column":3}},"type":"if","locations":[{"start":{"line":40,"column":2},"end":{"line":43,"column":3}},{"start":{},"end":{}}]},"5":{"loc":{"start":{"line":40,"column":6},"end":{"line":40,"column":54}},"type":"binary-expr","locations":[{"start":{"line":40,"column":6},"end":{"line":40,"column":31}},{"start":{"line":40,"column":35},"end":{"line":40,"column":54}}]},"6":{"loc":{"start":{"line":42,"column":11},"end":{"line":42,"column":52}},"type":"cond-expr","locations":[{"start":{"line":42,"column":38},"end":{"line":42,"column":45}},{"start":{"line":42,"column":48},"end":{"line":42,"column":52}}]},"7":{"loc":{"start":{"line":48,"column":2},"end":{"line":48,"column":79}},"type":"cond-expr","locations":[{"start":{"line":48,"column":27},"end":{"line":48,"column":75}},{"start":{"line":48,"column":78},"end":{"line":48,"column":79}}]},"8":{"loc":{"start":{"line":52,"column":2},"end":{"line":52,"column":23}},"type":"if","locations":[{"start":{"line":52,"column":2},"end":{"line":52,"column":23}},{"start":{},"end":{}}]},"9":{"loc":{"start":{"line":54,"column":9},"end":{"line":54,"column":44}},"type":"binary-expr","locations":[{"start":{"line":54,"column":9},"end":{"line":54,"column":38}},{"start":{"line":54,"column":42},"end":{"line":54,"column":44}}]},"10":{"loc":{"start":{"line":60,"column":4},"end":{"line":60,"column":32}},"type":"if","locations":[{"start":{"line":60,"column":4},"end":{"line":60,"column":32}},{"start":{},"end":{}}]},"11":{"loc":{"start":{"line":65,"column":40},"end":{"line":65,"column":57}},"type":"default-arg","locations":[{"start":{"line":65,"column":55},"end":{"line":65,"column":57}}]},"12":{"loc":{"start":{"line":66,"column":2},"end":{"line":66,"column":46}},"type":"if","locations":[{"start":{"line":66,"column":2},"end":{"line":66,"column":46}},{"start":{},"end":{}}]},"13":{"loc":{"start":{"line":67,"column":2},"end":{"line":70,"column":3}},"type":"if","locations":[{"start":{"line":67,"column":2},"end":{"line":70,"column":3}},{"start":{},"end":{}}]},"14":{"loc":{"start":{"line":67,"column":6},"end":{"line":67,"column":83}},"type":"binary-expr","locations":[{"start":{"line":67,"column":6},"end":{"line":67,"column":11}},{"start":{"line":67,"column":15},"end":{"line":67,"column":40}},{"start":{"line":67,"column":44},"end":{"line":67,"column":83}}]},"15":{"loc":{"start":{"line":69,"column":4},"end":{"line":69,"column":56}},"type":"if","locations":[{"start":{"line":69,"column":4},"end":{"line":69,"column":56}},{"start":{},"end":{}}]},"16":{"loc":{"start":{"line":71,"column":2},"end":{"line":79,"column":3}},"type":"if","locations":[{"start":{"line":71,"column":2},"end":{"line":79,"column":3}},{"start":{},"end":{}}]},"17":{"loc":{"start":{"line":73,"column":4},"end":{"line":78,"column":5}},"type":"if","locations":[{"start":{"line":73,"column":4},"end":{"line":78,"column":5}},{"start":{},"end":{}}]},"18":{"loc":{"start":{"line":74,"column":6},"end":{"line":74,"column":66}},"type":"if","locations":[{"start":{"line":74,"column":6},"end":{"line":74,"column":66}},{"start":{},"end":{}}]},"19":{"loc":{"start":{"line":80,"column":2},"end":{"line":83,"column":3}},"type":"if","locations":[{"start":{"line":80,"column":2},"end":{"line":83,"column":3}},{"start":{},"end":{}}]},"20":{"loc":{"start":{"line":80,"column":6},"end":{"line":80,"column":77}},"type":"binary-expr","locations":[{"start":{"line":80,"column":6},"end":{"line":80,"column":18}},{"start":{"line":80,"column":22},"end":{"line":80,"column":54}},{"start":{"line":80,"column":58},"end":{"line":80,"column":77}}]},"21":{"loc":{"start":{"line":87,"column":51},"end":{"line":87,"column":96}},"type":"default-arg","locations":[{"start":{"line":87,"column":78},"end":{"line":87,"column":96}}]},"22":{"loc":{"start":{"line":89,"column":2},"end":{"line":95,"column":3}},"type":"if","locations":[{"start":{"line":89,"column":2},"end":{"line":95,"column":3}},{"start":{},"end":{}}]},"23":{"loc":{"start":{"line":89,"column":6},"end":{"line":89,"column":58}},"type":"binary-expr","locations":[{"start":{"line":89,"column":6},"end":{"line":89,"column":33}},{"start":{"line":89,"column":37},"end":{"line":89,"column":58}}]},"24":{"loc":{"start":{"line":96,"column":2},"end":{"line":96,"column":51}},"type":"if","locations":[{"start":{"line":96,"column":2},"end":{"line":96,"column":51}},{"start":{},"end":{}}]},"25":{"loc":{"start":{"line":96,"column":6},"end":{"line":96,"column":39}},"type":"binary-expr","locations":[{"start":{"line":96,"column":6},"end":{"line":96,"column":11}},{"start":{"line":96,"column":15},"end":{"line":96,"column":39}}]},"26":{"loc":{"start":{"line":99,"column":4},"end":{"line":103,"column":10}},"type":"cond-expr","locations":[{"start":{"line":100,"column":8},"end":{"line":100,"column":18}},{"start":{"line":101,"column":8},"end":{"line":103,"column":10}}]},"27":{"loc":{"start":{"line":99,"column":4},"end":{"line":99,"column":54}},"type":"binary-expr","locations":[{"start":{"line":99,"column":4},"end":{"line":99,"column":29}},{"start":{"line":99,"column":33},"end":{"line":99,"column":54}}]},"28":{"loc":{"start":{"line":101,"column":8},"end":{"line":103,"column":10}},"type":"cond-expr","locations":[{"start":{"line":102,"column":8},"end":{"line":102,"column":23}},{"start":{"line":103,"column":8},"end":{"line":103,"column":10}}]},"29":{"loc":{"start":{"line":101,"column":8},"end":{"line":101,"column":68}},"type":"binary-expr","locations":[{"start":{"line":101,"column":8},"end":{"line":101,"column":38}},{"start":{"line":101,"column":42},"end":{"line":101,"column":68}}]},"30":{"loc":{"start":{"line":106,"column":23},"end":{"line":106,"column":69}},"type":"binary-expr","locations":[{"start":{"line":106,"column":23},"end":{"line":106,"column":36}},{"start":{"line":106,"column":40},"end":{"line":106,"column":61}},{"start":{"line":106,"column":65},"end":{"line":106,"column":69}}]},"31":{"loc":{"start":{"line":108,"column":6},"end":{"line":109,"column":16}},"type":"binary-expr","locations":[{"start":{"line":108,"column":6},"end":{"line":108,"column":93}},{"start":{"line":109,"column":6},"end":{"line":109,"column":16}}]},"32":{"loc":{"start":{"line":108,"column":21},"end":{"line":108,"column":92}},"type":"binary-expr","locations":[{"start":{"line":108,"column":21},"end":{"line":108,"column":37}},{"start":{"line":108,"column":41},"end":{"line":108,"column":57}},{"start":{"line":108,"column":61},"end":{"line":108,"column":78}},{"start":{"line":108,"column":82},"end":{"line":108,"column":92}}]},"33":{"loc":{"start":{"line":111,"column":6},"end":{"line":115,"column":67}},"type":"binary-expr","locations":[{"start":{"line":111,"column":6},"end":{"line":114,"column":null}},{"start":{"line":115,"column":11},"end":{"line":115,"column":35}},{"start":{"line":115,"column":39},"end":{"line":115,"column":67}}]},"34":{"loc":{"start":{"line":112,"column":8},"end":{"line":114,"column":29}},"type":"cond-expr","locations":[{"start":{"line":113,"column":12},"end":{"line":113,"column":65}},{"start":{"line":114,"column":12},"end":{"line":114,"column":29}}]},"35":{"loc":{"start":{"line":112,"column":8},"end":{"line":112,"column":75}},"type":"binary-expr","locations":[{"start":{"line":112,"column":8},"end":{"line":112,"column":45}},{"start":{"line":112,"column":49},"end":{"line":112,"column":75}}]},"36":{"loc":{"start":{"line":113,"column":12},"end":{"line":113,"column":65}},"type":"binary-expr","locations":[{"start":{"line":113,"column":12},"end":{"line":113,"column":37}},{"start":{"line":113,"column":41},"end":{"line":113,"column":65}}]},"37":{"loc":{"start":{"line":116,"column":46},"end":{"line":116,"column":67}},"type":"binary-expr","locations":[{"start":{"line":116,"column":46},"end":{"line":116,"column":61}},{"start":{"line":116,"column":65},"end":{"line":116,"column":67}}]},"38":{"loc":{"start":{"line":120,"column":13},"end":{"line":120,"column":57}},"type":"binary-expr","locations":[{"start":{"line":120,"column":13},"end":{"line":120,"column":40}},{"start":{"line":120,"column":44},"end":{"line":120,"column":57}}]},"39":{"loc":{"start":{"line":121,"column":23},"end":{"line":121,"column":42}},"type":"binary-expr","locations":[{"start":{"line":121,"column":23},"end":{"line":121,"column":37}},{"start":{"line":121,"column":41},"end":{"line":121,"column":42}}]},"40":{"loc":{"start":{"line":127,"column":15},"end":{"line":127,"column":94}},"type":"cond-expr","locations":[{"start":{"line":127,"column":53},"end":{"line":127,"column":87}},{"start":{"line":127,"column":90},"end":{"line":127,"column":94}}]},"41":{"loc":{"start":{"line":132,"column":61},"end":{"line":132,"column":89}},"type":"binary-expr","locations":[{"start":{"line":132,"column":61},"end":{"line":132,"column":68}},{"start":{"line":132,"column":72},"end":{"line":132,"column":89}}]},"42":{"loc":{"start":{"line":134,"column":16},"end":{"line":134,"column":66}},"type":"cond-expr","locations":[{"start":{"line":134,"column":49},"end":{"line":134,"column":62}},{"start":{"line":134,"column":65},"end":{"line":134,"column":66}}]},"43":{"loc":{"start":{"line":135,"column":27},"end":{"line":135,"column":59}},"type":"binary-expr","locations":[{"start":{"line":135,"column":27},"end":{"line":135,"column":54}},{"start":{"line":135,"column":58},"end":{"line":135,"column":59}}]},"44":{"loc":{"start":{"line":138,"column":6},"end":{"line":138,"column":99}},"type":"binary-expr","locations":[{"start":{"line":138,"column":6},"end":{"line":138,"column":85}},{"start":{"line":138,"column":89},"end":{"line":138,"column":99}}]},"45":{"loc":{"start":{"line":138,"column":21},"end":{"line":138,"column":84}},"type":"binary-expr","locations":[{"start":{"line":138,"column":21},"end":{"line":138,"column":39}},{"start":{"line":138,"column":43},"end":{"line":138,"column":62}},{"start":{"line":138,"column":66},"end":{"line":138,"column":84}}]},"46":{"loc":{"start":{"line":140,"column":6},"end":{"line":140,"column":98}},"type":"binary-expr","locations":[{"start":{"line":140,"column":6},"end":{"line":140,"column":28}},{"start":{"line":140,"column":32},"end":{"line":140,"column":54}},{"start":{"line":140,"column":58},"end":{"line":140,"column":98}}]},"47":{"loc":{"start":{"line":143,"column":6},"end":{"line":145,"column":42}},"type":"cond-expr","locations":[{"start":{"line":144,"column":10},"end":{"line":144,"column":80}},{"start":{"line":145,"column":10},"end":{"line":145,"column":42}}]},"48":{"loc":{"start":{"line":143,"column":6},"end":{"line":143,"column":77}},"type":"binary-expr","locations":[{"start":{"line":143,"column":6},"end":{"line":143,"column":45}},{"start":{"line":143,"column":49},"end":{"line":143,"column":77}}]},"49":{"loc":{"start":{"line":144,"column":22},"end":{"line":144,"column":79}},"type":"binary-expr","locations":[{"start":{"line":144,"column":22},"end":{"line":144,"column":49}},{"start":{"line":144,"column":53},"end":{"line":144,"column":79}}]},"50":{"loc":{"start":{"line":146,"column":25},"end":{"line":146,"column":108}},"type":"cond-expr","locations":[{"start":{"line":146,"column":60},"end":{"line":146,"column":91}},{"start":{"line":146,"column":94},"end":{"line":146,"column":108}}]},"51":{"loc":{"start":{"line":148,"column":6},"end":{"line":163,"column":12}},"type":"cond-expr","locations":[{"start":{"line":149,"column":10},"end":{"line":156,"column":null}},{"start":{"line":157,"column":10},"end":{"line":163,"column":12}}]},"52":{"loc":{"start":{"line":148,"column":6},"end":{"line":148,"column":86}},"type":"binary-expr","locations":[{"start":{"line":148,"column":6},"end":{"line":148,"column":18}},{"start":{"line":148,"column":22},"end":{"line":148,"column":54}},{"start":{"line":148,"column":58},"end":{"line":148,"column":86}}]},"53":{"loc":{"start":{"line":151,"column":18},"end":{"line":151,"column":102}},"type":"binary-expr","locations":[{"start":{"line":151,"column":18},"end":{"line":151,"column":73}},{"start":{"line":151,"column":77},"end":{"line":151,"column":102}}]},"54":{"loc":{"start":{"line":151,"column":33},"end":{"line":151,"column":72}},"type":"binary-expr","locations":[{"start":{"line":151,"column":33},"end":{"line":151,"column":50}},{"start":{"line":151,"column":54},"end":{"line":151,"column":72}}]},"55":{"loc":{"start":{"line":152,"column":19},"end":{"line":152,"column":89}},"type":"binary-expr","locations":[{"start":{"line":152,"column":19},"end":{"line":152,"column":74}},{"start":{"line":152,"column":78},"end":{"line":152,"column":89}}]},"56":{"loc":{"start":{"line":152,"column":34},"end":{"line":152,"column":73}},"type":"binary-expr","locations":[{"start":{"line":152,"column":34},"end":{"line":152,"column":52}},{"start":{"line":152,"column":56},"end":{"line":152,"column":73}}]},"57":{"loc":{"start":{"line":154,"column":22},"end":{"line":154,"column":46}},"type":"binary-expr","locations":[{"start":{"line":154,"column":22},"end":{"line":154,"column":37}},{"start":{"line":154,"column":41},"end":{"line":154,"column":46}}]},"58":{"loc":{"start":{"line":161,"column":22},"end":{"line":161,"column":46}},"type":"binary-expr","locations":[{"start":{"line":161,"column":22},"end":{"line":161,"column":37}},{"start":{"line":161,"column":41},"end":{"line":161,"column":46}}]},"59":{"loc":{"start":{"line":175,"column":80},"end":{"line":175,"column":94}},"type":"binary-expr","locations":[{"start":{"line":175,"column":80},"end":{"line":175,"column":89}},{"start":{"line":175,"column":93},"end":{"line":175,"column":94}}]},"60":{"loc":{"start":{"line":177,"column":4},"end":{"line":179,"column":21}},"type":"cond-expr","locations":[{"start":{"line":178,"column":8},"end":{"line":178,"column":27}},{"start":{"line":179,"column":8},"end":{"line":179,"column":21}}]},"61":{"loc":{"start":{"line":177,"column":4},"end":{"line":177,"column":68}},"type":"binary-expr","locations":[{"start":{"line":177,"column":4},"end":{"line":177,"column":40}},{"start":{"line":177,"column":44},"end":{"line":177,"column":68}}]},"62":{"loc":{"start":{"line":187,"column":60},"end":{"line":187,"column":80}},"type":"binary-expr","locations":[{"start":{"line":187,"column":60},"end":{"line":187,"column":75}},{"start":{"line":187,"column":79},"end":{"line":187,"column":80}}]},"63":{"loc":{"start":{"line":189,"column":19},"end":{"line":189,"column":56}},"type":"binary-expr","locations":[{"start":{"line":189,"column":19},"end":{"line":189,"column":35}},{"start":{"line":189,"column":39},"end":{"line":189,"column":56}}]},"64":{"loc":{"start":{"line":190,"column":19},"end":{"line":190,"column":47}},"type":"binary-expr","locations":[{"start":{"line":190,"column":19},"end":{"line":190,"column":35}},{"start":{"line":190,"column":39},"end":{"line":190,"column":47}}]},"65":{"loc":{"start":{"line":191,"column":19},"end":{"line":191,"column":40}},"type":"binary-expr","locations":[{"start":{"line":191,"column":19},"end":{"line":191,"column":35}},{"start":{"line":191,"column":39},"end":{"line":191,"column":40}}]},"66":{"loc":{"start":{"line":192,"column":21},"end":{"line":192,"column":77}},"type":"binary-expr","locations":[{"start":{"line":192,"column":21},"end":{"line":192,"column":39}},{"start":{"line":192,"column":43},"end":{"line":192,"column":77}}]},"67":{"loc":{"start":{"line":195,"column":4},"end":{"line":197,"column":9}},"type":"binary-expr","locations":[{"start":{"line":195,"column":4},"end":{"line":195,"column":42}},{"start":{"line":196,"column":4},"end":{"line":196,"column":96}},{"start":{"line":197,"column":4},"end":{"line":197,"column":9}}]},"68":{"loc":{"start":{"line":196,"column":29},"end":{"line":196,"column":95}},"type":"binary-expr","locations":[{"start":{"line":196,"column":29},"end":{"line":196,"column":89}},{"start":{"line":196,"column":93},"end":{"line":196,"column":95}}]},"69":{"loc":{"start":{"line":198,"column":19},"end":{"line":198,"column":78}},"type":"cond-expr","locations":[{"start":{"line":198,"column":39},"end":{"line":198,"column":70}},{"start":{"line":198,"column":73},"end":{"line":198,"column":78}}]},"70":{"loc":{"start":{"line":209,"column":13},"end":{"line":209,"column":60}},"type":"binary-expr","locations":[{"start":{"line":209,"column":13},"end":{"line":209,"column":36}},{"start":{"line":209,"column":40},"end":{"line":209,"column":60}}]},"71":{"loc":{"start":{"line":217,"column":4},"end":{"line":217,"column":74}},"type":"binary-expr","locations":[{"start":{"line":217,"column":4},"end":{"line":217,"column":22}},{"start":{"line":217,"column":26},"end":{"line":217,"column":40}},{"start":{"line":217,"column":44},"end":{"line":217,"column":58}},{"start":{"line":217,"column":62},"end":{"line":217,"column":74}}]},"72":{"loc":{"start":{"line":223,"column":19},"end":{"line":223,"column":75}},"type":"binary-expr","locations":[{"start":{"line":223,"column":19},"end":{"line":223,"column":53}},{"start":{"line":223,"column":57},"end":{"line":223,"column":75}}]},"73":{"loc":{"start":{"line":224,"column":12},"end":{"line":224,"column":52}},"type":"binary-expr","locations":[{"start":{"line":224,"column":12},"end":{"line":224,"column":39}},{"start":{"line":224,"column":43},"end":{"line":224,"column":52}}]},"74":{"loc":{"start":{"line":226,"column":13},"end":{"line":226,"column":59}},"type":"cond-expr","locations":[{"start":{"line":226,"column":44},"end":{"line":226,"column":55}},{"start":{"line":226,"column":58},"end":{"line":226,"column":59}}]},"75":{"loc":{"start":{"line":227,"column":16},"end":{"line":227,"column":72}},"type":"cond-expr","locations":[{"start":{"line":227,"column":44},"end":{"line":227,"column":52}},{"start":{"line":227,"column":55},"end":{"line":227,"column":72}}]},"76":{"loc":{"start":{"line":228,"column":16},"end":{"line":228,"column":72}},"type":"cond-expr","locations":[{"start":{"line":228,"column":44},"end":{"line":228,"column":52}},{"start":{"line":228,"column":55},"end":{"line":228,"column":72}}]},"77":{"loc":{"start":{"line":229,"column":16},"end":{"line":229,"column":56}},"type":"cond-expr","locations":[{"start":{"line":229,"column":44},"end":{"line":229,"column":52}},{"start":{"line":229,"column":55},"end":{"line":229,"column":56}}]},"78":{"loc":{"start":{"line":230,"column":18},"end":{"line":232,"column":128}},"type":"cond-expr","locations":[{"start":{"line":231,"column":10},"end":{"line":231,"column":20}},{"start":{"line":232,"column":10},"end":{"line":232,"column":128}}]},"79":{"loc":{"start":{"line":232,"column":25},"end":{"line":232,"column":81}},"type":"cond-expr","locations":[{"start":{"line":232,"column":53},"end":{"line":232,"column":61}},{"start":{"line":232,"column":64},"end":{"line":232,"column":81}}]},"80":{"loc":{"start":{"line":232,"column":86},"end":{"line":232,"column":126}},"type":"cond-expr","locations":[{"start":{"line":232,"column":114},"end":{"line":232,"column":122}},{"start":{"line":232,"column":125},"end":{"line":232,"column":126}}]},"81":{"loc":{"start":{"line":242,"column":14},"end":{"line":242,"column":81}},"type":"cond-expr","locations":[{"start":{"line":242,"column":47},"end":{"line":242,"column":68}},{"start":{"line":242,"column":71},"end":{"line":242,"column":81}}]},"82":{"loc":{"start":{"line":249,"column":2},"end":{"line":249,"column":30}},"type":"if","locations":[{"start":{"line":249,"column":2},"end":{"line":249,"column":30}},{"start":{},"end":{}}]},"83":{"loc":{"start":{"line":251,"column":9},"end":{"line":251,"column":55}},"type":"cond-expr","locations":[{"start":{"line":251,"column":40},"end":{"line":251,"column":48}},{"start":{"line":251,"column":51},"end":{"line":251,"column":55}}]},"84":{"loc":{"start":{"line":255,"column":35},"end":{"line":255,"column":110}},"type":"cond-expr","locations":[{"start":{"line":255,"column":91},"end":{"line":255,"column":94}},{"start":{"line":255,"column":97},"end":{"line":255,"column":110}}]},"85":{"loc":{"start":{"line":255,"column":35},"end":{"line":255,"column":88}},"type":"binary-expr","locations":[{"start":{"line":255,"column":35},"end":{"line":255,"column":49}},{"start":{"line":255,"column":53},"end":{"line":255,"column":72}},{"start":{"line":255,"column":76},"end":{"line":255,"column":88}}]},"86":{"loc":{"start":{"line":256,"column":29},"end":{"line":256,"column":87}},"type":"cond-expr","locations":[{"start":{"line":256,"column":48},"end":{"line":256,"column":73}},{"start":{"line":256,"column":76},"end":{"line":256,"column":87}}]},"87":{"loc":{"start":{"line":258,"column":4},"end":{"line":260,"column":26}},"type":"cond-expr","locations":[{"start":{"line":259,"column":8},"end":{"line":259,"column":19}},{"start":{"line":260,"column":8},"end":{"line":260,"column":26}}]},"88":{"loc":{"start":{"line":258,"column":4},"end":{"line":258,"column":79}},"type":"binary-expr","locations":[{"start":{"line":258,"column":4},"end":{"line":258,"column":46}},{"start":{"line":258,"column":50},"end":{"line":258,"column":79}}]},"89":{"loc":{"start":{"line":268,"column":22},"end":{"line":268,"column":68}},"type":"binary-expr","locations":[{"start":{"line":268,"column":22},"end":{"line":268,"column":41}},{"start":{"line":268,"column":45},"end":{"line":268,"column":68}}]},"90":{"loc":{"start":{"line":274,"column":30},"end":{"line":274,"column":84}},"type":"default-arg","locations":[{"start":{"line":274,"column":63},"end":{"line":274,"column":84}}]},"91":{"loc":{"start":{"line":279,"column":43},"end":{"line":279,"column":97}},"type":"default-arg","locations":[{"start":{"line":279,"column":76},"end":{"line":279,"column":97}}]},"92":{"loc":{"start":{"line":284,"column":2},"end":{"line":284,"column":29}},"type":"default-arg","locations":[{"start":{"line":284,"column":17},"end":{"line":284,"column":29}}]},"93":{"loc":{"start":{"line":286,"column":2},"end":{"line":286,"column":56}},"type":"default-arg","locations":[{"start":{"line":286,"column":35},"end":{"line":286,"column":56}}]},"94":{"loc":{"start":{"line":287,"column":2},"end":{"line":287,"column":71}},"type":"default-arg","locations":[{"start":{"line":287,"column":45},"end":{"line":287,"column":71}}]},"95":{"loc":{"start":{"line":291,"column":2},"end":{"line":298,"column":3}},"type":"if","locations":[{"start":{"line":291,"column":2},"end":{"line":298,"column":3}},{"start":{},"end":{}}]},"96":{"loc":{"start":{"line":300,"column":18},"end":{"line":300,"column":90}},"type":"binary-expr","locations":[{"start":{"line":300,"column":18},"end":{"line":300,"column":37}},{"start":{"line":300,"column":41},"end":{"line":300,"column":90}}]},"97":{"loc":{"start":{"line":323,"column":2},"end":{"line":325,"column":3}},"type":"if","locations":[{"start":{"line":323,"column":2},"end":{"line":325,"column":3}},{"start":{},"end":{}}]},"98":{"loc":{"start":{"line":323,"column":6},"end":{"line":323,"column":57}},"type":"binary-expr","locations":[{"start":{"line":323,"column":6},"end":{"line":323,"column":31}},{"start":{"line":323,"column":35},"end":{"line":323,"column":57}}]},"99":{"loc":{"start":{"line":329,"column":53},"end":{"line":329,"column":86}},"type":"binary-expr","locations":[{"start":{"line":329,"column":53},"end":{"line":329,"column":77}},{"start":{"line":329,"column":81},"end":{"line":329,"column":86}}]},"100":{"loc":{"start":{"line":333,"column":37},"end":{"line":333,"column":63}},"type":"binary-expr","locations":[{"start":{"line":333,"column":37},"end":{"line":333,"column":52}},{"start":{"line":333,"column":56},"end":{"line":333,"column":63}}]},"101":{"loc":{"start":{"line":334,"column":23},"end":{"line":334,"column":77}},"type":"binary-expr","locations":[{"start":{"line":334,"column":23},"end":{"line":334,"column":59}},{"start":{"line":334,"column":63},"end":{"line":334,"column":77}}]},"102":{"loc":{"start":{"line":336,"column":21},"end":{"line":336,"column":76}},"type":"binary-expr","locations":[{"start":{"line":336,"column":21},"end":{"line":336,"column":45}},{"start":{"line":336,"column":49},"end":{"line":336,"column":71}},{"start":{"line":336,"column":75},"end":{"line":336,"column":76}}]},"103":{"loc":{"start":{"line":339,"column":4},"end":{"line":339,"column":107}},"type":"binary-expr","locations":[{"start":{"line":339,"column":4},"end":{"line":339,"column":42}},{"start":{"line":339,"column":46},"end":{"line":339,"column":107}}]},"104":{"loc":{"start":{"line":344,"column":42},"end":{"line":344,"column":89}},"type":"binary-expr","locations":[{"start":{"line":344,"column":42},"end":{"line":344,"column":60}},{"start":{"line":344,"column":64},"end":{"line":344,"column":83}},{"start":{"line":344,"column":87},"end":{"line":344,"column":89}}]},"105":{"loc":{"start":{"line":345,"column":23},"end":{"line":345,"column":98}},"type":"cond-expr","locations":[{"start":{"line":345,"column":56},"end":{"line":345,"column":69}},{"start":{"line":345,"column":72},"end":{"line":345,"column":98}}]},"106":{"loc":{"start":{"line":345,"column":72},"end":{"line":345,"column":98}},"type":"binary-expr","locations":[{"start":{"line":345,"column":72},"end":{"line":345,"column":93}},{"start":{"line":345,"column":97},"end":{"line":345,"column":98}}]},"107":{"loc":{"start":{"line":345,"column":79},"end":{"line":345,"column":92}},"type":"binary-expr","locations":[{"start":{"line":345,"column":79},"end":{"line":345,"column":87}},{"start":{"line":345,"column":91},"end":{"line":345,"column":92}}]},"108":{"loc":{"start":{"line":347,"column":8},"end":{"line":354,"column":null}},"type":"cond-expr","locations":[{"start":{"line":348,"column":12},"end":{"line":348,"column":30}},{"start":{"line":349,"column":12},"end":{"line":354,"column":null}}]},"109":{"loc":{"start":{"line":349,"column":12},"end":{"line":354,"column":null}},"type":"cond-expr","locations":[{"start":{"line":350,"column":12},"end":{"line":350,"column":31}},{"start":{"line":351,"column":12},"end":{"line":354,"column":null}}]},"110":{"loc":{"start":{"line":352,"column":21},"end":{"line":352,"column":41}},"type":"binary-expr","locations":[{"start":{"line":352,"column":21},"end":{"line":352,"column":35}},{"start":{"line":352,"column":39},"end":{"line":352,"column":41}}]},"111":{"loc":{"start":{"line":356,"column":24},"end":{"line":356,"column":87}},"type":"cond-expr","locations":[{"start":{"line":356,"column":62},"end":{"line":356,"column":80}},{"start":{"line":356,"column":83},"end":{"line":356,"column":87}}]},"112":{"loc":{"start":{"line":358,"column":8},"end":{"line":358,"column":85}},"type":"cond-expr","locations":[{"start":{"line":358,"column":58},"end":{"line":358,"column":78}},{"start":{"line":358,"column":81},"end":{"line":358,"column":85}}]},"113":{"loc":{"start":{"line":358,"column":8},"end":{"line":358,"column":55}},"type":"binary-expr","locations":[{"start":{"line":358,"column":8},"end":{"line":358,"column":26}},{"start":{"line":358,"column":30},"end":{"line":358,"column":55}}]},"114":{"loc":{"start":{"line":360,"column":8},"end":{"line":360,"column":111}},"type":"cond-expr","locations":[{"start":{"line":360,"column":29},"end":{"line":360,"column":71}},{"start":{"line":360,"column":74},"end":{"line":360,"column":111}}]},"115":{"loc":{"start":{"line":360,"column":74},"end":{"line":360,"column":111}},"type":"binary-expr","locations":[{"start":{"line":360,"column":74},"end":{"line":360,"column":104}},{"start":{"line":360,"column":108},"end":{"line":360,"column":111}}]},"116":{"loc":{"start":{"line":362,"column":8},"end":{"line":362,"column":76}},"type":"cond-expr","locations":[{"start":{"line":362,"column":29},"end":{"line":362,"column":71}},{"start":{"line":362,"column":74},"end":{"line":362,"column":76}}]},"117":{"loc":{"start":{"line":368,"column":14},"end":{"line":368,"column":119}},"type":"cond-expr","locations":[{"start":{"line":368,"column":29},"end":{"line":368,"column":114}},{"start":{"line":368,"column":117},"end":{"line":368,"column":119}}]},"118":{"loc":{"start":{"line":376,"column":14},"end":{"line":376,"column":125}},"type":"cond-expr","locations":[{"start":{"line":376,"column":35},"end":{"line":376,"column":120}},{"start":{"line":376,"column":123},"end":{"line":376,"column":125}}]},"119":{"loc":{"start":{"line":382,"column":23},"end":{"line":395,"column":8}},"type":"cond-expr","locations":[{"start":{"line":383,"column":6},"end":{"line":394,"column":null}},{"start":{"line":395,"column":6},"end":{"line":395,"column":8}}]},"120":{"loc":{"start":{"line":450,"column":16},"end":{"line":450,"column":63}},"type":"binary-expr","locations":[{"start":{"line":450,"column":16},"end":{"line":450,"column":20}},{"start":{"line":450,"column":24},"end":{"line":450,"column":63}}]},"121":{"loc":{"start":{"line":467,"column":2},"end":{"line":467,"column":37}},"type":"default-arg","locations":[{"start":{"line":467,"column":35},"end":{"line":467,"column":37}}]},"122":{"loc":{"start":{"line":469,"column":16},"end":{"line":469,"column":42}},"type":"binary-expr","locations":[{"start":{"line":469,"column":16},"end":{"line":469,"column":26}},{"start":{"line":469,"column":30},"end":{"line":469,"column":42}}]},"123":{"loc":{"start":{"line":470,"column":22},"end":{"line":470,"column":60}},"type":"binary-expr","locations":[{"start":{"line":470,"column":22},"end":{"line":470,"column":38}},{"start":{"line":470,"column":42},"end":{"line":470,"column":60}}]},"124":{"loc":{"start":{"line":471,"column":25},"end":{"line":471,"column":69}},"type":"binary-expr","locations":[{"start":{"line":471,"column":25},"end":{"line":471,"column":44}},{"start":{"line":471,"column":48},"end":{"line":471,"column":69}}]},"125":{"loc":{"start":{"line":472,"column":30},"end":{"line":472,"column":84}},"type":"binary-expr","locations":[{"start":{"line":472,"column":30},"end":{"line":472,"column":54}},{"start":{"line":472,"column":58},"end":{"line":472,"column":84}}]},"126":{"loc":{"start":{"line":474,"column":4},"end":{"line":474,"column":98}},"type":"binary-expr","locations":[{"start":{"line":474,"column":4},"end":{"line":474,"column":28}},{"start":{"line":474,"column":32},"end":{"line":474,"column":98}}]},"127":{"loc":{"start":{"line":475,"column":16},"end":{"line":475,"column":63}},"type":"binary-expr","locations":[{"start":{"line":475,"column":16},"end":{"line":475,"column":20}},{"start":{"line":475,"column":24},"end":{"line":475,"column":63}}]},"128":{"loc":{"start":{"line":485,"column":2},"end":{"line":489,"column":3}},"type":"if","locations":[{"start":{"line":485,"column":2},"end":{"line":489,"column":3}},{"start":{},"end":{}}]},"129":{"loc":{"start":{"line":485,"column":6},"end":{"line":485,"column":55}},"type":"binary-expr","locations":[{"start":{"line":485,"column":6},"end":{"line":485,"column":28}},{"start":{"line":485,"column":32},"end":{"line":485,"column":55}}]},"130":{"loc":{"start":{"line":490,"column":2},"end":{"line":514,"column":3}},"type":"if","locations":[{"start":{"line":490,"column":2},"end":{"line":514,"column":3}},{"start":{},"end":{}}]},"131":{"loc":{"start":{"line":490,"column":6},"end":{"line":490,"column":65}},"type":"binary-expr","locations":[{"start":{"line":490,"column":6},"end":{"line":490,"column":35}},{"start":{"line":490,"column":39},"end":{"line":490,"column":65}}]},"132":{"loc":{"start":{"line":491,"column":17},"end":{"line":491,"column":90}},"type":"cond-expr","locations":[{"start":{"line":491,"column":47},"end":{"line":491,"column":74}},{"start":{"line":491,"column":77},"end":{"line":491,"column":90}}]},"133":{"loc":{"start":{"line":491,"column":58},"end":{"line":491,"column":73}},"type":"binary-expr","locations":[{"start":{"line":491,"column":58},"end":{"line":491,"column":65}},{"start":{"line":491,"column":69},"end":{"line":491,"column":73}}]},"134":{"loc":{"start":{"line":491,"column":77},"end":{"line":491,"column":90}},"type":"binary-expr","locations":[{"start":{"line":491,"column":77},"end":{"line":491,"column":84}},{"start":{"line":491,"column":88},"end":{"line":491,"column":90}}]},"135":{"loc":{"start":{"line":492,"column":26},"end":{"line":496,"column":10}},"type":"cond-expr","locations":[{"start":{"line":493,"column":8},"end":{"line":493,"column":18}},{"start":{"line":494,"column":8},"end":{"line":496,"column":10}}]},"136":{"loc":{"start":{"line":494,"column":8},"end":{"line":496,"column":10}},"type":"cond-expr","locations":[{"start":{"line":495,"column":8},"end":{"line":495,"column":23}},{"start":{"line":496,"column":8},"end":{"line":496,"column":10}}]},"137":{"loc":{"start":{"line":498,"column":4},"end":{"line":513,"column":5}},"type":"if","locations":[{"start":{"line":498,"column":4},"end":{"line":513,"column":5}},{"start":{},"end":{}}]},"138":{"loc":{"start":{"line":501,"column":21},"end":{"line":501,"column":46}},"type":"binary-expr","locations":[{"start":{"line":501,"column":21},"end":{"line":501,"column":28}},{"start":{"line":501,"column":32},"end":{"line":501,"column":40}},{"start":{"line":501,"column":44},"end":{"line":501,"column":46}}]},"139":{"loc":{"start":{"line":502,"column":24},"end":{"line":502,"column":64}},"type":"binary-expr","locations":[{"start":{"line":502,"column":24},"end":{"line":502,"column":34}},{"start":{"line":502,"column":38},"end":{"line":502,"column":47}},{"start":{"line":502,"column":51},"end":{"line":502,"column":64}}]},"140":{"loc":{"start":{"line":503,"column":27},"end":{"line":503,"column":45}},"type":"binary-expr","locations":[{"start":{"line":503,"column":27},"end":{"line":503,"column":40}},{"start":{"line":503,"column":44},"end":{"line":503,"column":45}}]},"141":{"loc":{"start":{"line":504,"column":28},"end":{"line":504,"column":62}},"type":"binary-expr","locations":[{"start":{"line":504,"column":28},"end":{"line":504,"column":42}},{"start":{"line":504,"column":46},"end":{"line":504,"column":56}},{"start":{"line":504,"column":60},"end":{"line":504,"column":62}}]},"142":{"loc":{"start":{"line":509,"column":26},"end":{"line":509,"column":41}},"type":"binary-expr","locations":[{"start":{"line":509,"column":26},"end":{"line":509,"column":36}},{"start":{"line":509,"column":40},"end":{"line":509,"column":41}}]},"143":{"loc":{"start":{"line":512,"column":28},"end":{"line":512,"column":50}},"type":"binary-expr","locations":[{"start":{"line":512,"column":28},"end":{"line":512,"column":32}},{"start":{"line":512,"column":36},"end":{"line":512,"column":50}}]},"144":{"loc":{"start":{"line":515,"column":2},"end":{"line":519,"column":3}},"type":"if","locations":[{"start":{"line":515,"column":2},"end":{"line":519,"column":3}},{"start":{},"end":{}}]},"145":{"loc":{"start":{"line":524,"column":2},"end":{"line":533,"column":3}},"type":"if","locations":[{"start":{"line":524,"column":2},"end":{"line":533,"column":3}},{"start":{},"end":{}}]},"146":{"loc":{"start":{"line":524,"column":6},"end":{"line":524,"column":76}},"type":"binary-expr","locations":[{"start":{"line":524,"column":6},"end":{"line":524,"column":50}},{"start":{"line":524,"column":54},"end":{"line":524,"column":76}}]},"147":{"loc":{"start":{"line":526,"column":4},"end":{"line":532,"column":5}},"type":"if","locations":[{"start":{"line":526,"column":4},"end":{"line":532,"column":5}},{"start":{},"end":{}}]},"148":{"loc":{"start":{"line":546,"column":2},"end":{"line":560,"column":3}},"type":"if","locations":[{"start":{"line":546,"column":2},"end":{"line":560,"column":3}},{"start":{},"end":{}}]},"149":{"loc":{"start":{"line":547,"column":25},"end":{"line":547,"column":77}},"type":"binary-expr","locations":[{"start":{"line":547,"column":25},"end":{"line":547,"column":63}},{"start":{"line":547,"column":67},"end":{"line":547,"column":77}}]},"150":{"loc":{"start":{"line":550,"column":22},"end":{"line":550,"column":60}},"type":"binary-expr","locations":[{"start":{"line":550,"column":22},"end":{"line":550,"column":31}},{"start":{"line":550,"column":35},"end":{"line":550,"column":60}}]},"151":{"loc":{"start":{"line":568,"column":29},"end":{"line":568,"column":77}},"type":"binary-expr","locations":[{"start":{"line":568,"column":29},"end":{"line":568,"column":45}},{"start":{"line":568,"column":49},"end":{"line":568,"column":68}},{"start":{"line":568,"column":72},"end":{"line":568,"column":77}}]},"152":{"loc":{"start":{"line":587,"column":16},"end":{"line":587,"column":63}},"type":"binary-expr","locations":[{"start":{"line":587,"column":16},"end":{"line":587,"column":20}},{"start":{"line":587,"column":24},"end":{"line":587,"column":63}}]},"153":{"loc":{"start":{"line":589,"column":9},"end":{"line":589,"column":48}},"type":"cond-expr","locations":[{"start":{"line":589,"column":19},"end":{"line":589,"column":41}},{"start":{"line":589,"column":44},"end":{"line":589,"column":48}}]},"154":{"loc":{"start":{"line":598,"column":41},"end":{"line":598,"column":80}},"type":"default-arg","locations":[{"start":{"line":598,"column":78},"end":{"line":598,"column":80}}]},"155":{"loc":{"start":{"line":613,"column":25},"end":{"line":613,"column":72}},"type":"binary-expr","locations":[{"start":{"line":613,"column":25},"end":{"line":613,"column":47}},{"start":{"line":613,"column":51},"end":{"line":613,"column":72}}]},"156":{"loc":{"start":{"line":614,"column":30},"end":{"line":614,"column":87}},"type":"binary-expr","locations":[{"start":{"line":614,"column":30},"end":{"line":614,"column":57}},{"start":{"line":614,"column":61},"end":{"line":614,"column":87}}]},"157":{"loc":{"start":{"line":616,"column":4},"end":{"line":616,"column":84}},"type":"binary-expr","locations":[{"start":{"line":616,"column":4},"end":{"line":616,"column":31}},{"start":{"line":616,"column":35},"end":{"line":616,"column":84}}]},"158":{"loc":{"start":{"line":625,"column":2},"end":{"line":631,"column":3}},"type":"if","locations":[{"start":{"line":625,"column":2},"end":{"line":631,"column":3}},{"start":{},"end":{}}]},"159":{"loc":{"start":{"line":627,"column":7},"end":{"line":627,"column":106}},"type":"binary-expr","locations":[{"start":{"line":627,"column":7},"end":{"line":627,"column":37}},{"start":{"line":627,"column":41},"end":{"line":627,"column":106}}]},"160":{"loc":{"start":{"line":629,"column":22},"end":{"line":629,"column":60}},"type":"cond-expr","locations":[{"start":{"line":629,"column":51},"end":{"line":629,"column":54}},{"start":{"line":629,"column":57},"end":{"line":629,"column":60}}]}},"s":{"0":4,"1":4,"2":4,"3":4,"4":4,"5":4,"6":4,"7":369,"8":122,"9":247,"10":4,"11":95,"12":3
[...]
,"/home/osama-khaireldin/fresh-react/src/utils/giftPricing.ts": {"path":"/home/osama-khaireldin/fresh-react/src/utils/giftPricing.ts","statementMap":{"0":{"start":{"line":12,"column":2},"end":{"line":19,"column":8}},"1":{"start":{"line":13,"column":22},"end":{"line":13,"column":57}},"2":{"start":{"line":15,"column":6},"end":{"line":16,"column":42}},"3":{"start":{"line":17,"column":18},"end":{"line":17,"column":61}},"4":{"start":{"line":18,"column":4},"end":{"line":18,"column":23}},"5":{"start":{"line":23,"column":2},"end":{"line":26,"column":8}},"6":{"start":{"line":24,"column":18},"end":{"line":24,"column":66}},"7":{"start":{"line":24,"column":45},"end":{"line":24,"column":65}},"8":{"start":{"line":25,"column":4},"end":{"line":25,"column":37}},"9":{"start":{"line":34,"column":2},"end":{"line":34,"column":46}}},"fnMap":{"0":{"name":"calculateProductTotal","decl":{"start":{"line":8,"column":16},"end":{"line":8,"column":37}},"loc":{"start":{"line":10,"column":42},"end":{"line":20,"column":1}}},"1":{"name":"(anonymous_1)","decl":{"start":{"line":12,"column":33},"end":{"line":12,"column":34}},"loc":{"start":{"line":12,"column":50},"end":{"line":19,"column":3}}},"2":{"name":"calculateAddOnTotal","decl":{"start":{"line":22,"column":16},"end":{"line":22,"column":35}},"loc":{"start":{"line":22,"column":60},"end":{"line":27,"column":1}}},"3":{"name":"(anonymous_3)","decl":{"start":{"line":23,"column":31},"end":{"line":23,"column":32}},"loc":{"start":{"line":23,"column":48},"end":{"line":26,"column":3}}},"4":{"name":"(anonymous_4)","decl":{"start":{"line":24,"column":34},"end":{"line":24,"column":35}},"loc":{"start":{"line":24,"column":45},"end":{"line":24,"column":65}}},"5":{"name":"calculateGiftTotal","decl":{"start":{"line":29,"column":16},"end":{"line":29,"column":34}},"loc":{"start":{"line":32,"column":20},"end":{"line":35,"column":1}}}},"branchMap":{"0":{"loc":{"start":{"line":15,"column":6},"end":{"line":16,"column":42}},"type":"binary-expr","locations":[{"start":{"line":15,"column":7},"end":{"line":15,"column":16}},{"start":{"line":15,"column":20},"end":{"line":15,"column":64}},{"start":{"line":16,"column":6},"end":{"line":16,"column":42}}]},"1":{"loc":{"start":{"line":17,"column":18},"end":{"line":17,"column":61}},"type":"binary-expr","locations":[{"start":{"line":17,"column":18},"end":{"line":17,"column":38}},{"start":{"line":17,"column":42},"end":{"line":17,"column":61}}]},"2":{"loc":{"start":{"line":25,"column":18},"end":{"line":25,"column":35}},"type":"binary-expr","locations":[{"start":{"line":25,"column":18},"end":{"line":25,"column":30}},{"start":{"line":25,"column":34},"end":{"line":25,"column":35}}]}},"s":{"0":1,"1":2,"2":2,"3":2,"4":2,"5":1,"6":2,"7":3,"8":2,"9":1},"f":{"0":1,"1":2,"2":1,"3":2,"4":3,"5":1},"b":{"0":[2,1,1],"1":[2,1],"2":[2,0]}}
,"/home/osama-khaireldin/fresh-react/src/utils/orderStorage.ts": {"path":"/home/osama-khaireldin/fresh-react/src/utils/orderStorage.ts","statementMap":{"0":{"start":{"line":4,"column":20},"end":{"line":4,"column":40}},"1":{"start":{"line":5,"column":35},"end":{"line":5,"column":63}},"2":{"start":{"line":7,"column":22},"end":{"line":8,"column":77}},"3":{"start":{"line":8,"column":2},"end":{"line":8,"column":77}},"4":{"start":{"line":10,"column":20},"end":{"line":18,"column":1}},"5":{"start":{"line":11,"column":2},"end":{"line":11,"column":33}},"6":{"start":{"line":11,"column":21},"end":{"line":11,"column":33}},"7":{"start":{"line":12,"column":2},"end":{"line":17,"column":3}},"8":{"start":{"line":13,"column":4},"end":{"line":13,"column":29}},"9":{"start":{"line":15,"column":4},"end":{"line":15,"column":64}},"10":{"start":{"line":16,"column":4},"end":{"line":16,"column":16}},"11":{"start":{"line":21,"column":2},"end":{"line":21,"column":34}},"12":{"start":{"line":21,"column":24},"end":{"line":21,"column":34}},"13":{"start":{"line":22,"column":14},"end":{"line":22,"column":54}},"14":{"start":{"line":23,"column":2},"end":{"line":23,"column":22}},"15":{"start":{"line":23,"column":12},"end":{"line":23,"column":22}},"16":{"start":{"line":24,"column":17},"end":{"line":24,"column":33}},"17":{"start":{"line":25,"column":2},"end":{"line":25,"column":63}},"18":{"start":{"line":29,"column":2},"end":{"line":29,"column":31}},"19":{"start":{"line":29,"column":24},"end":{"line":29,"column":31}},"20":{"start":{"line":30,"column":2},"end":{"line":35,"column":3}},"21":{"start":{"line":31,"column":4},"end":{"line":31,"column":69}},"22":{"start":{"line":32,"column":4},"end":{"line":32,"column":57}},"23":{"start":{"line":34,"column":4},"end":{"line":34,"column":58}},"24":{"start":{"line":39,"column":19},"end":{"line":39,"column":31}},"25":{"start":{"line":40,"column":15},"end":{"line":40,"column":35}},"26":{"start":{"line":41,"column":2},"end":{"line":41,"column":20}},"27":{"start":{"line":42,"column":2},"end":{"line":42,"column":15}},"28":{"start":{"line":45,"column":33},"end":{"line":45,"column":44}}},"fnMap":{"0":{"name":"(anonymous_0)","decl":{"start":{"line":7,"column":22},"end":{"line":7,"column":25}},"loc":{"start":{"line":8,"column":2},"end":{"line":8,"column":77}}},"1":{"name":"(anonymous_1)","decl":{"start":{"line":10,"column":20},"end":{"line":10,"column":21}},"loc":{"start":{"line":10,"column":45},"end":{"line":18,"column":1}}},"2":{"name":"readOrders","decl":{"start":{"line":20,"column":16},"end":{"line":20,"column":26}},"loc":{"start":{"line":20,"column":26},"end":{"line":26,"column":1}}},"3":{"name":"writeOrders","decl":{"start":{"line":28,"column":16},"end":{"line":28,"column":27}},"loc":{"start":{"line":28,"column":48},"end":{"line":36,"column":1}}},"4":{"name":"addOrder","decl":{"start":{"line":38,"column":16},"end":{"line":38,"column":24}},"loc":{"start":{"line":38,"column":42},"end":{"line":43,"column":1}}}},"branchMap":{"0":{"loc":{"start":{"line":8,"column":2},"end":{"line":8,"column":77}},"type":"binary-expr","locations":[{"start":{"line":8,"column":2},"end":{"line":8,"column":31}},{"start":{"line":8,"column":35},"end":{"line":8,"column":77}}]},"1":{"loc":{"start":{"line":11,"column":2},"end":{"line":11,"column":33}},"type":"if","locations":[{"start":{"line":11,"column":2},"end":{"line":11,"column":33}},{"start":{},"end":{}}]},"2":{"loc":{"start":{"line":21,"column":2},"end":{"line":21,"column":34}},"type":"if","locations":[{"start":{"line":21,"column":2},"end":{"line":21,"column":34}},{"start":{},"end":{}}]},"3":{"loc":{"start":{"line":23,"column":2},"end":{"line":23,"column":22}},"type":"if","locations":[{"start":{"line":23,"column":2},"end":{"line":23,"column":22}},{"start":{},"end":{}}]},"4":{"loc":{"start":{"line":25,"column":9},"end":{"line":25,"column":62}},"type":"cond-expr","locations":[{"start":{"line":25,"column":34},"end":{"line":25,"column":57}},{"start":{"line":25,"column":60},"end":{"line":25,"column":62}}]},"5":{"loc":{"start":{"line":29,"column":2},"end":{"line":29,"column":31}},"type":"if","locations":[{"start":{"line":29,"column":2},"end":{"line":29,"column":31}},{"start":{},"end":{}}]}},"s":{"0":1,"1":1,"2":1,"3":9,"4":1,"5":5,"6":0,"7":5,"8":5,"9":2,"10":2,"11":6,"12":0,"13":6,"14":6,"15":1,"16":5,"17":5,"18":3,"19":0,"20":3,"21":3,"22":3,"23":0,"24":1,"25":1,"26":1,"27":1,"28":1},"f":{"0":9,"1":5,"2":6,"3":3,"4":1},"b":{"0":[9,9],"1":[0,5],"2":[0,6],"3":[1,5],"4":[3,2],"5":[0,3]}}
,"/home/osama-khaireldin/fresh-react/src/utils/reviewStorage.ts": {"path":"/home/osama-khaireldin/fresh-react/src/utils/reviewStorage.ts","statementMap":{"0":{"start":{"line":4,"column":20},"end":{"line":4,"column":41}},"1":{"start":{"line":5,"column":36},"end":{"line":5,"column":65}},"2":{"start":{"line":7,"column":22},"end":{"line":8,"column":77}},"3":{"start":{"line":8,"column":2},"end":{"line":8,"column":77}},"4":{"start":{"line":10,"column":20},"end":{"line":21,"column":1}},"5":{"start":{"line":11,"column":2},"end":{"line":11,"column":33}},"6":{"start":{"line":11,"column":21},"end":{"line":11,"column":33}},"7":{"start":{"line":12,"column":2},"end":{"line":19,"column":3}},"8":{"start":{"line":13,"column":19},"end":{"line":13,"column":36}},"9":{"start":{"line":14,"column":4},"end":{"line":16,"column":5}},"10":{"start":{"line":15,"column":6},"end":{"line":15,"column":37}},"11":{"start":{"line":18,"column":4},"end":{"line":18,"column":65}},"12":{"start":{"line":20,"column":2},"end":{"line":20,"column":14}},"13":{"start":{"line":23,"column":19},"end":{"line":25,"column":null}},"14":{"start":{"line":24,"column":2},"end":{"line":25,"column":null}},"15":{"start":{"line":25,"column":14},"end":{"line":25,"column":79}},"16":{"start":{"line":29,"column":2},"end":{"line":29,"column":34}},"17":{"start":{"line":29,"column":24},"end":{"line":29,"column":34}},"18":{"start":{"line":30,"column":14},"end":{"line":30,"column":54}},"19":{"start":{"line":31,"column":2},"end":{"line":31,"column":22}},"20":{"start":{"line":31,"column":12},"end":{"line":31,"column":22}},"21":{"start":{"line":32,"column":17},"end":{"line":32,"column":33}},"22":{"start":{"line":33,"column":2},"end":{"line":33,"column":25}},"23":{"start":{"line":33,"column":15},"end":{"line":33,"column":25}},"24":{"start":{"line":34,"column":2},"end":{"line":34,"column":28}},"25":{"start":{"line":38,"column":2},"end":{"line":38,"column":31}},"26":{"start":{"line":38,"column":24},"end":{"line":38,"column":31}},"27":{"start":{"line":39,"column":2},"end":{"line":44,"column":3}},"28":{"start":{"line":40,"column":4},"end":{"line":40,"column":70}},"29":{"start":{"line":41,"column":4},"end":{"line":41,"column":58}},"30":{"start":{"line":43,"column":4},"end":{"line":43,"column":59}},"31":{"start":{"line":48,"column":2},"end":{"line":48,"column":29}},"32":{"start":{"line":52,"column":2},"end":{"line":52,"column":27}},"33":{"start":{"line":52,"column":17},"end":{"line":52,"column":27}},"34":{"start":{"line":53,"column":2},"end":{"line":55,"column":4}},"35":{"start":{"line":54,"column":16},"end":{"line":54,"column":68}},"36":{"start":{"line":58,"column":17},"end":{"line":61,"column":70}},"37":{"start":{"line":59,"column":2},"end":{"line":61,"column":70}},"38":{"start":{"line":64,"column":34},"end":{"line":68,"column":4}},"39":{"start":{"line":69,"column":19},"end":{"line":69,"column":38}},"40":{"start":{"line":70,"column":18},"end":{"line":70,"column":43}},"41":{"start":{"line":71,"column":2},"end":{"line":71,"column":24}},"42":{"start":{"line":72,"column":2},"end":{"line":72,"column":20}},"43":{"start":{"line":76,"column":18},"end":{"line":76,"column":48}},"44":{"start":{"line":77,"column":2},"end":{"line":77,"column":58}},"45":{"start":{"line":77,"column":23},"end":{"line":77,"column":58}},"46":{"start":{"line":78,"column":14},"end":{"line":78,"column":69}},"47":{"start":{"line":78,"column":46},"end":{"line":78,"column":65}},"48":{"start":{"line":79,"column":2},"end":{"line":82,"column":4}},"49":{"start":{"line":85,"column":34},"end":{"line":85,"column":45}}},"fnMap":{"0":{"name":"(anonymous_0)","decl":{"start":{"line":7,"column":22},"end":{"line":7,"column":25}},"loc":{"start":{"line":8,"column":2},"end":{"line":8,"column":77}}},"1":{"name":"(anonymous_1)","decl":{"start":{"line":10,"column":20},"end":{"line":10,"column":21}},"loc":{"start":{"line":10,"column":67},"end":{"line":21,"column":1}}},"2":{"name":"(anonymous_2)","decl":{"start":{"line":23,"column":19},"end":{"line":23,"column":20}},"loc":{"start":{"line":24,"column":2},"end":{"line":25,"column":null}}},"3":{"name":"(anonymous_3)","decl":{"start":{"line":25,"column":4},"end":{"line":25,"column":5}},"loc":{"start":{"line":25,"column":14},"end":{"line":25,"column":79}}},"4":{"name":"readStoredReviews","decl":{"start":{"line":28,"column":9},"end":{"line":28,"column":26}},"loc":{"start":{"line":28,"column":26},"end":{"line":35,"column":1}}},"5":{"name":"writeReviews","decl":{"start":{"line":37,"column":9},"end":{"line":37,"column":21}},"loc":{"start":{"line":37,"column":44},"end":{"line":45,"column":1}}},"6":{"name":"listReviews","decl":{"start":{"line":47,"column":16},"end":{"line":47,"column":27}},"loc":{"start":{"line":47,"column":27},"end":{"line":49,"column":1}}},"7":{"name":"listReviewsFor","decl":{"start":{"line":51,"column":16},"end":{"line":51,"column":30}},"loc":{"start":{"line":51,"column":71},"end":{"line":56,"column":1}}},"8":{"name":"(anonymous_8)","decl":{"start":{"line":54,"column":4},"end":{"line":54,"column":5}},"loc":{"start":{"line":54,"column":16},"end":{"line":54,"column":68}}},"9":{"name":"(anonymous_9)","decl":{"start":{"line":58,"column":17},"end":{"line":58,"column":20}},"loc":{"start":{"line":59,"column":2},"end":{"line":61,"column":70}}},"10":{"name":"addReview","decl":{"start":{"line":63,"column":16},"end":{"line":63,"column":25}},"loc":{"start":{"line":63,"column":49},"end":{"line":73,"column":1}}},"11":{"name":"getReviewStats","decl":{"start":{"line":75,"column":16},"end":{"line":75,"column":30}},"loc":{"start":{"line":75,"column":71},"end":{"line":83,"column":1}}},"12":{"name":"(anonymous_12)","decl":{"start":{"line":78,"column":29},"end":{"line":78,"column":30}},"loc":{"start":{"line":78,"column":46},"end":{"line":78,"column":65}}}},"branchMap":{"0":{"loc":{"start":{"line":8,"column":2},"end":{"line":8,"column":77}},"type":"binary-expr","locations":[{"start":{"line":8,"column":2},"end":{"line":8,"column":31}},{"start":{"line":8,"column":35},"end":{"line":8,"column":77}}]},"1":{"loc":{"start":{"line":11,"column":2},"end":{"line":11,"column":33}},"type":"if","locations":[{"start":{"line":11,"column":2},"end":{"line":11,"column":33}},{"start":{},"end":{}}]},"2":{"loc":{"start":{"line":14,"column":4},"end":{"line":16,"column":5}},"type":"if","locations":[{"start":{"line":14,"column":4},"end":{"line":16,"column":5}},{"start":{},"end":{}}]},"3":{"loc":{"start":{"line":29,"column":2},"end":{"line":29,"column":34}},"type":"if","locations":[{"start":{"line":29,"column":2},"end":{"line":29,"column":34}},{"start":{},"end":{}}]},"4":{"loc":{"start":{"line":31,"column":2},"end":{"line":31,"column":22}},"type":"if","locations":[{"start":{"line":31,"column":2},"end":{"line":31,"column":22}},{"start":{},"end":{}}]},"5":{"loc":{"start":{"line":33,"column":2},"end":{"line":33,"column":25}},"type":"if","locations":[{"start":{"line":33,"column":2},"end":{"line":33,"column":25}},{"start":{},"end":{}}]},"6":{"loc":{"start":{"line":38,"column":2},"end":{"line":38,"column":31}},"type":"if","locations":[{"start":{"line":38,"column":2},"end":{"line":38,"column":31}},{"start":{},"end":{}}]},"7":{"loc":{"start":{"line":52,"column":2},"end":{"line":52,"column":27}},"type":"if","locations":[{"start":{"line":52,"column":2},"end":{"line":52,"column":27}},{"start":{},"end":{}}]},"8":{"loc":{"start":{"line":54,"column":16},"end":{"line":54,"column":68}},"type":"binary-expr","locations":[{"start":{"line":54,"column":16},"end":{"line":54,"column":36}},{"start":{"line":54,"column":40},"end":{"line":54,"column":68}}]},"9":{"loc":{"start":{"line":59,"column":2},"end":{"line":61,"column":70}},"type":"cond-expr","locations":[{"start":{"line":60,"column":6},"end":{"line":60,"column":25}},{"start":{"line":61,"column":6},"end":{"line":61,"column":70}}]},"10":{"loc":{"start":{"line":59,"column":2},"end":{"line":59,"column":74}},"type":"binary-expr","locations":[{"start":{"line":59,"column":2},"end":{"line":59,"column":31}},{"start":{"line":59,"column":35},"end":{"line":59,"column":74}}]},"11":{"loc":{"start":{"line":77,"column":2},"end":{"line":77,"column":58}},"type":"if","locations":[{"start":{"line":77,"column":2},"end":{"line":77,"column":58}},{"start":{},"end":{}}]}},"s":{"0":1,"1":1,"2":1,"3":6,"4":1,"5":3,"6":0,"7":3,"8":3,"9":2,"10":2,"11":1,"12":1,"13":1,"14":2,"15":0,"16":5,"17":0,"18":5,"19":5,"20":2,"21":3,"22":3,"23":1,"24":2,"25":1,"26":0,"27":1,"28":1,"29":1,"30":0,"31":4,"32":1,"33":0,"34":1,"35":1,"36":1,"37":1,"38":1,"39":1,"40":1,"41":1,"42":1,"43":0,"44":0,"45":0,"46":0,"47":0,"48":0,"49":1},"f":{"0":6,"1":3,"2":2,"3":0,"4":5,"5":1,"6":4,"7":1,"8":1,"9":1,"10":1,"11":0,"12":0},"b":{"0":[6,6],"1":[0,3],"2":[2,0],"3":[0,5],"4":[2,3],"5":[1,2],"6":[0,1],"7":[0,1],"8":[1,1],"9":[1,0],"10":[1,1],"11":[0,0]}}
,"/home/osama-khaireldin/fresh-react/src/utils/reviewVerification.ts": {"path":"/home/osama-khaireldin/fresh-react/src/utils/reviewVerification.ts","statementMap":{"0":{"start":{"line":5,"column":2},"end":{"line":5,"column":30}},"1":{"start":{"line":5,"column":17},"end":{"line":5,"column":30}},"2":{"start":{"line":6,"column":17},"end":{"line":6,"column":29}},"3":{"start":{"line":7,"column":2},"end":{"line":24,"column":3}},"4":{"start":{"line":8,"column":4},"end":{"line":23,"column":5}},"5":{"start":{"line":9,"column":6},"end":{"line":11,"column":7}},"6":{"start":{"line":10,"column":8},"end":{"line":10,"column":20}},"7":{"start":{"line":12,"column":6},"end":{"line":22,"column":7}},"8":{"start":{"line":13,"column":8},"end":{"line":15,"column":9}},"9":{"start":{"line":14,"column":10},"end":{"line":14,"column":22}},"10":{"start":{"line":16,"column":8},"end":{"line":18,"column":9}},"11":{"start":{"line":16,"column":51},"end":{"line":16,"column":84}},"12":{"start":{"line":17,"column":10},"end":{"line":17,"column":22}},"13":{"start":{"line":19,"column":8},"end":{"line":21,"column":9}},"14":{"start":{"line":19,"column":52},"end":{"line":19,"column":83}},"15":{"start":{"line":20,"column":10},"end":{"line":20,"column":22}},"16":{"start":{"line":25,"column":2},"end":{"line":25,"column":15}}},"fnMap":{"0":{"name":"isTargetVerifiedForAnyOrder","decl":{"start":{"line":4,"column":16},"end":{"line":4,"column":43}},"loc":{"start":{"line":4,"column":84},"end":{"line":26,"column":1}}},"1":{"name":"(anonymous_1)","decl":{"start":{"line":16,"column":35},"end":{"line":16,"column":36}},"loc":{"start":{"line":16,"column":51},"end":{"line":16,"column":84}}},"2":{"name":"(anonymous_2)","decl":{"start":{"line":19,"column":38},"end":{"line":19,"column":39}},"loc":{"start":{"line":19,"column":52},"end":{"line":19,"column":83}}}},"branchMap":{"0":{"loc":{"start":{"line":5,"column":2},"end":{"line":5,"column":30}},"type":"if","locations":[{"start":{"line":5,"column":2},"end":{"line":5,"column":30}},{"start":{},"end":{}}]},"1":{"loc":{"start":{"line":9,"column":6},"end":{"line":11,"column":7}},"type":"if","locations":[{"start":{"line":9,"column":6},"end":{"line":11,"column":7}},{"start":{},"end":{}}]},"2":{"loc":{"start":{"line":9,"column":10},"end":{"line":9,"column":57}},"type":"binary-expr","locations":[{"start":{"line":9,"column":10},"end":{"line":9,"column":27}},{"start":{"line":9,"column":31},"end":{"line":9,"column":57}}]},"3":{"loc":{"start":{"line":12,"column":6},"end":{"line":22,"column":7}},"type":"if","locations":[{"start":{"line":12,"column":6},"end":{"line":22,"column":7}},{"start":{},"end":{}}]},"4":{"loc":{"start":{"line":13,"column":8},"end":{"line":15,"column":9}},"type":"if","locations":[{"start":{"line":13,"column":8},"end":{"line":15,"column":9}},{"start":{},"end":{}}]},"5":{"loc":{"start":{"line":16,"column":8},"end":{"line":18,"column":9}},"type":"if","locations":[{"start":{"line":16,"column":8},"end":{"line":18,"column":9}},{"start":{},"end":{}}]},"6":{"loc":{"start":{"line":19,"column":8},"end":{"line":21,"column":9}},"type":"if","locations":[{"start":{"line":19,"column":8},"end":{"line":21,"column":9}},{"start":{},"end":{}}]}},"s":{"0":6,"1":0,"2":6,"3":6,"4":6,"5":6,"6":1,"7":5,"8":4,"9":1,"10":3,"11":3,"12":1,"13":2,"14":2,"15":1,"16":2},"f":{"0":6,"1":3,"2":2},"b":{"0":[0,6],"1":[1,5],"2":[6,2],"3":[4,1],"4":[1,3],"5":[1,2],"6":[1,1]}}
}
