TN:
SF:lib/http/loginHandler.ts
FN:18,loginHandler
FNF:1
FNH:1
FNDA:5,loginHandler
DA:9,1
DA:10,1
DA:19,5
DA:20,5
DA:21,1
DA:22,1
DA:25,4
DA:26,1
DA:27,1
DA:30,3
DA:31,3
DA:32,1
DA:35,2
DA:36,1
DA:38,1
DA:39,1
DA:41,0
LF:17
LH:16
BRDA:20,0,0,1
BRDA:20,0,1,4
BRDA:25,1,0,1
BRDA:25,1,1,3
BRDA:30,2,0,3
BRDA:30,2,1,1
BRDA:31,3,0,1
BRDA:31,3,1,2
BRDA:38,4,0,1
BRDA:38,4,1,0
BRDA:41,5,0,0
BRDA:41,5,1,0
BRDA:41,6,0,0
BRDA:41,6,1,0
BRF:14
BRH:9
end_of_record
TN:
SF:providers/fakeEmailProvider.ts
FN:6,(anonymous_0)
FNF:1
FNH:1
FNDA:2,(anonymous_0)
DA:4,2
DA:7,2
LF:2
LH:2
BRF:0
BRH:0
end_of_record
TN:
SF:server/_db.ts
FN:7,connectToDb
FNF:1
FNH:0
FNDA:0,connectToDb
DA:4,1
DA:5,1
DA:8,0
DA:9,0
DA:12,0
DA:13,0
DA:14,0
DA:15,0
DA:18,0
DA:19,0
DA:20,0
DA:22,0
DA:23,0
DA:24,0
LF:14
LH:2
BRDA:8,0,0,0
BRDA:8,0,1,0
BRDA:8,1,0,0
BRDA:8,1,1,0
BRDA:14,2,0,0
BRDA:14,2,1,0
BRDA:14,3,0,0
BRDA:14,3,1,0
BRF:8
BRH:0
end_of_record
TN:
SF:server/repositories/FileOrdersRepository.ts
FN:14,(anonymous_0)
FN:19,(anonymous_1)
FN:22,(anonymous_2)
FN:24,(anonymous_3)
FN:37,(anonymous_4)
FN:43,(anonymous_5)
FN:48,(anonymous_6)
FN:54,(anonymous_7)
FN:59,(anonymous_8)
FN:67,(anonymous_9)
FN:75,(anonymous_10)
FN:77,(anonymous_11)
FN:94,(anonymous_12)
FN:101,(anonymous_13)
FN:105,(anonymous_14)
FN:110,(anonymous_15)
FN:112,(anonymous_16)
FN:124,(anonymous_17)
FN:125,(anonymous_18)
FNF:19
FNH:0
FNDA:0,(anonymous_0)
FNDA:0,(anonymous_1)
FNDA:0,(anonymous_2)
FNDA:0,(anonymous_3)
FNDA:0,(anonymous_4)
FNDA:0,(anonymous_5)
FNDA:0,(anonymous_6)
FNDA:0,(anonymous_7)
FNDA:0,(anonymous_8)
FNDA:0,(anonymous_9)
FNDA:0,(anonymous_10)
FNDA:0,(anonymous_11)
FNDA:0,(anonymous_12)
FNDA:0,(anonymous_13)
FNDA:0,(anonymous_14)
FNDA:0,(anonymous_15)
FNDA:0,(anonymous_16)
FNDA:0,(anonymous_17)
FNDA:0,(anonymous_18)
DA:10,1
DA:11,1
DA:12,1
DA:14,1
DA:15,0
DA:16,0
DA:19,1
DA:22,0
DA:25,0
DA:26,0
DA:27,0
DA:28,0
DA:29,0
DA:31,0
DA:32,0
DA:33,0
DA:38,0
DA:39,0
DA:40,0
DA:44,0
DA:45,0
DA:49,0
DA:51,0
DA:55,0
DA:56,0
DA:57,0
DA:60,0
DA:68,0
DA:69,0
DA:70,0
DA:71,0
DA:72,0
DA:76,0
DA:77,0
DA:78,0
DA:79,0
DA:84,0
DA:85,0
DA:86,0
DA:92,0
DA:95,0
DA:96,0
DA:98,0
DA:102,0
DA:106,0
DA:107,0
DA:110,0
DA:111,0
DA:112,0
DA:113,0
DA:114,0
DA:115,0
DA:116,0
DA:119,0
DA:120,0
DA:121,0
DA:125,0
DA:126,0
DA:127,0
DA:128,0
DA:130,0
DA:131,0
DA:132,0
DA:133,0
DA:135,0
DA:140,0
DA:141,0
DA:142,0
DA:143,0
DA:146,1
LF:70
LH:6
BRDA:27,0,0,0
BRDA:27,0,1,0
BRDA:29,1,0,0
BRDA:29,1,1,0
BRDA:31,2,0,0
BRDA:31,2,1,0
BRDA:31,3,0,0
BRDA:31,3,1,0
BRDA:43,4,0,0
BRDA:49,5,0,0
BRDA:49,5,1,0
BRDA:49,6,0,0
BRDA:49,6,1,0
BRDA:58,7,0,0
BRDA:58,7,1,0
BRDA:60,8,0,0
BRDA:60,8,1,0
BRDA:60,8,2,0
BRDA:61,9,0,0
BRDA:61,9,1,0
BRDA:62,10,0,0
BRDA:62,10,1,0
BRDA:69,11,0,0
BRDA:69,11,1,0
BRDA:78,12,0,0
BRDA:78,12,1,0
BRDA:106,13,0,0
BRDA:106,13,1,0
BRDA:108,14,0,0
BRDA:108,14,1,0
BRDA:114,15,0,0
BRDA:114,15,1,0
BRDA:116,16,0,0
BRDA:116,16,1,0
BRDA:130,17,0,0
BRDA:130,17,1,0
BRDA:130,18,0,0
BRDA:130,18,1,0
BRF:38
BRH:0
end_of_record
TN:
SF:server/repositories/InMemoryOrdersRepository.ts
FN:11,(anonymous_0)
FN:12,(anonymous_1)
FN:15,(anonymous_2)
FN:16,(anonymous_3)
FN:19,(anonymous_4)
FN:20,(anonymous_5)
FN:23,(anonymous_6)
FN:27,(anonymous_7)
FN:33,(anonymous_8)
FN:37,(anonymous_9)
FN:45,(anonymous_10)
FN:51,(anonymous_11)
FN:52,(anonymous_12)
FNF:13
FNH:5
FNDA:2,(anonymous_0)
FNDA:0,(anonymous_1)
FNDA:0,(anonymous_2)
FNDA:0,(anonymous_3)
FNDA:0,(anonymous_4)
FNDA:0,(anonymous_5)
FNDA:1,(anonymous_6)
FNDA:0,(anonymous_7)
FNDA:3,(anonymous_8)
FNDA:1,(anonymous_9)
FNDA:2,(anonymous_10)
FNDA:0,(anonymous_11)
FNDA:0,(anonymous_12)
DA:6,1
DA:12,2
DA:16,0
DA:20,0
DA:24,1
DA:28,0
DA:30,1
DA:34,3
DA:35,3
DA:38,1
DA:46,2
DA:47,2
DA:48,2
DA:52,0
DA:53,0
DA:54,0
DA:59,0
DA:60,0
LF:18
LH:10
BRDA:11,0,0,2
BRDA:23,1,0,0
BRDA:28,2,0,0
BRDA:28,2,1,0
BRDA:28,3,0,0
BRDA:28,3,1,0
BRDA:36,4,0,3
BRDA:36,4,1,2
BRDA:38,5,0,1
BRDA:38,5,1,1
BRDA:38,5,2,1
BRDA:39,6,0,1
BRDA:39,6,1,0
BRDA:40,7,0,1
BRDA:40,7,1,0
BRDA:46,8,0,2
BRDA:46,8,1,0
BRDA:53,9,0,0
BRDA:53,9,1,0
BRF:19
BRH:9
end_of_record
TN:
SF:server/repositories/MongoOrdersRepository.ts
FN:9,(anonymous_0)
FN:11,(anonymous_1)
FN:16,(anonymous_2)
FN:24,(anonymous_3)
FN:31,(anonymous_4)
FNF:5
FNH:0
FNDA:0,(anonymous_0)
FNDA:0,(anonymous_1)
FNDA:0,(anonymous_2)
FNDA:0,(anonymous_3)
FNDA:0,(anonymous_4)
DA:6,1
DA:9,0
DA:12,0
DA:13,0
DA:17,0
DA:25,0
DA:26,0
DA:27,0
DA:28,0
DA:32,0
DA:37,0
DA:38,0
LF:12
LH:1
BRDA:11,0,0,0
BRDA:25,1,0,0
BRDA:25,1,1,0
BRDA:27,2,0,0
BRDA:27,2,1,0
BRDA:38,3,0,0
BRDA:38,3,1,0
BRF:7
BRH:0
end_of_record
TN:
SF:server/repositories/index.ts
FN:10,(anonymous_0)
FN:27,(anonymous_1)
FNF:2
FNH:0
FNDA:0,(anonymous_0)
FNDA:0,(anonymous_1)
DA:7,1
DA:8,1
DA:10,1
DA:11,0
DA:13,0
DA:14,0
DA:15,0
DA:16,0
DA:17,0
DA:19,0
DA:20,0
DA:21,0
DA:22,0
DA:23,0
DA:27,1
DA:28,0
DA:29,0
LF:17
LH:4
BRDA:11,0,0,0
BRDA:11,0,1,0
BRDA:21,1,0,0
BRDA:21,1,1,0
BRDA:22,2,0,0
BRDA:22,2,1,0
BRF:6
BRH:0
end_of_record
TN:
SF:shared/fakeId.ts
FN:2,createFakeIdGenerator
FN:4,(anonymous_1)
FNF:2
FNH:2
FNDA:6,createFakeIdGenerator
FNDA:7,(anonymous_1)
DA:3,6
DA:4,7
LF:2
LH:2
BRDA:2,0,0,0
BRDA:2,1,0,4
BRF:2
BRH:1
end_of_record
TN:
SF:shared/services/ordersService.ts
FN:18,(anonymous_0)
FN:23,(anonymous_1)
FN:35,(anonymous_2)
FN:47,(anonymous_3)
FN:49,(anonymous_4)
FN:50,(anonymous_5)
FN:56,(anonymous_6)
FN:69,(anonymous_7)
FN:77,(anonymous_8)
FN:88,(anonymous_9)
FN:91,(anonymous_10)
FN:98,(anonymous_11)
FN:106,(anonymous_12)
FN:128,(anonymous_13)
FN:146,(anonymous_14)
FN:172,sanitizeOrderPayload
FN:190,(anonymous_16)
FN:217,(anonymous_17)
FN:218,(anonymous_18)
FN:260,(anonymous_19)
FN:272,(anonymous_20)
FN:281,(anonymous_21)
FN:325,(anonymous_22)
FN:331,(anonymous_23)
FN:336,(anonymous_24)
FN:342,(anonymous_25)
FN:363,(anonymous_26)
FN:395,(anonymous_27)
FN:406,(anonymous_28)
FN:429,(anonymous_29)
FN:440,(anonymous_30)
FN:442,(anonymous_31)
FN:449,(anonymous_32)
FN:451,(anonymous_33)
FN:462,(anonymous_34)
FN:569,listOrders
FN:575,createOrder
FN:607,(anonymous_37)
FN:619,(anonymous_38)
FN:684,updateOrderStatus
FN:690,notifyTelegramTest
FNF:41
FNH:27
FNDA:87,(anonymous_0)
FNDA:2,(anonymous_1)
FNDA:2,(anonymous_2)
FNDA:0,(anonymous_3)
FNDA:0,(anonymous_4)
FNDA:0,(anonymous_5)
FNDA:0,(anonymous_6)
FNDA:2,(anonymous_7)
FNDA:21,(anonymous_8)
FNDA:15,(anonymous_9)
FNDA:0,(anonymous_10)
FNDA:3,(anonymous_11)
FNDA:3,(anonymous_12)
FNDA:0,(anonymous_13)
FNDA:2,(anonymous_14)
FNDA:3,sanitizeOrderPayload
FNDA:3,(anonymous_16)
FNDA:3,(anonymous_17)
FNDA:3,(anonymous_18)
FNDA:3,(anonymous_19)
FNDA:3,(anonymous_20)
FNDA:0,(anonymous_21)
FNDA:2,(anonymous_22)
FNDA:2,(anonymous_23)
FNDA:4,(anonymous_24)
FNDA:2,(anonymous_25)
FNDA:2,(anonymous_26)
FNDA:2,(anonymous_27)
FNDA:12,(anonymous_28)
FNDA:0,(anonymous_29)
FNDA:0,(anonymous_30)
FNDA:2,(anonymous_31)
FNDA:2,(anonymous_32)
FNDA:2,(anonymous_33)
FNDA:2,(anonymous_34)
FNDA:0,listOrders
FNDA:3,createOrder
FNDA:0,(anonymous_37)
FNDA:0,(anonymous_38)
FNDA:0,updateOrderStatus
FNDA:0,notifyTelegramTest
DA:14,1
DA:15,1
DA:16,1
DA:18,1
DA:19,87
DA:20,76
DA:23,1
DA:24,2
DA:25,0
DA:32,2
DA:33,2
DA:35,2
DA:36,2
DA:48,0
DA:49,0
DA:50,0
DA:51,0
DA:52,0
DA:56,0
DA:62,2
DA:63,2
DA:64,2
DA:68,1
DA:69,1
DA:70,2
DA:71,2
DA:72,2
DA:74,0
DA:77,1
DA:78,21
DA:79,15
DA:81,6
DA:82,3
DA:83,3
DA:85,3
DA:88,1
DA:89,15
DA:91,1
DA:92,0
DA:93,0
DA:94,0
DA:95,0
DA:98,1
DA:99,3
DA:100,9
DA:101,9
DA:103,0
DA:106,1
DA:107,3
DA:108,3
DA:109,0
DA:110,0
DA:112,3
DA:113,3
DA:114,3
DA:115,3
DA:116,0
DA:117,0
DA:118,0
DA:121,0
DA:122,0
DA:123,0
DA:125,0
DA:128,1
DA:129,0
DA:130,0
DA:131,0
DA:132,0
DA:133,0
DA:134,0
DA:135,0
DA:136,0
DA:141,0
DA:142,0
DA:146,1
DA:147,2
DA:148,1
DA:154,1
DA:160,1
DA:161,1
DA:162,1
DA:164,0
DA:165,0
DA:169,0
DA:173,3
DA:174,3
DA:175,0
DA:176,0
DA:178,0
DA:181,3
DA:184,3
DA:189,3
DA:190,3
DA:191,3
DA:193,3
DA:196,3
DA:201,3
DA:203,3
DA:217,3
DA:218,3
DA:219,3
DA:220,3
DA:221,3
DA:223,3
DA:224,3
DA:228,3
DA:231,3
DA:233,3
DA:249,3
DA:259,3
DA:260,3
DA:262,3
DA:266,3
DA:267,3
DA:268,3
DA:269,3
DA:271,3
DA:272,3
DA:274,3
DA:275,3
DA:276,3
DA:277,3
DA:280,3
DA:281,0
DA:283,3
DA:285,3
DA:294,3
DA:295,3
DA:302,3
DA:303,3
DA:305,3
DA:325,2
DA:331,1
DA:332,2
DA:333,2
DA:336,1
DA:337,4
DA:338,0
DA:339,0
DA:342,1
DA:343,2
DA:345,1
DA:346,1
DA:347,1
DA:348,1
DA:350,1
DA:351,0
DA:354,1
DA:360,1
DA:363,1
DA:364,2
DA:365,2
DA:366,2
DA:367,0
DA:370,2
DA:371,2
DA:372,2
DA:373,2
DA:387,2
DA:395,1
DA:396,2
DA:397,2
DA:398,2
DA:399,2
DA:400,0
DA:401,0
DA:403,2
DA:404,2
DA:406,2
DA:407,12
DA:409,2
DA:418,2
DA:420,2
DA:421,2
DA:427,2
DA:428,0
DA:429,0
DA:430,0
DA:431,0
DA:433,0
DA:435,2
DA:436,2
DA:440,1
DA:442,1
DA:443,2
DA:444,2
DA:446,0
DA:449,2
DA:451,1
DA:452,2
DA:453,2
DA:454,2
DA:455,2
DA:456,2
DA:457,2
DA:459,2
DA:461,2
DA:463,2
DA:464,2
DA:465,2
DA:467,2
DA:476,2
DA:478,2
DA:480,2
DA:482,2
DA:484,2
DA:502,2
DA:517,2
DA:570,0
DA:571,0
DA:572,0
DA:576,3
DA:577,3
DA:578,3
DA:592,3
DA:593,0
DA:594,0
DA:595,0
DA:597,3
DA:598,0
DA:599,0
DA:605,0
DA:606,0
DA:607,0
DA:619,0
DA:622,3
DA:623,0
DA:624,0
DA:625,0
DA:628,3
DA:629,3
DA:631,3
DA:632,3
DA:633,3
DA:634,1
DA:637,1
DA:638,1
DA:642,2
DA:643,2
DA:644,2
DA:645,2
DA:651,2
DA:653,2
DA:654,2
DA:655,2
DA:656,2
DA:657,2
DA:658,2
DA:659,2
DA:660,2
DA:662,0
DA:666,2
DA:667,2
DA:669,2
DA:672,2
DA:673,2
DA:675,2
DA:676,2
DA:678,0
DA:681,2
DA:685,0
DA:686,0
DA:687,0
DA:691,0
DA:692,0
DA:693,0
DA:694,0
DA:695,0
DA:697,0
DA:711,0
DA:712,0
DA:713,0
DA:714,0
DA:715,0
DA:717,0
LF:275
LH:192
BRDA:19,0,0,11
BRDA:19,0,1,76
BRDA:19,1,0,87
BRDA:19,1,1,87
BRDA:24,2,0,0
BRDA:24,2,1,2
BRDA:39,3,0,2
BRDA:39,3,1,2
BRDA:53,4,0,0
BRDA:53,4,1,0
BRDA:53,4,2,0
BRDA:54,5,0,0
BRDA:54,5,1,0
BRDA:55,6,0,0
BRDA:55,6,1,0
BRDA:72,7,0,2
BRDA:72,7,1,0
BRDA:78,8,0,15
BRDA:78,8,1,6
BRDA:79,9,0,15
BRDA:79,9,1,0
BRDA:81,10,0,3
BRDA:81,10,1,3
BRDA:81,11,0,6
BRDA:81,11,1,3
BRDA:83,12,0,3
BRDA:83,12,1,0
BRDA:89,13,0,15
BRDA:89,13,1,0
BRDA:93,14,0,0
BRDA:93,14,1,0
BRDA:95,15,0,0
BRDA:95,15,1,0
BRDA:101,16,0,3
BRDA:101,16,1,6
BRDA:106,17,0,0
BRDA:107,18,0,0
BRDA:107,18,1,3
BRDA:108,19,0,0
BRDA:108,19,1,3
BRDA:108,20,0,3
BRDA:108,20,1,3
BRDA:108,20,2,0
BRDA:110,21,0,0
BRDA:110,21,1,0
BRDA:112,22,0,3
BRDA:112,22,1,0
BRDA:114,23,0,3
BRDA:114,23,1,0
BRDA:115,24,0,3
BRDA:115,24,1,0
BRDA:121,25,0,0
BRDA:121,25,1,0
BRDA:121,26,0,0
BRDA:121,26,1,0
BRDA:121,26,2,0
BRDA:132,27,0,0
BRDA:132,27,1,0
BRDA:134,28,0,0
BRDA:134,28,1,0
BRDA:137,29,0,0
BRDA:137,29,1,0
BRDA:137,29,2,0
BRDA:138,30,0,0
BRDA:138,30,1,0
BRDA:138,30,2,0
BRDA:147,31,0,1
BRDA:147,31,1,1
BRDA:149,32,0,1
BRDA:149,32,1,0
BRDA:150,33,0,1
BRDA:150,33,1,1
BRDA:151,34,0,1
BRDA:151,34,1,1
BRDA:152,35,0,1
BRDA:152,35,1,1
BRDA:155,36,0,1
BRDA:155,36,1,0
BRDA:156,37,0,1
BRDA:156,37,1,1
BRDA:157,38,0,1
BRDA:157,38,1,1
BRDA:158,39,0,1
BRDA:158,39,1,1
BRDA:160,40,0,1
BRDA:160,40,1,0
BRDA:160,41,0,1
BRDA:160,41,1,1
BRDA:166,42,0,0
BRDA:166,42,1,0
BRDA:166,42,2,0
BRDA:167,43,0,0
BRDA:167,43,1,0
BRDA:167,43,2,0
BRDA:174,44,0,0
BRDA:174,44,1,3
BRDA:174,45,0,3
BRDA:174,45,1,0
BRDA:181,46,0,0
BRDA:181,46,1,3
BRDA:181,47,0,3
BRDA:181,47,1,3
BRDA:184,48,0,3
BRDA:184,48,1,0
BRDA:184,49,0,3
BRDA:184,49,1,3
BRDA:186,50,0,0
BRDA:186,50,1,0
BRDA:186,51,0,0
BRDA:186,51,1,0
BRDA:191,52,0,3
BRDA:191,52,1,0
BRDA:191,52,2,0
BRDA:193,53,0,3
BRDA:193,53,1,0
BRDA:193,54,0,3
BRDA:193,54,1,0
BRDA:193,54,2,0
BRDA:193,54,3,0
BRDA:196,55,0,3
BRDA:196,55,1,0
BRDA:196,55,2,0
BRDA:197,56,0,0
BRDA:197,56,1,3
BRDA:197,57,0,3
BRDA:197,57,1,0
BRDA:198,58,0,0
BRDA:198,58,1,0
BRDA:201,59,0,3
BRDA:201,59,1,0
BRDA:205,60,0,3
BRDA:205,60,1,0
BRDA:206,61,0,3
BRDA:206,61,1,0
BRDA:212,62,0,3
BRDA:212,62,1,0
BRDA:217,63,0,3
BRDA:217,63,1,3
BRDA:219,64,0,3
BRDA:219,64,1,0
BRDA:220,65,0,3
BRDA:220,65,1,0
BRDA:223,66,0,3
BRDA:223,66,1,0
BRDA:223,67,0,3
BRDA:223,67,1,0
BRDA:223,67,2,0
BRDA:225,68,0,3
BRDA:225,68,1,3
BRDA:225,68,2,0
BRDA:228,69,0,0
BRDA:228,69,1,3
BRDA:228,70,0,3
BRDA:228,70,1,0
BRDA:229,71,0,0
BRDA:229,71,1,0
BRDA:231,72,0,3
BRDA:231,72,1,0
BRDA:233,73,0,3
BRDA:233,73,1,0
BRDA:233,74,0,3
BRDA:233,74,1,3
BRDA:233,74,2,3
BRDA:236,75,0,3
BRDA:236,75,1,0
BRDA:236,76,0,3
BRDA:236,76,1,0
BRDA:237,77,0,3
BRDA:237,77,1,0
BRDA:237,78,0,3
BRDA:237,78,1,0
BRDA:239,79,0,3
BRDA:239,79,1,0
BRDA:246,80,0,0
BRDA:246,80,1,0
BRDA:260,81,0,3
BRDA:260,81,1,0
BRDA:262,82,0,3
BRDA:262,82,1,0
BRDA:262,83,0,3
BRDA:262,83,1,3
BRDA:272,84,0,3
BRDA:272,84,1,0
BRDA:274,85,0,3
BRDA:274,85,1,0
BRDA:275,86,0,3
BRDA:275,86,1,0
BRDA:276,87,0,3
BRDA:276,87,1,0
BRDA:277,88,0,3
BRDA:277,88,1,3
BRDA:280,89,0,3
BRDA:280,89,1,0
BRDA:280,89,2,0
BRDA:281,90,0,0
BRDA:281,90,1,0
BRDA:283,91,0,3
BRDA:283,91,1,0
BRDA:294,92,0,3
BRDA:294,92,1,3
BRDA:302,93,0,3
BRDA:302,93,1,0
BRDA:302,93,2,0
BRDA:302,93,3,0
BRDA:308,94,0,3
BRDA:308,94,1,0
BRDA:309,95,0,3
BRDA:309,95,1,0
BRDA:311,96,0,3
BRDA:311,96,1,0
BRDA:312,97,0,3
BRDA:312,97,1,0
BRDA:313,98,0,3
BRDA:313,98,1,0
BRDA:314,99,0,3
BRDA:314,99,1,0
BRDA:315,100,0,3
BRDA:315,100,1,0
BRDA:317,101,0,0
BRDA:317,101,1,0
BRDA:317,102,0,0
BRDA:317,102,1,0
BRDA:327,103,0,2
BRDA:327,103,1,0
BRDA:337,104,0,4
BRDA:337,104,1,0
BRDA:339,105,0,0
BRDA:339,105,1,0
BRDA:343,106,0,1
BRDA:343,106,1,1
BRDA:350,107,0,0
BRDA:350,107,1,1
BRDA:350,108,0,1
BRDA:350,108,1,1
BRDA:350,108,2,1
BRDA:350,108,3,1
BRDA:365,109,0,2
BRDA:365,109,1,0
BRDA:366,110,0,0
BRDA:366,110,1,2
BRDA:366,111,0,2
BRDA:366,111,1,2
BRDA:381,112,0,2
BRDA:381,112,1,2
BRDA:397,113,0,2
BRDA:397,113,1,0
BRDA:397,113,2,0
BRDA:399,114,0,0
BRDA:399,114,1,2
BRDA:399,115,0,2
BRDA:399,115,1,2
BRDA:403,116,0,2
BRDA:403,116,1,0
BRDA:407,117,0,0
BRDA:407,117,1,12
BRDA:407,118,0,12
BRDA:407,118,1,12
BRDA:407,118,2,12
BRDA:415,119,0,2
BRDA:415,119,1,0
BRDA:416,120,0,2
BRDA:416,120,1,0
BRDA:428,121,0,0
BRDA:428,121,1,0
BRDA:430,122,0,0
BRDA:430,122,1,0
BRDA:443,123,0,2
BRDA:443,123,1,0
BRDA:443,124,0,2
BRDA:443,124,1,2
BRDA:449,125,0,2
BRDA:449,125,1,0
BRDA:453,126,0,2
BRDA:453,126,1,0
BRDA:454,127,0,2
BRDA:454,127,1,0
BRDA:456,128,0,2
BRDA:456,128,1,0
BRDA:456,128,2,0
BRDA:459,129,0,2
BRDA:459,129,1,2
BRDA:464,130,0,2
BRDA:464,130,1,0
BRDA:464,130,2,0
BRDA:465,131,0,2
BRDA:465,131,1,0
BRDA:465,132,0,0
BRDA:465,132,1,0
BRDA:465,133,0,0
BRDA:465,133,1,0
BRDA:467,134,0,2
BRDA:467,134,1,0
BRDA:469,135,0,0
BRDA:469,135,1,0
BRDA:472,136,0,0
BRDA:472,136,1,0
BRDA:476,137,0,2
BRDA:476,137,1,0
BRDA:478,138,0,2
BRDA:478,138,1,0
BRDA:478,139,0,2
BRDA:478,139,1,2
BRDA:480,140,0,2
BRDA:480,140,1,0
BRDA:480,141,0,0
BRDA:480,141,1,0
BRDA:482,142,0,2
BRDA:482,142,1,0
BRDA:488,143,0,2
BRDA:488,143,1,0
BRDA:496,144,0,2
BRDA:496,144,1,0
BRDA:502,145,0,2
BRDA:502,145,1,0
BRDA:570,146,0,0
BRDA:570,146,1,0
BRDA:576,147,0,3
BRDA:576,147,1,0
BRDA:592,148,0,0
BRDA:592,148,1,3
BRDA:592,149,0,3
BRDA:592,149,1,3
BRDA:597,150,0,0
BRDA:597,150,1,3
BRDA:597,151,0,3
BRDA:597,151,1,3
BRDA:598,152,0,0
BRDA:598,152,1,0
BRDA:598,153,0,0
BRDA:598,153,1,0
BRDA:598,154,0,0
BRDA:598,154,1,0
BRDA:599,155,0,0
BRDA:599,155,1,0
BRDA:601,156,0,0
BRDA:601,156,1,0
BRDA:605,157,0,0
BRDA:605,157,1,0
BRDA:608,158,0,0
BRDA:608,158,1,0
BRDA:608,158,2,0
BRDA:609,159,0,0
BRDA:609,159,1,0
BRDA:609,159,2,0
BRDA:610,160,0,0
BRDA:610,160,1,0
BRDA:611,161,0,0
BRDA:611,161,1,0
BRDA:611,161,2,0
BRDA:616,162,0,0
BRDA:616,162,1,0
BRDA:619,163,0,0
BRDA:619,163,1,0
BRDA:622,164,0,0
BRDA:622,164,1,3
BRDA:631,165,0,3
BRDA:631,165,1,0
BRDA:631,166,0,3
BRDA:631,166,1,3
BRDA:633,167,0,1
BRDA:633,167,1,2
BRDA:653,168,0,2
BRDA:653,168,1,0
BRDA:654,169,0,2
BRDA:654,169,1,0
BRDA:657,170,0,2
BRDA:657,170,1,0
BRDA:685,171,0,0
BRDA:685,171,1,0
BRDA:687,172,0,0
BRDA:687,172,1,0
BRDA:692,173,0,0
BRDA:692,173,1,0
BRDA:692,174,0,0
BRDA:692,174,1,0
BRDA:712,175,0,0
BRDA:712,175,1,0
BRF:377
BRH:168
end_of_record
TN:
SF:src/analytics/events.ts
FN:159,trackEvent
FN:175,getEventBuffer
FN:179,clearEventBuffer
FNF:3
FNH:3
FNDA:3,trackEvent
FNDA:1,getEventBuffer
FNDA:1,clearEventBuffer
DA:141,1
DA:146,1
DA:150,1
DA:160,3
DA:161,3
DA:162,3
DA:164,3
DA:165,3
DA:166,0
DA:169,3
DA:170,0
DA:176,1
DA:180,1
LF:13
LH:11
BRDA:141,0,0,0
BRDA:141,0,1,1
BRDA:141,1,0,1
BRDA:141,1,1,1
BRDA:146,2,0,1
BRDA:146,2,1,1
BRDA:146,2,2,1
BRDA:161,3,0,3
BRDA:161,3,1,0
BRDA:163,4,0,3
BRDA:163,4,1,1
BRDA:165,5,0,0
BRDA:165,5,1,3
BRDA:169,6,0,0
BRDA:169,6,1,3
BRF:15
BRH:11
end_of_record
TN:
SF:src/auth/AuthService.ts
FN:8,(anonymous_0)
FN:13,(anonymous_1)
FNF:2
FNH:2
FNDA:4,(anonymous_0)
FNDA:5,(anonymous_1)
DA:9,4
DA:10,4
DA:14,5
DA:15,4
DA:16,2
DA:19,2
DA:21,2
LF:7
LH:7
BRDA:15,0,0,2
BRDA:15,0,1,2
BRF:2
BRH:2
end_of_record
TN:
SF:src/cart/cartStore.tsx
FN:114,(anonymous_0)
FN:128,(anonymous_1)
FN:131,(anonymous_2)
FN:150,(anonymous_3)
FN:160,(anonymous_4)
FN:175,(anonymous_5)
FN:274,useCart
FN:282,readSavedCarts
FN:296,sanitizeCartItems
FN:297,(anonymous_9)
FN:303,readStoredCartPayload
FN:327,rehydrateStoredPromo
FN:335,(anonymous_12)
FN:339,(anonymous_13)
FN:347,createInitialState
FN:362,CartProvider
FN:365,(anonymous_16)
FN:369,(anonymous_17)
FN:393,(anonymous_18)
FN:403,(anonymous_19)
FN:403,(anonymous_20)
FN:408,(anonymous_21)
FN:408,(anonymous_22)
FN:415,(anonymous_23)
FN:420,(anonymous_24)
FN:434,(anonymous_25)
FN:441,(anonymous_26)
FN:481,(anonymous_27)
FN:488,(anonymous_28)
FN:495,(anonymous_29)
FN:499,(anonymous_30)
FN:503,(anonymous_31)
FN:507,(anonymous_32)
FN:520,(anonymous_33)
FN:525,(anonymous_34)
FN:534,(anonymous_35)
FN:542,(anonymous_36)
FN:551,(anonymous_37)
FN:558,(anonymous_38)
FN:559,(anonymous_39)
FN:564,(anonymous_40)
FN:571,(anonymous_41)
FN:572,(anonymous_42)
FN:581,(anonymous_43)
FN:585,(anonymous_44)
FNF:45
FNH:33
FNDA:24,(anonymous_0)
FNDA:4,(anonymous_1)
FNDA:4,(anonymous_2)
FNDA:2,(anonymous_3)
FNDA:2,(anonymous_4)
FNDA:1,(anonymous_5)
FNDA:13,useCart
FNDA:4,readSavedCarts
FNDA:1,sanitizeCartItems
FNDA:1,(anonymous_9)
FNDA:4,readStoredCartPayload
FNDA:4,rehydrateStoredPromo
FNDA:0,(anonymous_12)
FNDA:0,(anonymous_13)
FNDA:4,createInitialState
FNDA:13,CartProvider
FNDA:4,(anonymous_16)
FNDA:10,(anonymous_17)
FNDA:7,(anonymous_18)
FNDA:10,(anonymous_19)
FNDA:6,(anonymous_20)
FNDA:10,(anonymous_21)
FNDA:6,(anonymous_22)
FNDA:0,(anonymous_23)
FNDA:0,(anonymous_24)
FNDA:0,(anonymous_25)
FNDA:0,(anonymous_26)
FNDA:0,(anonymous_27)
FNDA:4,(anonymous_28)
FNDA:0,(anonymous_29)
FNDA:0,(anonymous_30)
FNDA:1,(anonymous_31)
FNDA:0,(anonymous_32)
FNDA:1,(anonymous_33)
FNDA:1,(anonymous_34)
FNDA:1,(anonymous_35)
FNDA:0,(anonymous_36)
FNDA:0,(anonymous_37)
FNDA:1,(anonymous_38)
FNDA:1,(anonymous_39)
FNDA:1,(anonymous_40)
FNDA:1,(anonymous_41)
FNDA:1,(anonymous_42)
FNDA:1,(anonymous_43)
FNDA:1,(anonymous_44)
DA:15,2
DA:16,2
DA:109,2
DA:114,2
DA:115,24
DA:117,0
DA:128,8
DA:129,8
DA:130,8
DA:132,4
DA:137,8
DA:148,4
DA:149,2
DA:150,2
DA:159,2
DA:161,2
DA:174,1
DA:175,1
DA:184,3
DA:194,4
DA:200,4
DA:210,0
DA:218,0
DA:225,0
DA:231,0
DA:272,2
DA:275,13
DA:276,13
DA:277,0
DA:279,13
DA:283,4
DA:284,4
DA:285,4
DA:286,4
DA:287,1
DA:288,1
DA:293,3
DA:297,1
DA:304,4
DA:305,4
DA:306,4
DA:307,4
DA:308,2
DA:309,1
DA:310,1
DA:312,0
DA:313,0
DA:322,1
DA:324,1
DA:331,4
DA:332,4
DA:333,4
DA:335,0
DA:336,0
DA:337,0
DA:339,0
DA:340,0
DA:341,0
DA:342,0
DA:344,0
DA:348,4
DA:349,4
DA:350,4
DA:363,13
DA:365,13
DA:366,4
DA:369,13
DA:370,10
DA:371,10
DA:372,10
DA:383,0
DA:393,13
DA:394,7
DA:395,7
DA:396,7
DA:398,0
DA:402,13
DA:403,10
DA:407,13
DA:408,10
DA:411,13
DA:412,13
DA:413,13
DA:414,13
DA:415,13
DA:416,0
DA:417,0
DA:418,0
DA:420,0
DA:421,0
DA:422,0
DA:424,0
DA:425,0
DA:426,0
DA:428,0
DA:432,0
DA:434,13
DA:435,0
DA:436,0
DA:438,0
DA:441,13
DA:445,0
DA:446,0
DA:447,0
DA:449,0
DA:450,0
DA:451,0
DA:453,0
DA:454,0
DA:456,0
DA:457,0
DA:460,0
DA:463,0
DA:464,0
DA:465,0
DA:467,0
DA:474,0
DA:481,13
DA:482,0
DA:483,0
DA:485,0
DA:488,13
DA:489,4
DA:495,13
DA:496,0
DA:499,13
DA:500,0
DA:503,13
DA:504,1
DA:507,13
DA:508,0
DA:520,13
DA:521,1
DA:525,13
DA:526,1
DA:527,1
DA:528,1
DA:529,1
DA:534,1
DA:536,1
DA:537,1
DA:538,1
DA:539,1
DA:542,13
DA:543,0
DA:544,0
DA:545,0
DA:546,0
DA:551,0
DA:553,0
DA:554,0
DA:555,0
DA:558,13
DA:559,1
DA:560,1
DA:561,1
DA:564,1
DA:568,1
DA:571,13
DA:572,1
DA:573,1
DA:574,1
DA:575,1
DA:576,0
DA:578,1
DA:581,13
DA:582,1
DA:583,1
DA:584,1
DA:585,1
DA:586,1
DA:587,1
DA:588,1
DA:590,1
DA:591,1
DA:592,1
DA:595,13
DA:626,13
LF:178
LH:115
BRDA:115,0,0,0
BRDA:115,0,1,8
BRDA:115,0,2,4
BRDA:115,0,3,1
BRDA:115,0,4,3
BRDA:115,0,5,4
BRDA:115,0,6,4
BRDA:115,0,7,0
BRDA:115,0,8,0
BRDA:115,0,9,0
BRDA:115,0,10,0
BRDA:121,1,0,0
BRDA:121,1,1,0
BRDA:122,2,0,0
BRDA:122,2,1,0
BRDA:123,3,0,0
BRDA:123,3,1,0
BRDA:124,4,0,0
BRDA:124,4,1,0
BRDA:130,5,0,4
BRDA:130,5,1,4
BRDA:132,6,0,4
BRDA:132,6,1,0
BRDA:148,7,0,2
BRDA:148,7,1,2
BRDA:161,8,0,2
BRDA:161,8,1,0
BRDA:276,9,0,0
BRDA:276,9,1,13
BRDA:283,10,0,0
BRDA:283,10,1,4
BRDA:286,11,0,1
BRDA:286,11,1,3
BRDA:288,12,0,1
BRDA:288,12,1,0
BRDA:299,13,0,1
BRDA:299,13,1,0
BRDA:299,14,0,1
BRDA:299,14,1,1
BRDA:304,15,0,0
BRDA:304,15,1,4
BRDA:307,16,0,2
BRDA:307,16,1,2
BRDA:309,17,0,1
BRDA:309,17,1,0
BRDA:312,18,0,0
BRDA:312,18,1,0
BRDA:312,19,0,0
BRDA:312,19,1,0
BRDA:312,19,2,0
BRDA:315,20,0,0
BRDA:315,20,1,0
BRDA:316,21,0,0
BRDA:316,21,1,0
BRDA:317,22,0,0
BRDA:317,22,1,0
BRDA:318,23,0,0
BRDA:318,23,1,0
BRDA:332,24,0,4
BRDA:332,24,1,0
BRDA:335,25,0,0
BRDA:335,25,1,0
BRDA:336,26,0,0
BRDA:336,26,1,0
BRDA:341,27,0,0
BRDA:341,27,1,0
BRDA:356,28,0,4
BRDA:356,28,1,4
BRDA:357,29,0,4
BRDA:357,29,1,4
BRDA:370,30,0,0
BRDA:370,30,1,10
BRDA:394,31,0,0
BRDA:394,31,1,7
BRDA:411,32,0,13
BRDA:411,32,1,13
BRDA:413,33,0,13
BRDA:413,33,1,0
BRDA:415,34,0,0
BRDA:417,35,0,0
BRDA:417,35,1,0
BRDA:421,36,0,0
BRDA:421,36,1,0
BRDA:421,37,0,0
BRDA:421,37,1,0
BRDA:425,38,0,0
BRDA:425,38,1,0
BRDA:435,39,0,0
BRDA:435,39,1,0
BRDA:435,40,0,0
BRDA:435,40,1,0
BRDA:446,41,0,0
BRDA:446,41,1,0
BRDA:450,42,0,0
BRDA:450,42,1,0
BRDA:453,43,0,0
BRDA:453,43,1,0
BRDA:456,44,0,0
BRDA:456,44,1,0
BRDA:460,45,0,0
BRDA:460,45,1,0
BRDA:464,46,0,0
BRDA:464,46,1,0
BRDA:482,47,0,0
BRDA:482,47,1,0
BRDA:482,48,0,0
BRDA:482,48,1,0
BRDA:491,49,0,4
BRDA:491,49,1,3
BRDA:521,50,0,1
BRDA:521,50,1,0
BRDA:521,51,0,1
BRDA:521,51,1,1
BRDA:527,52,0,0
BRDA:527,52,1,1
BRDA:527,53,0,1
BRDA:527,53,1,1
BRDA:544,54,0,0
BRDA:544,54,1,0
BRDA:544,55,0,0
BRDA:544,55,1,0
BRDA:560,56,0,0
BRDA:560,56,1,1
BRDA:573,57,0,0
BRDA:573,57,1,1
BRDA:575,58,0,0
BRDA:575,58,1,1
BRDA:583,59,0,0
BRDA:583,59,1,1
BRDA:586,60,0,0
BRDA:586,60,1,1
BRDA:590,61,0,0
BRDA:590,61,1,1
BRF:133
BRH:48
end_of_record
TN:
SF:src/components/ReviewsSection.tsx
FN:7,(anonymous_0)
FN:9,(anonymous_1)
FN:14,ReviewsSection
FN:22,(anonymous_3)
FN:24,(anonymous_4)
FN:29,(anonymous_5)
FN:41,(anonymous_6)
FN:44,(anonymous_7)
FN:46,(anonymous_8)
FN:51,(anonymous_9)
FN:52,(anonymous_10)
FN:53,(anonymous_11)
FN:59,(anonymous_12)
FN:61,(anonymous_13)
FN:64,(anonymous_14)
FN:80,(anonymous_15)
FN:84,(anonymous_16)
FN:118,(anonymous_17)
FN:151,(anonymous_18)
FN:194,(anonymous_19)
FNF:20
FNH:11
FNDA:12,(anonymous_0)
FNDA:60,(anonymous_1)
FNDA:2,ReviewsSection
FNDA:1,(anonymous_3)
FNDA:1,(anonymous_4)
FNDA:0,(anonymous_5)
FNDA:1,(anonymous_6)
FNDA:2,(anonymous_7)
FNDA:0,(anonymous_8)
FNDA:2,(anonymous_9)
FNDA:10,(anonymous_10)
FNDA:0,(anonymous_11)
FNDA:0,(anonymous_12)
FNDA:0,(anonymous_13)
FNDA:0,(anonymous_14)
FNDA:0,(anonymous_15)
FNDA:0,(anonymous_16)
FNDA:10,(anonymous_17)
FNDA:10,(anonymous_18)
FNDA:0,(anonymous_19)
DA:7,1
DA:8,12
DA:9,60
DA:12,1
DA:15,2
DA:16,2
DA:17,2
DA:18,2
DA:19,2
DA:20,2
DA:22,2
DA:23,1
DA:24,1
DA:25,1
DA:26,1
DA:27,1
DA:28,1
DA:29,0
DA:30,0
DA:32,1
DA:33,1
DA:35,0
DA:36,0
DA:38,1
DA:41,1
DA:44,2
DA:45,2
DA:46,0
DA:47,0
DA:50,2
DA:52,2
DA:53,10
DA:54,10
DA:59,2
DA:60,0
DA:61,0
DA:64,2
DA:65,0
DA:66,0
DA:67,0
DA:68,0
DA:69,0
DA:71,0
DA:72,0
DA:73,0
DA:78,0
DA:79,0
DA:80,0
DA:81,0
DA:83,0
DA:84,0
DA:85,0
DA:86,0
DA:88,0
DA:89,0
DA:90,0
DA:92,0
DA:96,2
DA:119,10
DA:152,10
DA:195,0
LF:61
LH:32
BRDA:9,0,0,30
BRDA:9,0,1,30
BRDA:28,1,0,0
BRDA:28,1,1,1
BRDA:30,2,0,0
BRDA:30,2,1,0
BRDA:33,3,0,1
BRDA:33,3,1,0
BRDA:33,4,0,1
BRDA:33,4,1,0
BRDA:36,5,0,0
BRDA:36,5,1,0
BRDA:36,6,0,0
BRDA:36,6,1,0
BRDA:38,7,0,1
BRDA:38,7,1,0
BRDA:45,8,0,2
BRDA:45,8,1,0
BRDA:46,9,0,0
BRDA:46,9,1,0
BRDA:67,10,0,0
BRDA:67,10,1,0
BRDA:79,11,0,0
BRDA:79,11,1,0
BRDA:81,12,0,0
BRDA:81,12,1,0
BRDA:89,13,0,0
BRDA:89,13,1,0
BRDA:111,14,0,0
BRDA:111,14,1,2
BRDA:112,15,0,0
BRDA:112,15,1,2
BRDA:125,16,0,0
BRDA:125,16,1,10
BRDA:129,17,0,10
BRDA:129,17,1,0
BRDA:153,18,0,2
BRDA:153,18,1,8
BRDA:171,19,0,0
BRDA:171,19,1,2
BRDA:173,20,0,2
BRDA:173,20,1,0
BRDA:176,21,0,0
BRDA:176,21,1,0
BRDA:187,22,0,1
BRDA:187,22,1,1
BRDA:189,23,0,0
BRDA:189,23,1,1
BRDA:191,24,0,1
BRDA:191,24,1,0
BRDA:206,25,0,0
BRDA:206,25,1,0
BRDA:196,26,0,0
BRDA:196,26,1,0
BRF:54
BRH:19
end_of_record
TN:
SF:src/components/ui/Button.tsx
FN:21,Button
FNF:1
FNH:1
FNDA:2,Button
DA:9,1
DA:15,1
DA:29,2
DA:30,2
DA:32,2
DA:34,2
LF:6
LH:6
BRDA:22,0,0,0
BRDA:23,1,0,2
BRDA:24,2,0,2
BRDA:25,3,0,0
BRDA:29,4,0,2
BRDA:29,4,1,0
BRDA:30,5,0,2
BRDA:30,5,1,0
BRDA:32,6,0,2
BRDA:32,6,1,0
BRDA:41,7,0,0
BRDA:41,7,1,2
BRDA:42,8,0,0
BRDA:42,8,1,2
BRF:14
BRH:7
end_of_record
TN:
SF:src/components/ui/Card.tsx
FN:7,Card
FNF:1
FNH:1
FNDA:4,Card
DA:8,4
LF:1
LH:1
BRDA:7,0,0,0
BRF:1
BRH:0
end_of_record
TN:
SF:src/components/ui/InputField.tsx
FN:10,InputField
FNF:1
FNH:1
FNDA:2,InputField
DA:19,2
DA:20,2
LF:2
LH:2
BRDA:14,0,0,0
BRDA:15,1,0,2
BRDA:19,2,0,0
BRDA:19,2,1,2
BRDA:24,3,0,2
BRDA:24,3,1,0
BRDA:31,4,0,0
BRDA:31,4,1,2
BRDA:37,5,0,0
BRDA:37,5,1,2
BRDA:38,6,0,0
BRDA:38,6,1,2
BRDA:42,7,0,2
BRDA:42,7,1,0
BRF:14
BRH:7
end_of_record
TN:
SF:src/components/ui/SectionTitle.tsx
FN:15,SectionTitle
FNF:1
FNH:1
FNDA:4,SectionTitle
DA:3,1
DA:24,4
DA:27,4
DA:29,4
LF:4
LH:4
BRDA:18,0,0,4
BRDA:19,1,0,4
BRDA:20,2,0,4
BRDA:21,3,0,4
BRDA:24,4,0,0
BRDA:24,4,1,4
BRDA:32,5,0,4
BRDA:32,5,1,4
BRDA:33,6,0,0
BRDA:33,6,1,4
BRF:10
BRH:8
end_of_record
TN:
SF:src/components/ui/TextareaField.tsx
FN:10,TextareaField
FNF:1
FNH:1
FNDA:2,TextareaField
DA:19,2
DA:20,2
LF:2
LH:2
BRDA:14,0,0,0
BRDA:15,1,0,2
BRDA:19,2,0,0
BRDA:19,2,1,2
BRDA:24,3,0,2
BRDA:24,3,1,2
BRDA:31,4,0,0
BRDA:31,4,1,2
BRDA:37,5,0,2
BRDA:37,5,1,0
BRDA:38,6,0,0
BRDA:38,6,1,2
BRDA:42,7,0,2
BRDA:42,7,1,0
BRF:14
BRH:8
end_of_record
TN:
SF:src/content/bundlePricing.ts
FN:11,getBundlePricing
FN:12,(anonymous_1)
FNF:2
FNH:2
FNDA:1,getBundlePricing
FNDA:3,(anonymous_1)
DA:12,1
DA:13,3
DA:14,3
DA:15,3
DA:16,3
DA:19,1
DA:20,1
DA:21,1
DA:22,1
DA:24,1
LF:10
LH:10
BRDA:14,0,0,0
BRDA:14,0,1,3
BRDA:15,1,0,3
BRDA:15,1,1,3
BRDA:22,2,0,1
BRDA:22,2,1,0
BRF:6
BRH:4
end_of_record
TN:
SF:src/content/bundles.ts
FNF:0
FNH:0
DA:16,4
LF:1
LH:1
BRF:0
BRH:0
end_of_record
TN:
SF:src/content/giftBoxes.ts
FNF:0
FNH:0
DA:19,2
DA:43,2
DA:58,2
DA:59,2
LF:4
LH:4
BRF:0
BRH:0
end_of_record
TN:
SF:src/content/productDetails.ts
FN:25,(anonymous_0)
FN:503,(anonymous_1)
FN:510,(anonymous_2)
FN:522,getProductVariants
FN:527,getVariantById
FN:529,(anonymous_5)
FN:532,getDefaultVariant
FN:536,(anonymous_7)
FN:551,getVariantSummary
FN:554,(anonymous_9)
FN:555,(anonymous_10)
FN:565,chooseVariantForScent
FN:570,(anonymous_12)
FN:571,(anonymous_13)
FN:573,(anonymous_14)
FN:578,chooseVariantForPreferences
FNF:16
FNH:7
FNDA:30,(anonymous_0)
FNDA:30,(anonymous_1)
FNDA:30,(anonymous_2)
FNDA:2,getProductVariants
FNDA:2,getVariantById
FNDA:6,(anonymous_5)
FNDA:1,getDefaultVariant
FNDA:0,(anonymous_7)
FNDA:0,getVariantSummary
FNDA:0,(anonymous_9)
FNDA:0,(anonymous_10)
FNDA:0,chooseVariantForScent
FNDA:0,(anonymous_12)
FNDA:0,(anonymous_13)
FNDA:0,(anonymous_14)
FNDA:0,chooseVariantForPreferences
DA:25,30
DA:27,5
DA:501,5
DA:504,30
DA:505,30
DA:508,5
DA:511,30
DA:512,30
DA:515,5
DA:523,2
DA:524,2
DA:528,2
DA:529,6
DA:533,1
DA:534,1
DA:535,0
DA:536,0
DA:537,0
DA:539,0
DA:552,0
DA:553,0
DA:554,0
DA:555,0
DA:556,0
DA:557,0
DA:558,0
DA:566,0
DA:567,0
DA:568,0
DA:569,0
DA:570,0
DA:571,0
DA:572,0
DA:573,0
DA:575,0
DA:579,0
LF:36
LH:15
BRDA:524,0,0,2
BRDA:524,0,1,0
BRDA:528,1,0,0
BRDA:528,1,1,2
BRDA:534,2,0,1
BRDA:534,2,1,0
BRDA:534,3,0,1
BRDA:534,3,1,0
BRDA:535,4,0,0
BRDA:535,4,1,0
BRDA:537,5,0,0
BRDA:537,5,1,0
BRDA:553,6,0,0
BRDA:553,6,1,0
BRDA:561,7,0,0
BRDA:561,7,1,0
BRDA:566,8,0,0
BRDA:566,8,1,0
BRDA:567,9,0,0
BRDA:567,9,1,0
BRDA:568,10,0,0
BRDA:568,10,1,0
BRDA:572,11,0,0
BRDA:572,11,1,0
BRDA:575,12,0,0
BRDA:575,12,1,0
BRF:26
BRH:4
end_of_record
TN:
SF:src/content/shopCatalog.ts
FN:66,(anonymous_0)
FN:72,(anonymous_1)
FN:81,(anonymous_2)
FN:89,(anonymous_3)
FNF:4
FNH:4
FNDA:18,(anonymous_0)
FNDA:12,(anonymous_1)
FNDA:9,(anonymous_2)
FNDA:9,(anonymous_3)
DA:7,3
DA:15,3
DA:31,3
DA:40,3
DA:65,3
DA:66,18
DA:72,12
DA:80,3
DA:82,9
DA:83,9
DA:89,3
DA:90,9
DA:91,9
LF:13
LH:13
BRDA:69,0,0,18
BRDA:69,0,1,0
BRDA:75,1,0,12
BRDA:75,1,1,0
BRF:4
BRH:2
end_of_record
TN:
SF:src/currency/currencyConfig.ts
FNF:0
FNH:0
DA:12,1
DA:14,1
LF:2
LH:2
BRF:0
BRH:0
end_of_record
TN:
SF:src/currency/currencyUtils.ts
FN:4,(anonymous_0)
FN:7,getCurrencyConfig
FN:13,convertFromBase
FN:18,isSupportedCurrency
FNF:4
FNH:3
FNDA:3,(anonymous_0)
FNDA:8,getCurrencyConfig
FNDA:4,convertFromBase
FNDA:0,isSupportedCurrency
DA:3,1
DA:4,3
DA:8,8
DA:9,8
DA:10,0
DA:14,4
DA:15,4
DA:19,0
LF:8
LH:6
BRDA:9,0,0,8
BRDA:9,0,1,0
BRDA:19,1,0,0
BRDA:19,1,1,0
BRF:4
BRH:1
end_of_record
TN:
SF:src/discounts/discountEngine.ts
FN:18,(anonymous_0)
FN:41,(anonymous_1)
FN:48,(anonymous_2)
FN:52,(anonymous_3)
FN:55,evaluatePromoForCart
FN:61,(anonymous_5)
FN:84,(anonymous_6)
FN:111,(anonymous_7)
FN:115,bestApplicablePromo
FN:121,(anonymous_9)
FNF:10
FNH:1
FNDA:20,(anonymous_0)
FNDA:0,(anonymous_1)
FNDA:0,(anonymous_2)
FNDA:0,(anonymous_3)
FNDA:0,evaluatePromoForCart
FNDA:0,(anonymous_5)
FNDA:0,(anonymous_6)
FNDA:0,(anonymous_7)
FNDA:0,bestApplicablePromo
FNDA:0,(anonymous_9)
DA:17,2
DA:18,2
DA:19,20
DA:20,20
DA:23,2
DA:41,2
DA:42,0
DA:43,0
DA:45,0
DA:48,2
DA:49,0
DA:50,0
DA:51,0
DA:52,0
DA:60,0
DA:61,0
DA:62,0
DA:63,0
DA:65,0
DA:67,0
DA:69,0
DA:71,0
DA:73,0
DA:75,0
DA:79,0
DA:80,0
DA:83,0
DA:84,0
DA:88,0
DA:89,0
DA:90,0
DA:94,0
DA:95,0
DA:96,0
DA:97,0
DA:98,0
DA:101,0
DA:102,0
DA:103,0
DA:106,0
DA:111,0
DA:120,0
DA:121,0
DA:122,0
DA:123,0
LF:45
LH:7
BRDA:19,0,0,12
BRDA:19,0,1,8
BRDA:42,1,0,0
BRDA:42,1,1,0
BRDA:42,2,0,0
BRDA:42,2,1,0
BRDA:49,3,0,0
BRDA:49,3,1,0
BRDA:49,3,2,0
BRDA:50,4,0,0
BRDA:50,4,1,0
BRDA:62,5,0,0
BRDA:62,5,1,0
BRDA:62,6,0,0
BRDA:62,6,1,0
BRDA:62,6,2,0
BRDA:65,7,0,0
BRDA:65,7,1,0
BRDA:65,7,2,0
BRDA:65,7,3,0
BRDA:65,7,4,0
BRDA:79,8,0,0
BRDA:79,8,1,0
BRDA:79,9,0,0
BRDA:79,9,1,0
BRDA:88,10,0,0
BRDA:88,10,1,0
BRDA:88,11,0,0
BRDA:88,11,1,0
BRDA:89,12,0,0
BRDA:89,12,1,0
BRDA:95,13,0,0
BRDA:95,13,1,0
BRDA:97,14,0,0
BRDA:97,14,1,0
BRDA:101,15,0,0
BRDA:101,15,1,0
BRDA:102,16,0,0
BRDA:102,16,1,0
BRDA:121,17,0,0
BRDA:121,17,1,0
BRDA:122,18,0,0
BRDA:122,18,1,0
BRF:43
BRH:2
end_of_record
TN:
SF:src/discounts/promoCodes.ts
FNF:0
FNH:0
DA:25,2
LF:1
LH:1
BRF:0
BRH:0
end_of_record
TN:
SF:src/giftcards/manualCreditsConfig.ts
FNF:0
FNH:0
DA:5,2
LF:1
LH:1
BRF:0
BRH:0
end_of_record
TN:
SF:src/lib/api.ts
FN:9,(anonymous_0)
FN:12,(anonymous_1)
FN:20,(anonymous_2)
FN:23,(anonymous_3)
FNF:4
FNH:1
FNDA:1,(anonymous_0)
FNDA:0,(anonymous_1)
FNDA:0,(anonymous_2)
FNDA:0,(anonymous_3)
DA:3,1
DA:7,1
DA:9,1
DA:10,1
DA:12,1
DA:13,0
DA:20,1
DA:21,0
DA:23,1
DA:24,0
DA:32,1
LF:11
LH:8
BRDA:3,0,0,0
BRDA:3,0,1,1
BRDA:3,1,0,1
BRDA:3,1,1,1
BRDA:7,2,0,1
BRDA:7,2,1,1
BRDA:15,3,0,0
BRDA:15,3,1,0
BRDA:26,4,0,0
BRDA:26,4,1,0
BRF:10
BRH:5
end_of_record
TN:
SF:src/notifications/EmailService.ts
FN:15,(anonymous_0)
FN:20,(anonymous_1)
FNF:2
FNH:1
FNDA:1,(anonymous_0)
FNDA:0,(anonymous_1)
DA:13,1
DA:16,1
DA:17,1
DA:21,0
LF:4
LH:3
BRF:0
BRH:0
end_of_record
TN:
SF:src/personalization/personalizationEngine.ts
FN:98,(anonymous_0)
FN:100,findEntriesByCandidateIds
FN:104,(anonymous_2)
FN:105,(anonymous_3)
FN:124,scoreItemsForUser
FN:140,(anonymous_5)
FN:143,(anonymous_6)
FN:147,(anonymous_7)
FN:148,(anonymous_8)
FN:161,(anonymous_9)
FN:171,(anonymous_10)
FN:177,(anonymous_11)
FN:182,(anonymous_12)
FN:196,(anonymous_13)
FN:205,(anonymous_14)
FN:266,(anonymous_15)
FN:267,(anonymous_16)
FN:270,getTopRecommendations
FN:289,(anonymous_18)
FN:290,(anonymous_19)
FN:294,getPersonalizationReasonsText
FN:312,(anonymous_21)
FN:313,(anonymous_22)
FNF:23
FNH:17
FNDA:6,(anonymous_0)
FNDA:0,findEntriesByCandidateIds
FNDA:0,(anonymous_2)
FNDA:0,(anonymous_3)
FNDA:1,scoreItemsForUser
FNDA:1,(anonymous_5)
FNDA:1,(anonymous_6)
FNDA:1,(anonymous_7)
FNDA:1,(anonymous_8)
FNDA:1,(anonymous_9)
FNDA:2,(anonymous_10)
FNDA:2,(anonymous_11)
FNDA:11,(anonymous_12)
FNDA:2,(anonymous_13)
FNDA:2,(anonymous_14)
FNDA:2,(anonymous_15)
FNDA:1,(anonymous_16)
FNDA:0,getTopRecommendations
FNDA:0,(anonymous_18)
FNDA:0,(anonymous_19)
FNDA:1,getPersonalizationReasonsText
FNDA:2,(anonymous_21)
FNDA:2,(anonymous_22)
DA:58,1
DA:64,1
DA:70,1
DA:77,1
DA:84,1
DA:98,6
DA:101,0
DA:102,0
DA:103,0
DA:105,0
DA:107,0
DA:110,0
DA:112,0
DA:114,0
DA:117,0
DA:118,0
DA:119,0
DA:133,1
DA:136,1
DA:137,1
DA:139,1
DA:140,1
DA:142,1
DA:143,1
DA:146,1
DA:147,1
DA:148,1
DA:149,1
DA:150,0
DA:152,1
DA:153,1
DA:154,1
DA:159,1
DA:160,1
DA:161,1
DA:162,1
DA:163,1
DA:164,1
DA:165,1
DA:167,1
DA:168,1
DA:171,1
DA:172,2
DA:173,2
DA:174,1
DA:177,1
DA:178,2
DA:179,2
DA:180,2
DA:181,2
DA:182,2
DA:183,11
DA:184,11
DA:185,11
DA:190,2
DA:194,2
DA:195,2
DA:196,2
DA:198,2
DA:199,1
DA:203,2
DA:204,2
DA:205,2
DA:207,2
DA:208,1
DA:212,2
DA:214,2
DA:217,2
DA:218,1
DA:222,2
DA:223,2
DA:224,2
DA:225,2
DA:227,0
DA:230,0
DA:234,2
DA:235,1
DA:237,2
DA:238,1
DA:240,2
DA:241,1
DA:243,2
DA:244,1
DA:247,2
DA:248,2
DA:249,1
DA:252,2
DA:253,1
DA:256,2
DA:265,1
DA:266,2
DA:267,1
DA:280,0
DA:289,0
DA:290,0
DA:291,0
DA:298,1
DA:311,1
DA:312,2
DA:313,2
LF:100
LH:82
BRDA:101,0,0,0
BRDA:101,0,1,0
BRDA:101,1,0,0
BRDA:101,1,1,0
BRDA:107,2,0,0
BRDA:107,2,1,0
BRDA:110,3,0,0
BRDA:110,3,1,0
BRDA:112,4,0,0
BRDA:112,4,1,0
BRDA:114,5,0,0
BRDA:114,5,1,0
BRDA:117,6,0,0
BRDA:117,6,1,0
BRDA:136,7,0,0
BRDA:136,7,1,1
BRDA:136,8,0,1
BRDA:136,8,1,0
BRDA:137,9,0,1
BRDA:137,9,1,0
BRDA:137,9,2,0
BRDA:149,10,0,0
BRDA:149,10,1,1
BRDA:152,11,0,1
BRDA:152,11,1,0
BRDA:153,12,0,1
BRDA:153,12,1,0
BRDA:164,13,0,1
BRDA:164,13,1,0
BRDA:173,14,0,1
BRDA:173,14,1,1
BRDA:173,15,0,2
BRDA:173,15,1,1
BRDA:178,16,0,2
BRDA:178,16,1,0
BRDA:184,17,0,11
BRDA:184,17,1,0
BRDA:190,18,0,2
BRDA:190,18,1,0
BRDA:191,19,0,2
BRDA:191,19,1,0
BRDA:192,20,0,0
BRDA:192,20,1,0
BRDA:194,21,0,2
BRDA:194,21,1,0
BRDA:194,22,0,2
BRDA:194,22,1,2
BRDA:198,23,0,1
BRDA:198,23,1,1
BRDA:203,24,0,2
BRDA:203,24,1,0
BRDA:203,25,0,2
BRDA:203,25,1,2
BRDA:207,26,0,1
BRDA:207,26,1,1
BRDA:212,27,0,2
BRDA:212,27,1,0
BRDA:212,28,0,2
BRDA:212,28,1,2
BRDA:214,29,0,2
BRDA:214,29,1,0
BRDA:217,30,0,1
BRDA:217,30,1,1
BRDA:222,31,0,2
BRDA:222,31,1,0
BRDA:222,32,0,2
BRDA:222,32,1,2
BRDA:223,33,0,2
BRDA:223,33,1,0
BRDA:224,34,0,2
BRDA:224,34,1,0
BRDA:234,35,0,1
BRDA:234,35,1,1
BRDA:237,36,0,1
BRDA:237,36,1,1
BRDA:240,37,0,1
BRDA:240,37,1,1
BRDA:243,38,0,1
BRDA:243,38,1,1
BRDA:248,39,0,1
BRDA:248,39,1,1
BRDA:248,40,0,2
BRDA:248,40,1,1
BRDA:252,41,0,1
BRDA:252,41,1,1
BRDA:252,42,0,2
BRDA:252,42,1,2
BRDA:252,42,2,2
BRDA:267,43,0,1
BRDA:267,43,1,0
BRDA:278,44,0,0
BRF:91
BRH:54
end_of_record
TN:
SF:src/users/InMemoryUserRepository.ts
FN:9,(anonymous_0)
FN:11,(anonymous_1)
FN:14,(anonymous_2)
FN:18,(anonymous_3)
FN:27,(anonymous_4)
FN:33,(anonymous_5)
FN:39,buildTestUserRepository
FNF:7
FNH:7
FNDA:11,(anonymous_0)
FNDA:3,(anonymous_1)
FNDA:5,(anonymous_2)
FNDA:4,(anonymous_3)
FNDA:3,(anonymous_4)
FNDA:2,(anonymous_5)
FNDA:3,buildTestUserRepository
DA:10,11
DA:11,11
DA:15,5
DA:19,4
DA:20,3
DA:21,2
DA:24,2
DA:28,3
DA:29,3
DA:30,3
DA:34,2
DA:40,3
LF:12
LH:12
BRDA:9,0,0,8
BRDA:15,1,0,5
BRDA:15,1,1,2
BRDA:20,2,0,2
BRDA:20,2,1,1
BRDA:39,3,0,0
BRF:6
BRH:5
end_of_record
TN:
SF:src/utils/cartStorage.ts
FN:47,readCart
FN:54,(anonymous_1)
FN:65,writeCart
FN:74,addCartItem
FN:75,(anonymous_4)
FN:77,(anonymous_5)
FN:84,removeCartItem
FN:85,(anonymous_7)
FN:90,(anonymous_8)
FN:92,(anonymous_9)
FN:97,clearCart
FN:101,subscribeToCart
FN:102,(anonymous_12)
FN:103,(anonymous_13)
FN:109,(anonymous_14)
FNF:15
FNH:11
FNDA:3,readCart
FNDA:1,(anonymous_1)
FNDA:1,writeCart
FNDA:2,addCartItem
FNDA:1,(anonymous_4)
FNDA:1,(anonymous_5)
FNDA:2,removeCartItem
FNDA:2,(anonymous_7)
FNDA:1,(anonymous_8)
FNDA:1,(anonymous_9)
FNDA:1,clearCart
FNDA:0,subscribeToCart
FNDA:0,(anonymous_12)
FNDA:0,(anonymous_13)
FNDA:0,(anonymous_14)
DA:43,1
DA:45,1
DA:48,3
DA:49,3
DA:50,3
DA:51,3
DA:52,2
DA:53,1
DA:54,1
DA:59,0
DA:61,1
DA:66,1
DA:67,1
DA:68,1
DA:75,2
DA:76,2
DA:77,1
DA:78,1
DA:81,1
DA:85,2
DA:86,2
DA:87,0
DA:89,2
DA:90,1
DA:92,1
DA:93,1
DA:98,1
DA:102,0
DA:103,0
DA:104,0
DA:105,0
DA:108,0
DA:109,0
LF:33
LH:25
BRDA:48,0,0,0
BRDA:48,0,1,3
BRDA:51,1,0,1
BRDA:51,1,1,2
BRDA:53,2,0,1
BRDA:53,2,1,0
BRDA:56,3,0,1
BRDA:56,3,1,0
BRDA:56,4,0,1
BRDA:56,4,1,1
BRDA:66,5,0,0
BRDA:66,5,1,1
BRDA:76,6,0,1
BRDA:76,6,1,1
BRDA:78,7,0,1
BRDA:78,7,1,0
BRDA:86,8,0,0
BRDA:86,8,1,2
BRDA:89,9,0,1
BRDA:89,9,1,1
BRDA:93,10,0,1
BRDA:93,10,1,0
BRDA:102,11,0,0
BRDA:102,11,1,0
BRDA:104,12,0,0
BRDA:104,12,1,0
BRF:26
BRH:15
end_of_record
TN:
SF:src/utils/formatCurrency.ts
FN:8,formatCurrency
FNF:1
FNH:1
FNDA:4,formatCurrency
DA:13,4
DA:14,4
DA:15,4
DA:16,4
DA:18,4
DA:21,4
LF:6
LH:6
BRDA:10,0,0,4
BRDA:15,1,0,2
BRDA:15,1,1,2
BRDA:18,2,0,4
BRDA:18,2,1,0
BRDA:21,3,0,0
BRDA:21,3,1,4
BRF:7
BRH:5
end_of_record
TN:
SF:src/utils/giftCreditStorage.ts
FN:7,(anonymous_0)
FN:10,(anonymous_1)
FN:23,(anonymous_2)
FN:30,(anonymous_3)
FN:32,listGiftCredits
FN:39,saveGiftCredits
FN:48,findCreditByCode
FN:50,(anonymous_7)
FN:53,createGiftCreditFromOrder
FN:77,createManualGiftCredit
FN:102,applyCreditToAmount
FN:123,seedManualCreditsOnce
FN:132,(anonymous_12)
FN:134,(anonymous_13)
FN:138,(anonymous_14)
FNF:15
FNH:2
FNDA:4,(anonymous_0)
FNDA:0,(anonymous_1)
FNDA:0,(anonymous_2)
FNDA:0,(anonymous_3)
FNDA:0,listGiftCredits
FNDA:0,saveGiftCredits
FNDA:0,findCreditByCode
FNDA:0,(anonymous_7)
FNDA:0,createGiftCreditFromOrder
FNDA:0,createManualGiftCredit
FNDA:0,applyCreditToAmount
FNDA:4,seedManualCreditsOnce
FNDA:0,(anonymous_12)
FNDA:0,(anonymous_13)
FNDA:0,(anonymous_14)
DA:4,2
DA:5,2
DA:7,2
DA:8,4
DA:10,2
DA:11,0
DA:12,0
DA:13,0
DA:14,0
DA:15,0
DA:20,0
DA:23,2
DA:24,0
DA:25,0
DA:27,0
DA:30,2
DA:33,0
DA:34,0
DA:35,0
DA:36,0
DA:40,0
DA:41,0
DA:42,0
DA:44,0
DA:49,0
DA:50,0
DA:59,0
DA:60,0
DA:72,0
DA:73,0
DA:74,0
DA:84,0
DA:85,0
DA:97,0
DA:98,0
DA:99,0
DA:110,0
DA:111,0
DA:112,0
DA:113,0
DA:114,0
DA:120,0
DA:124,4
DA:125,4
DA:126,4
DA:127,4
DA:129,0
DA:130,0
DA:131,0
DA:132,0
DA:133,0
DA:134,0
DA:136,0
DA:137,0
DA:138,0
DA:149,0
DA:151,0
LF:57
LH:11
BRDA:8,0,0,4
BRDA:8,0,1,4
BRDA:11,1,0,0
BRDA:11,1,1,0
BRDA:14,2,0,0
BRDA:14,2,1,0
BRDA:24,3,0,0
BRDA:24,3,1,0
BRDA:24,4,0,0
BRDA:24,4,1,0
BRDA:33,5,0,0
BRDA:33,5,1,0
BRDA:36,6,0,0
BRDA:36,6,1,0
BRDA:40,7,0,0
BRDA:40,7,1,0
BRDA:91,8,0,0
BRDA:91,8,1,0
BRDA:117,9,0,0
BRDA:117,9,1,0
BRDA:124,10,0,0
BRDA:124,10,1,4
BRDA:125,11,0,4
BRDA:125,11,1,0
BRDA:130,12,0,0
BRDA:130,12,1,0
BRDA:136,13,0,0
BRDA:136,13,1,0
BRF:28
BRH:4
end_of_record
TN:
SF:src/utils/giftPricing.ts
FN:8,calculateProductTotal
FN:12,(anonymous_1)
FN:22,calculateAddOnTotal
FN:23,(anonymous_3)
FN:24,(anonymous_4)
FN:29,calculateGiftTotal
FNF:6
FNH:6
FNDA:1,calculateProductTotal
FNDA:2,(anonymous_1)
FNDA:1,calculateAddOnTotal
FNDA:2,(anonymous_3)
FNDA:3,(anonymous_4)
FNDA:1,calculateGiftTotal
DA:12,1
DA:13,2
DA:15,2
DA:17,2
DA:18,2
DA:23,1
DA:24,3
DA:25,2
DA:34,1
LF:9
LH:9
BRDA:15,0,0,2
BRDA:15,0,1,1
BRDA:15,0,2,1
BRDA:17,1,0,2
BRDA:17,1,1,1
BRDA:25,2,0,2
BRDA:25,2,1,0
BRF:7
BRH:6
end_of_record
TN:
SF:src/utils/orderStorage.ts
FN:6,(anonymous_0)
FN:9,(anonymous_1)
FN:19,readOrders
FN:27,writeOrders
FN:37,addOrder
FNF:5
FNH:5
FNDA:8,(anonymous_0)
FNDA:4,(anonymous_1)
FNDA:5,readOrders
FNDA:3,writeOrders
FNDA:1,addOrder
DA:3,1
DA:4,1
DA:6,1
DA:7,8
DA:9,1
DA:10,4
DA:11,4
DA:12,4
DA:14,1
DA:15,1
DA:20,5
DA:21,5
DA:22,5
DA:23,4
DA:24,4
DA:28,3
DA:29,3
DA:30,3
DA:31,3
DA:33,0
DA:38,1
DA:39,1
DA:40,1
DA:41,1
DA:44,1
LF:25
LH:24
BRDA:7,0,0,8
BRDA:7,0,1,8
BRDA:10,1,0,0
BRDA:10,1,1,4
BRDA:20,2,0,0
BRDA:20,2,1,5
BRDA:22,3,0,1
BRDA:22,3,1,4
BRDA:24,4,0,3
BRDA:24,4,1,1
BRDA:28,5,0,0
BRDA:28,5,1,3
BRF:12
BRH:9
end_of_record
TN:
SF:src/utils/reviewStorage.ts
FN:6,(anonymous_0)
FN:9,(anonymous_1)
FN:22,(anonymous_2)
FN:24,(anonymous_3)
FN:27,readStoredReviews
FN:36,writeReviews
FN:46,listReviews
FN:50,listReviewsFor
FN:53,(anonymous_8)
FN:57,(anonymous_9)
FN:62,addReview
FN:74,getReviewStats
FN:77,(anonymous_12)
FNF:13
FNH:10
FNDA:6,(anonymous_0)
FNDA:3,(anonymous_1)
FNDA:2,(anonymous_2)
FNDA:0,(anonymous_3)
FNDA:5,readStoredReviews
FNDA:1,writeReviews
FNDA:4,listReviews
FNDA:1,listReviewsFor
FNDA:1,(anonymous_8)
FNDA:1,(anonymous_9)
FNDA:1,addReview
FNDA:0,getReviewStats
FNDA:0,(anonymous_12)
DA:3,1
DA:4,1
DA:6,1
DA:7,6
DA:9,1
DA:10,3
DA:11,3
DA:12,3
DA:13,2
DA:14,2
DA:17,1
DA:19,1
DA:22,1
DA:23,2
DA:24,0
DA:28,5
DA:29,5
DA:30,5
DA:31,3
DA:32,3
DA:33,2
DA:37,1
DA:38,1
DA:39,1
DA:40,1
DA:42,0
DA:47,4
DA:51,1
DA:52,1
DA:53,1
DA:57,1
DA:58,1
DA:63,1
DA:68,1
DA:69,1
DA:70,1
DA:71,1
DA:75,0
DA:76,0
DA:77,0
DA:78,0
DA:84,1
LF:42
LH:36
BRDA:7,0,0,6
BRDA:7,0,1,6
BRDA:10,1,0,0
BRDA:10,1,1,3
BRDA:13,2,0,2
BRDA:13,2,1,0
BRDA:28,3,0,0
BRDA:28,3,1,5
BRDA:30,4,0,2
BRDA:30,4,1,3
BRDA:32,5,0,1
BRDA:32,5,1,2
BRDA:37,6,0,0
BRDA:37,6,1,1
BRDA:51,7,0,0
BRDA:51,7,1,1
BRDA:53,8,0,1
BRDA:53,8,1,1
BRDA:58,9,0,1
BRDA:58,9,1,0
BRDA:58,10,0,1
BRDA:58,10,1,1
BRDA:76,11,0,0
BRDA:76,11,1,0
BRF:24
BRH:16
end_of_record
TN:
SF:src/utils/reviewVerification.ts
FN:4,isTargetVerifiedForAnyOrder
FN:16,(anonymous_1)
FN:19,(anonymous_2)
FNF:3
FNH:3
FNDA:6,isTargetVerifiedForAnyOrder
FNDA:3,(anonymous_1)
FNDA:2,(anonymous_2)
DA:5,6
DA:6,6
DA:7,6
DA:8,6
DA:9,6
DA:10,1
DA:12,5
DA:13,4
DA:14,1
DA:16,3
DA:17,1
DA:19,2
DA:20,1
DA:25,2
LF:14
LH:14
BRDA:5,0,0,0
BRDA:5,0,1,6
BRDA:9,1,0,1
BRDA:9,1,1,5
BRDA:9,2,0,6
BRDA:9,2,1,2
BRDA:12,3,0,4
BRDA:12,3,1,1
BRDA:13,4,0,1
BRDA:13,4,1,3
BRDA:16,5,0,1
BRDA:16,5,1,2
BRDA:19,6,0,1
BRDA:19,6,1,1
BRF:14
BRH:13
end_of_record
