TN:
SF:src/analytics/events.ts
FN:159,trackEvent
FN:175,getEventBuffer
FN:179,clearEventBuffer
FNF:3
FNH:3
FNDA:3,trackEvent
FNDA:1,getEventBuffer
FNDA:1,clearEventBuffer
DA:141,1
DA:146,1
DA:150,1
DA:160,3
DA:161,3
DA:162,3
DA:164,3
DA:165,3
DA:166,0
DA:169,3
DA:170,0
DA:176,1
DA:180,1
LF:13
LH:11
BRDA:141,0,0,0
BRDA:141,0,1,1
BRDA:141,1,0,1
BRDA:141,1,1,1
BRDA:146,2,0,1
BRDA:146,2,1,1
BRDA:146,2,2,1
BRDA:161,3,0,3
BRDA:161,3,1,0
BRDA:163,4,0,3
BRDA:163,4,1,1
BRDA:165,5,0,0
BRDA:165,5,1,3
BRDA:169,6,0,0
BRDA:169,6,1,3
BRF:15
BRH:11
end_of_record
TN:
SF:src/application/services/AppContainer.ts
FN:44,(anonymous_0)
FN:82,(anonymous_1)
FN:102,(anonymous_2)
FN:125,(anonymous_3)
FN:129,(anonymous_4)
FN:139,(anonymous_5)
FN:140,(anonymous_6)
FN:141,(anonymous_7)
FN:142,(anonymous_8)
FN:145,(anonymous_9)
FN:150,(anonymous_10)
FNF:11
FNH:8
FNDA:19,(anonymous_0)
FNDA:18,(anonymous_1)
FNDA:20,(anonymous_2)
FNDA:11,(anonymous_3)
FNDA:25,(anonymous_4)
FNDA:0,(anonymous_5)
FNDA:0,(anonymous_6)
FNDA:3,(anonymous_7)
FNDA:0,(anonymous_8)
FNDA:1,(anonymous_9)
FNDA:3,(anonymous_10)
DA:27,2
DA:45,19
DA:46,19
DA:47,19
DA:48,19
DA:83,18
DA:84,1
DA:86,17
DA:91,17
DA:92,17
DA:103,20
DA:104,20
DA:105,2
DA:107,18
DA:108,0
DA:111,18
DA:112,18
DA:113,5
DA:116,13
DA:118,13
DA:119,13
DA:122,13
DA:126,11
DA:130,25
DA:134,2
DA:136,2
DA:138,2
DA:139,0
DA:140,0
DA:141,3
DA:142,0
DA:146,1
DA:151,3
DA:152,3
DA:153,3
LF:35
LH:31
BRDA:44,0,0,2
BRDA:44,1,0,2
BRDA:44,1,1,0
BRDA:47,2,0,11
BRDA:47,2,1,8
BRDA:83,3,0,1
BRDA:83,3,1,17
BRDA:83,4,0,18
BRDA:83,4,1,1
BRDA:88,5,0,17
BRDA:88,5,1,1
BRDA:104,6,0,2
BRDA:104,6,1,18
BRDA:107,7,0,0
BRDA:107,7,1,18
BRDA:107,8,0,18
BRDA:107,8,1,0
BRDA:111,9,0,8
BRDA:111,9,1,10
BRDA:112,10,0,5
BRDA:112,10,1,13
BRDA:112,11,0,18
BRDA:112,11,1,10
BRDA:112,11,2,18
BRDA:118,12,0,13
BRDA:118,12,1,0
BRDA:130,13,0,6
BRDA:130,13,1,19
BRDA:146,14,0,1
BRDA:146,14,1,0
BRF:30
BRH:25
end_of_record
TN:
SF:src/application/services/AuthService.ts
FN:8,(anonymous_0)
FN:13,(anonymous_1)
FNF:2
FNH:2
FNDA:7,(anonymous_0)
FNDA:7,(anonymous_1)
DA:9,7
DA:10,7
DA:14,7
DA:15,6
DA:16,2
DA:19,4
DA:24,3
LF:7
LH:7
BRDA:15,0,0,2
BRDA:15,0,1,4
BRF:2
BRH:2
end_of_record
TN:
SF:src/application/usecases/ordersService.ts
FN:22,(anonymous_0)
FN:27,(anonymous_1)
FN:38,(anonymous_2)
FN:41,(anonymous_3)
FN:48,(anonymous_4)
FN:56,(anonymous_5)
FN:78,sanitizeOrderPayload
FN:96,(anonymous_7)
FN:123,(anonymous_8)
FN:124,(anonymous_9)
FN:166,(anonymous_10)
FN:178,(anonymous_11)
FN:187,(anonymous_12)
FN:231,(anonymous_13)
FN:237,(anonymous_14)
FN:239,(anonymous_15)
FN:245,(anonymous_16)
FN:246,(anonymous_17)
FN:265,(anonymous_18)
FN:270,(anonymous_19)
FN:272,(anonymous_20)
FN:297,(anonymous_21)
FN:299,(anonymous_22)
FN:306,(anonymous_23)
FN:308,(anonymous_24)
FN:319,(anonymous_25)
FN:426,listOrders
FN:438,createOrder
FN:478,(anonymous_28)
FN:490,(anonymous_29)
FN:558,updateOrderStatus
FN:564,notifyTelegramTest
FNF:32
FNH:32
FNDA:359,(anonymous_0)
FNDA:95,(anonymous_1)
FNDA:58,(anonymous_2)
FNDA:6,(anonymous_3)
FNDA:14,(anonymous_4)
FNDA:14,(anonymous_5)
FNDA:14,sanitizeOrderPayload
FNDA:11,(anonymous_7)
FNDA:11,(anonymous_8)
FNDA:10,(anonymous_9)
FNDA:10,(anonymous_10)
FNDA:10,(anonymous_11)
FNDA:1,(anonymous_12)
FNDA:8,(anonymous_13)
FNDA:6,(anonymous_14)
FNDA:12,(anonymous_15)
FNDA:13,(anonymous_16)
FNDA:78,(anonymous_17)
FNDA:6,(anonymous_18)
FNDA:7,(anonymous_19)
FNDA:7,(anonymous_20)
FNDA:2,(anonymous_21)
FNDA:6,(anonymous_22)
FNDA:6,(anonymous_23)
FNDA:6,(anonymous_24)
FNDA:6,(anonymous_25)
FNDA:1,listOrders
FNDA:11,createOrder
FNDA:1,(anonymous_28)
FNDA:1,(anonymous_29)
FNDA:1,updateOrderStatus
FNDA:3,notifyTelegramTest
DA:17,7
DA:18,7
DA:19,7
DA:20,7
DA:22,7
DA:23,359
DA:24,243
DA:27,7
DA:28,95
DA:29,39
DA:31,56
DA:32,13
DA:33,13
DA:35,43
DA:38,7
DA:39,58
DA:41,7
DA:42,6
DA:43,6
DA:44,2
DA:45,2
DA:48,7
DA:49,14
DA:50,43
DA:51,43
DA:53,3
DA:56,7
DA:57,14
DA:58,14
DA:59,0
DA:60,0
DA:62,14
DA:63,14
DA:64,14
DA:65,11
DA:66,6
DA:67,6
DA:68,6
DA:71,3
DA:72,3
DA:73,3
DA:75,0
DA:79,14
DA:80,14
DA:81,2
DA:82,2
DA:84,1
DA:87,14
DA:90,14
DA:95,14
DA:96,14
DA:97,11
DA:99,11
DA:102,11
DA:107,11
DA:109,11
DA:123,14
DA:124,14
DA:125,10
DA:126,10
DA:127,10
DA:129,10
DA:130,10
DA:134,10
DA:137,10
DA:139,10
DA:155,10
DA:165,14
DA:166,14
DA:168,14
DA:172,14
DA:173,14
DA:174,14
DA:175,14
DA:177,14
DA:178,10
DA:180,14
DA:181,14
DA:182,14
DA:183,14
DA:186,14
DA:187,1
DA:189,14
DA:191,14
DA:200,14
DA:201,14
DA:208,14
DA:209,14
DA:211,14
DA:231,8
DA:237,7
DA:239,7
DA:240,12
DA:241,0
DA:242,0
DA:245,7
DA:246,78
DA:247,13
DA:249,13
DA:253,13
DA:262,13
DA:265,7
DA:270,7
DA:272,7
DA:277,7
DA:278,7
DA:279,7
DA:285,2
DA:287,5
DA:288,5
DA:297,7
DA:299,7
DA:300,6
DA:301,6
DA:303,0
DA:306,7
DA:308,7
DA:309,6
DA:310,6
DA:311,6
DA:312,6
DA:313,6
DA:314,6
DA:316,6
DA:318,6
DA:320,6
DA:321,6
DA:322,6
DA:324,6
DA:333,6
DA:335,6
DA:337,6
DA:339,6
DA:341,6
DA:359,6
DA:374,6
DA:427,1
DA:428,1
DA:429,1
DA:444,11
DA:445,11
DA:446,11
DA:447,11
DA:448,11
DA:449,11
DA:463,11
DA:464,2
DA:465,2
DA:466,2
DA:468,9
DA:469,2
DA:470,2
DA:476,2
DA:477,1
DA:478,1
DA:490,1
DA:493,9
DA:494,2
DA:495,2
DA:496,2
DA:499,7
DA:500,7
DA:502,7
DA:503,7
DA:504,7
DA:505,1
DA:508,1
DA:509,1
DA:513,6
DA:514,6
DA:515,6
DA:516,6
DA:522,6
DA:524,6
DA:525,6
DA:526,6
DA:527,6
DA:528,6
DA:529,6
DA:530,6
DA:531,6
DA:533,1
DA:537,6
DA:538,6
DA:540,6
DA:541,6
DA:542,6
DA:543,6
DA:544,6
DA:552,1
DA:555,6
DA:559,1
DA:560,1
DA:561,1
DA:567,3
DA:581,3
DA:582,3
DA:584,2
DA:585,2
DA:586,2
DA:587,2
DA:589,1
LF:202
LH:196
BRDA:23,0,0,116
BRDA:23,0,1,243
BRDA:23,1,0,359
BRDA:23,1,1,359
BRDA:28,2,0,39
BRDA:28,2,1,56
BRDA:29,3,0,39
BRDA:29,3,1,0
BRDA:31,4,0,13
BRDA:31,4,1,43
BRDA:31,5,0,56
BRDA:31,5,1,14
BRDA:33,6,0,13
BRDA:33,6,1,0
BRDA:39,7,0,58
BRDA:39,7,1,0
BRDA:43,8,0,4
BRDA:43,8,1,2
BRDA:45,9,0,2
BRDA:45,9,1,2
BRDA:51,10,0,11
BRDA:51,10,1,32
BRDA:56,11,0,0
BRDA:57,12,0,0
BRDA:57,12,1,14
BRDA:58,13,0,0
BRDA:58,13,1,14
BRDA:58,14,0,14
BRDA:58,14,1,11
BRDA:58,14,2,0
BRDA:60,15,0,0
BRDA:60,15,1,0
BRDA:62,16,0,14
BRDA:62,16,1,0
BRDA:64,17,0,11
BRDA:64,17,1,3
BRDA:65,18,0,5
BRDA:65,18,1,6
BRDA:71,19,0,3
BRDA:71,19,1,0
BRDA:71,20,0,3
BRDA:71,20,1,3
BRDA:71,20,2,3
BRDA:78,21,0,3
BRDA:80,22,0,2
BRDA:80,22,1,12
BRDA:80,23,0,14
BRDA:80,23,1,2
BRDA:87,24,0,0
BRDA:87,24,1,14
BRDA:87,25,0,14
BRDA:87,25,1,14
BRDA:90,26,0,10
BRDA:90,26,1,4
BRDA:90,27,0,14
BRDA:90,27,1,11
BRDA:92,28,0,1
BRDA:92,28,1,3
BRDA:92,29,0,4
BRDA:92,29,1,1
BRDA:97,30,0,11
BRDA:97,30,1,5
BRDA:97,30,2,5
BRDA:99,31,0,11
BRDA:99,31,1,0
BRDA:99,32,0,11
BRDA:99,32,1,6
BRDA:99,32,2,6
BRDA:99,32,3,6
BRDA:102,33,0,11
BRDA:102,33,1,4
BRDA:102,33,2,4
BRDA:103,34,0,0
BRDA:103,34,1,11
BRDA:103,35,0,11
BRDA:103,35,1,0
BRDA:104,36,0,0
BRDA:104,36,1,0
BRDA:107,37,0,11
BRDA:107,37,1,0
BRDA:111,38,0,11
BRDA:111,38,1,0
BRDA:112,39,0,11
BRDA:112,39,1,0
BRDA:118,40,0,10
BRDA:118,40,1,1
BRDA:123,41,0,11
BRDA:123,41,1,10
BRDA:125,42,0,10
BRDA:125,42,1,0
BRDA:126,43,0,10
BRDA:126,43,1,0
BRDA:129,44,0,10
BRDA:129,44,1,0
BRDA:129,45,0,10
BRDA:129,45,1,0
BRDA:129,45,2,0
BRDA:131,46,0,10
BRDA:131,46,1,10
BRDA:131,46,2,1
BRDA:134,47,0,0
BRDA:134,47,1,10
BRDA:134,48,0,10
BRDA:134,48,1,0
BRDA:135,49,0,0
BRDA:135,49,1,0
BRDA:137,50,0,10
BRDA:137,50,1,0
BRDA:139,51,0,10
BRDA:139,51,1,0
BRDA:139,52,0,10
BRDA:139,52,1,10
BRDA:139,52,2,10
BRDA:142,53,0,10
BRDA:142,53,1,0
BRDA:142,54,0,10
BRDA:142,54,1,0
BRDA:143,55,0,10
BRDA:143,55,1,0
BRDA:143,56,0,10
BRDA:143,56,1,0
BRDA:145,57,0,10
BRDA:145,57,1,1
BRDA:152,58,0,0
BRDA:152,58,1,0
BRDA:166,59,0,10
BRDA:166,59,1,0
BRDA:168,60,0,8
BRDA:168,60,1,6
BRDA:168,61,0,14
BRDA:168,61,1,8
BRDA:178,62,0,10
BRDA:178,62,1,0
BRDA:180,63,0,14
BRDA:180,63,1,7
BRDA:181,64,0,14
BRDA:181,64,1,7
BRDA:182,65,0,14
BRDA:182,65,1,6
BRDA:183,66,0,14
BRDA:183,66,1,14
BRDA:186,67,0,14
BRDA:186,67,1,5
BRDA:186,67,2,5
BRDA:187,68,0,5
BRDA:187,68,1,4
BRDA:189,69,0,14
BRDA:189,69,1,0
BRDA:200,70,0,14
BRDA:200,70,1,14
BRDA:208,71,0,14
BRDA:208,71,1,3
BRDA:208,71,2,3
BRDA:208,71,3,3
BRDA:214,72,0,14
BRDA:214,72,1,5
BRDA:215,73,0,14
BRDA:215,73,1,9
BRDA:217,74,0,14
BRDA:217,74,1,0
BRDA:218,75,0,14
BRDA:218,75,1,0
BRDA:219,76,0,14
BRDA:219,76,1,0
BRDA:220,77,0,14
BRDA:220,77,1,0
BRDA:221,78,0,14
BRDA:221,78,1,0
BRDA:223,79,0,0
BRDA:223,79,1,0
BRDA:223,80,0,0
BRDA:223,80,1,0
BRDA:233,81,0,6
BRDA:233,81,1,2
BRDA:240,82,0,12
BRDA:240,82,1,0
BRDA:242,83,0,0
BRDA:242,83,1,0
BRDA:246,84,0,14
BRDA:246,84,1,64
BRDA:246,85,0,78
BRDA:246,85,1,78
BRDA:246,85,2,70
BRDA:247,86,0,13
BRDA:247,86,1,0
BRDA:249,87,0,0
BRDA:249,87,1,13
BRDA:249,88,0,13
BRDA:249,88,1,13
BRDA:259,89,0,13
BRDA:259,89,1,0
BRDA:274,90,0,4
BRDA:275,91,0,4
BRDA:283,92,0,7
BRDA:283,92,1,2
BRDA:300,93,0,6
BRDA:300,93,1,0
BRDA:300,94,0,6
BRDA:300,94,1,6
BRDA:306,95,0,6
BRDA:306,95,1,0
BRDA:310,96,0,6
BRDA:310,96,1,0
BRDA:311,97,0,6
BRDA:311,97,1,0
BRDA:313,98,0,6
BRDA:313,98,1,0
BRDA:313,98,2,0
BRDA:316,99,0,6
BRDA:316,99,1,6
BRDA:321,100,0,6
BRDA:321,100,1,0
BRDA:321,100,2,0
BRDA:322,101,0,6
BRDA:322,101,1,0
BRDA:322,102,0,0
BRDA:322,102,1,0
BRDA:322,103,0,0
BRDA:322,103,1,0
BRDA:324,104,0,6
BRDA:324,104,1,0
BRDA:326,105,0,0
BRDA:326,105,1,0
BRDA:329,106,0,0
BRDA:329,106,1,0
BRDA:333,107,0,6
BRDA:333,107,1,0
BRDA:335,108,0,6
BRDA:335,108,1,0
BRDA:335,109,0,6
BRDA:335,109,1,6
BRDA:337,110,0,6
BRDA:337,110,1,0
BRDA:337,111,0,0
BRDA:337,111,1,0
BRDA:339,112,0,6
BRDA:339,112,1,0
BRDA:345,113,0,6
BRDA:345,113,1,0
BRDA:353,114,0,6
BRDA:353,114,1,0
BRDA:359,115,0,6
BRDA:359,115,1,0
BRDA:427,116,0,1
BRDA:427,116,1,1
BRDA:442,117,0,2
BRDA:444,118,0,11
BRDA:444,118,1,10
BRDA:445,119,0,11
BRDA:445,119,1,10
BRDA:446,120,0,11
BRDA:446,120,1,3
BRDA:447,121,0,11
BRDA:447,121,1,2
BRDA:463,122,0,2
BRDA:463,122,1,9
BRDA:463,123,0,11
BRDA:463,123,1,9
BRDA:468,124,0,2
BRDA:468,124,1,7
BRDA:468,125,0,9
BRDA:468,125,1,9
BRDA:469,126,0,0
BRDA:469,126,1,2
BRDA:469,127,0,0
BRDA:469,127,1,0
BRDA:469,128,0,2
BRDA:469,128,1,0
BRDA:470,129,0,1
BRDA:470,129,1,1
BRDA:472,130,0,0
BRDA:472,130,1,1
BRDA:476,131,0,1
BRDA:476,131,1,1
BRDA:479,132,0,1
BRDA:479,132,1,0
BRDA:479,132,2,0
BRDA:480,133,0,1
BRDA:480,133,1,0
BRDA:480,133,2,0
BRDA:481,134,0,1
BRDA:481,134,1,0
BRDA:482,135,0,1
BRDA:482,135,1,0
BRDA:482,135,2,0
BRDA:487,136,0,1
BRDA:487,136,1,1
BRDA:490,137,0,1
BRDA:490,137,1,0
BRDA:493,138,0,2
BRDA:493,138,1,7
BRDA:502,139,0,7
BRDA:502,139,1,0
BRDA:502,140,0,7
BRDA:502,140,1,7
BRDA:504,141,0,1
BRDA:504,141,1,6
BRDA:524,142,0,6
BRDA:524,142,1,0
BRDA:525,143,0,6
BRDA:525,143,1,0
BRDA:528,144,0,6
BRDA:528,144,1,3
BRDA:543,145,0,6
BRDA:543,145,1,1
BRDA:543,145,2,0
BRDA:559,146,0,1
BRDA:559,146,1,1
BRDA:561,147,0,1
BRDA:561,147,1,0
BRDA:565,148,0,3
BRDA:582,149,0,2
BRDA:582,149,1,1
BRDA:584,150,0,2
BRDA:584,150,1,0
BRDA:586,151,0,1
BRDA:586,151,1,1
BRF:317
BRH:216
end_of_record
TN:
SF:src/cart/cartStore.tsx
FN:114,(anonymous_0)
FN:128,(anonymous_1)
FN:131,(anonymous_2)
FN:150,(anonymous_3)
FN:160,(anonymous_4)
FN:175,(anonymous_5)
FN:274,useCart
FN:282,readSavedCarts
FN:296,sanitizeCartItems
FN:297,(anonymous_9)
FN:303,readStoredCartPayload
FN:327,rehydrateStoredPromo
FN:335,(anonymous_12)
FN:339,(anonymous_13)
FN:347,createInitialState
FN:362,CartProvider
FN:365,(anonymous_16)
FN:369,(anonymous_17)
FN:393,(anonymous_18)
FN:403,(anonymous_19)
FN:403,(anonymous_20)
FN:408,(anonymous_21)
FN:408,(anonymous_22)
FN:415,(anonymous_23)
FN:420,(anonymous_24)
FN:434,(anonymous_25)
FN:441,(anonymous_26)
FN:481,(anonymous_27)
FN:488,(anonymous_28)
FN:495,(anonymous_29)
FN:499,(anonymous_30)
FN:503,(anonymous_31)
FN:507,(anonymous_32)
FN:520,(anonymous_33)
FN:525,(anonymous_34)
FN:534,(anonymous_35)
FN:542,(anonymous_36)
FN:551,(anonymous_37)
FN:558,(anonymous_38)
FN:559,(anonymous_39)
FN:564,(anonymous_40)
FN:571,(anonymous_41)
FN:572,(anonymous_42)
FN:581,(anonymous_43)
FN:585,(anonymous_44)
FNF:45
FNH:45
FNDA:51,(anonymous_0)
FNDA:6,(anonymous_1)
FNDA:5,(anonymous_2)
FNDA:2,(anonymous_3)
FNDA:3,(anonymous_4)
FNDA:2,(anonymous_5)
FNDA:45,useCart
FNDA:13,readSavedCarts
FNDA:3,sanitizeCartItems
FNDA:3,(anonymous_9)
FNDA:13,readStoredCartPayload
FNDA:13,rehydrateStoredPromo
FNDA:2,(anonymous_12)
FNDA:2,(anonymous_13)
FNDA:13,createInitialState
FNDA:43,CartProvider
FNDA:10,(anonymous_16)
FNDA:36,(anonymous_17)
FNDA:17,(anonymous_18)
FNDA:30,(anonymous_19)
FNDA:19,(anonymous_20)
FNDA:30,(anonymous_21)
FNDA:19,(anonymous_22)
FNDA:5,(anonymous_23)
FNDA:7,(anonymous_24)
FNDA:2,(anonymous_25)
FNDA:6,(anonymous_26)
FNDA:1,(anonymous_27)
FNDA:13,(anonymous_28)
FNDA:1,(anonymous_29)
FNDA:1,(anonymous_30)
FNDA:2,(anonymous_31)
FNDA:1,(anonymous_32)
FNDA:3,(anonymous_33)
FNDA:2,(anonymous_34)
FNDA:2,(anonymous_35)
FNDA:3,(anonymous_36)
FNDA:1,(anonymous_37)
FNDA:3,(anonymous_38)
FNDA:2,(anonymous_39)
FNDA:2,(anonymous_40)
FNDA:3,(anonymous_41)
FNDA:2,(anonymous_42)
FNDA:3,(anonymous_43)
FNDA:3,(anonymous_44)
DA:15,2
DA:16,2
DA:109,2
DA:114,2
DA:115,51
DA:117,1
DA:128,17
DA:129,17
DA:130,17
DA:132,5
DA:137,17
DA:148,5
DA:149,2
DA:150,2
DA:159,3
DA:161,3
DA:174,2
DA:175,2
DA:184,4
DA:194,8
DA:200,7
DA:210,3
DA:218,2
DA:225,1
DA:231,1
DA:272,2
DA:275,45
DA:276,45
DA:277,2
DA:279,43
DA:283,13
DA:284,13
DA:285,13
DA:286,13
DA:287,2
DA:288,2
DA:293,11
DA:297,3
DA:304,13
DA:305,13
DA:306,13
DA:307,13
DA:308,5
DA:309,3
DA:310,1
DA:312,2
DA:313,2
DA:322,2
DA:324,2
DA:331,13
DA:332,13
DA:333,11
DA:335,2
DA:336,2
DA:337,0
DA:339,2
DA:340,2
DA:341,2
DA:342,1
DA:344,1
DA:348,13
DA:349,13
DA:350,13
DA:363,43
DA:365,43
DA:366,10
DA:369,43
DA:370,36
DA:371,36
DA:372,36
DA:383,0
DA:393,43
DA:394,17
DA:395,17
DA:396,17
DA:398,0
DA:402,43
DA:403,30
DA:407,43
DA:408,30
DA:411,43
DA:412,43
DA:413,43
DA:414,43
DA:415,43
DA:416,5
DA:417,5
DA:418,1
DA:420,7
DA:421,4
DA:422,1
DA:424,3
DA:425,3
DA:426,1
DA:428,2
DA:432,2
DA:434,43
DA:435,2
DA:436,1
DA:438,1
DA:441,43
DA:445,6
DA:446,6
DA:447,1
DA:449,5
DA:450,5
DA:451,1
DA:453,4
DA:454,1
DA:456,3
DA:457,1
DA:460,2
DA:463,2
DA:464,2
DA:465,0
DA:467,2
DA:474,2
DA:481,43
DA:482,1
DA:483,0
DA:485,1
DA:488,43
DA:489,13
DA:495,43
DA:496,1
DA:499,43
DA:500,1
DA:503,43
DA:504,2
DA:507,43
DA:508,1
DA:520,43
DA:521,3
DA:525,43
DA:526,2
DA:527,2
DA:528,2
DA:529,2
DA:534,2
DA:536,2
DA:537,2
DA:538,2
DA:539,2
DA:542,43
DA:543,3
DA:544,3
DA:545,1
DA:546,1
DA:551,1
DA:553,1
DA:554,1
DA:555,1
DA:558,43
DA:559,3
DA:560,3
DA:561,2
DA:564,2
DA:568,2
DA:571,43
DA:572,3
DA:573,3
DA:574,2
DA:575,2
DA:576,1
DA:578,2
DA:581,43
DA:582,3
DA:583,3
DA:584,3
DA:585,3
DA:586,3
DA:587,2
DA:588,2
DA:590,3
DA:591,2
DA:592,2
DA:595,43
DA:626,43
LF:178
LH:173
BRDA:115,0,0,1
BRDA:115,0,1,17
BRDA:115,0,2,5
BRDA:115,0,3,2
BRDA:115,0,4,4
BRDA:115,0,5,8
BRDA:115,0,6,7
BRDA:115,0,7,3
BRDA:115,0,8,2
BRDA:115,0,9,1
BRDA:115,0,10,1
BRDA:121,1,0,1
BRDA:121,1,1,1
BRDA:122,2,0,1
BRDA:122,2,1,1
BRDA:123,3,0,1
BRDA:123,3,1,1
BRDA:124,4,0,1
BRDA:124,4,1,1
BRDA:130,5,0,5
BRDA:130,5,1,12
BRDA:132,6,0,5
BRDA:132,6,1,0
BRDA:148,7,0,2
BRDA:148,7,1,3
BRDA:161,8,0,3
BRDA:161,8,1,0
BRDA:276,9,0,2
BRDA:276,9,1,43
BRDA:283,10,0,0
BRDA:283,10,1,13
BRDA:286,11,0,2
BRDA:286,11,1,11
BRDA:288,12,0,2
BRDA:288,12,1,0
BRDA:299,13,0,3
BRDA:299,13,1,0
BRDA:299,14,0,3
BRDA:299,14,1,3
BRDA:304,15,0,0
BRDA:304,15,1,13
BRDA:307,16,0,8
BRDA:307,16,1,5
BRDA:309,17,0,1
BRDA:309,17,1,2
BRDA:312,18,0,2
BRDA:312,18,1,0
BRDA:312,19,0,2
BRDA:312,19,1,2
BRDA:312,19,2,2
BRDA:315,20,0,2
BRDA:315,20,1,0
BRDA:316,21,0,2
BRDA:316,21,1,2
BRDA:317,22,0,2
BRDA:317,22,1,1
BRDA:318,23,0,2
BRDA:318,23,1,1
BRDA:332,24,0,11
BRDA:332,24,1,2
BRDA:335,25,0,2
BRDA:335,25,1,2
BRDA:336,26,0,0
BRDA:336,26,1,2
BRDA:341,27,0,1
BRDA:341,27,1,1
BRDA:356,28,0,13
BRDA:356,28,1,12
BRDA:357,29,0,13
BRDA:357,29,1,11
BRDA:370,30,0,0
BRDA:370,30,1,36
BRDA:394,31,0,0
BRDA:394,31,1,17
BRDA:411,32,0,43
BRDA:411,32,1,41
BRDA:413,33,0,43
BRDA:413,33,1,0
BRDA:415,34,0,5
BRDA:417,35,0,1
BRDA:417,35,1,4
BRDA:421,36,0,1
BRDA:421,36,1,3
BRDA:421,37,0,4
BRDA:421,37,1,3
BRDA:425,38,0,1
BRDA:425,38,1,2
BRDA:435,39,0,1
BRDA:435,39,1,1
BRDA:435,40,0,2
BRDA:435,40,1,1
BRDA:446,41,0,1
BRDA:446,41,1,5
BRDA:450,42,0,1
BRDA:450,42,1,4
BRDA:453,43,0,1
BRDA:453,43,1,3
BRDA:456,44,0,1
BRDA:456,44,1,2
BRDA:460,45,0,1
BRDA:460,45,1,1
BRDA:464,46,0,0
BRDA:464,46,1,2
BRDA:482,47,0,0
BRDA:482,47,1,1
BRDA:482,48,0,1
BRDA:482,48,1,0
BRDA:491,49,0,13
BRDA:491,49,1,3
BRDA:521,50,0,3
BRDA:521,50,1,0
BRDA:521,51,0,3
BRDA:521,51,1,3
BRDA:527,52,0,0
BRDA:527,52,1,2
BRDA:527,53,0,2
BRDA:527,53,1,2
BRDA:544,54,0,2
BRDA:544,54,1,1
BRDA:544,55,0,3
BRDA:544,55,1,1
BRDA:560,56,0,1
BRDA:560,56,1,2
BRDA:573,57,0,1
BRDA:573,57,1,2
BRDA:575,58,0,1
BRDA:575,58,1,1
BRDA:583,59,0,0
BRDA:583,59,1,3
BRDA:586,60,0,1
BRDA:586,60,1,2
BRDA:590,61,0,1
BRDA:590,61,1,2
BRF:133
BRH:115
end_of_record
TN:
SF:src/components/ReviewsSection.tsx
FN:7,(anonymous_0)
FN:9,(anonymous_1)
FN:14,ReviewsSection
FN:22,(anonymous_3)
FN:24,(anonymous_4)
FN:29,(anonymous_5)
FN:41,(anonymous_6)
FN:44,(anonymous_7)
FN:46,(anonymous_8)
FN:51,(anonymous_9)
FN:52,(anonymous_10)
FN:53,(anonymous_11)
FN:59,(anonymous_12)
FN:61,(anonymous_13)
FN:64,(anonymous_14)
FN:80,(anonymous_15)
FN:84,(anonymous_16)
FN:118,(anonymous_17)
FN:151,(anonymous_18)
FN:194,(anonymous_19)
FNF:20
FNH:11
FNDA:12,(anonymous_0)
FNDA:60,(anonymous_1)
FNDA:2,ReviewsSection
FNDA:1,(anonymous_3)
FNDA:1,(anonymous_4)
FNDA:0,(anonymous_5)
FNDA:1,(anonymous_6)
FNDA:2,(anonymous_7)
FNDA:0,(anonymous_8)
FNDA:2,(anonymous_9)
FNDA:10,(anonymous_10)
FNDA:0,(anonymous_11)
FNDA:0,(anonymous_12)
FNDA:0,(anonymous_13)
FNDA:0,(anonymous_14)
FNDA:0,(anonymous_15)
FNDA:0,(anonymous_16)
FNDA:10,(anonymous_17)
FNDA:10,(anonymous_18)
FNDA:0,(anonymous_19)
DA:7,1
DA:8,12
DA:9,60
DA:12,1
DA:15,2
DA:16,2
DA:17,2
DA:18,2
DA:19,2
DA:20,2
DA:22,2
DA:23,1
DA:24,1
DA:25,1
DA:26,1
DA:27,1
DA:28,1
DA:29,0
DA:30,0
DA:32,1
DA:33,1
DA:35,0
DA:36,0
DA:38,1
DA:41,1
DA:44,2
DA:45,2
DA:46,0
DA:47,0
DA:50,2
DA:52,2
DA:53,10
DA:54,10
DA:59,2
DA:60,0
DA:61,0
DA:64,2
DA:65,0
DA:66,0
DA:67,0
DA:68,0
DA:69,0
DA:71,0
DA:72,0
DA:73,0
DA:78,0
DA:79,0
DA:80,0
DA:81,0
DA:83,0
DA:84,0
DA:85,0
DA:86,0
DA:88,0
DA:89,0
DA:90,0
DA:92,0
DA:96,2
DA:119,10
DA:152,10
DA:195,0
LF:61
LH:32
BRDA:9,0,0,30
BRDA:9,0,1,30
BRDA:28,1,0,0
BRDA:28,1,1,1
BRDA:30,2,0,0
BRDA:30,2,1,0
BRDA:33,3,0,1
BRDA:33,3,1,0
BRDA:33,4,0,1
BRDA:33,4,1,0
BRDA:36,5,0,0
BRDA:36,5,1,0
BRDA:36,6,0,0
BRDA:36,6,1,0
BRDA:38,7,0,1
BRDA:38,7,1,0
BRDA:45,8,0,2
BRDA:45,8,1,0
BRDA:46,9,0,0
BRDA:46,9,1,0
BRDA:67,10,0,0
BRDA:67,10,1,0
BRDA:79,11,0,0
BRDA:79,11,1,0
BRDA:81,12,0,0
BRDA:81,12,1,0
BRDA:89,13,0,0
BRDA:89,13,1,0
BRDA:111,14,0,0
BRDA:111,14,1,2
BRDA:112,15,0,0
BRDA:112,15,1,2
BRDA:125,16,0,0
BRDA:125,16,1,10
BRDA:129,17,0,10
BRDA:129,17,1,0
BRDA:153,18,0,2
BRDA:153,18,1,8
BRDA:171,19,0,0
BRDA:171,19,1,2
BRDA:173,20,0,2
BRDA:173,20,1,0
BRDA:176,21,0,0
BRDA:176,21,1,0
BRDA:187,22,0,1
BRDA:187,22,1,1
BRDA:189,23,0,0
BRDA:189,23,1,1
BRDA:191,24,0,1
BRDA:191,24,1,0
BRDA:206,25,0,0
BRDA:206,25,1,0
BRDA:196,26,0,0
BRDA:196,26,1,0
BRF:54
BRH:19
end_of_record
TN:
SF:src/components/ui/Button.tsx
FN:21,Button
FNF:1
FNH:1
FNDA:2,Button
DA:9,1
DA:15,1
DA:29,2
DA:30,2
DA:32,2
DA:34,2
LF:6
LH:6
BRDA:22,0,0,0
BRDA:23,1,0,2
BRDA:24,2,0,2
BRDA:25,3,0,0
BRDA:29,4,0,2
BRDA:29,4,1,0
BRDA:30,5,0,2
BRDA:30,5,1,0
BRDA:32,6,0,2
BRDA:32,6,1,0
BRDA:41,7,0,0
BRDA:41,7,1,2
BRDA:42,8,0,0
BRDA:42,8,1,2
BRF:14
BRH:7
end_of_record
TN:
SF:src/components/ui/Card.tsx
FN:7,Card
FNF:1
FNH:1
FNDA:4,Card
DA:8,4
LF:1
LH:1
BRDA:7,0,0,0
BRF:1
BRH:0
end_of_record
TN:
SF:src/components/ui/InputField.tsx
FN:10,InputField
FNF:1
FNH:1
FNDA:2,InputField
DA:19,2
DA:20,2
LF:2
LH:2
BRDA:14,0,0,0
BRDA:15,1,0,2
BRDA:19,2,0,0
BRDA:19,2,1,2
BRDA:24,3,0,2
BRDA:24,3,1,0
BRDA:31,4,0,0
BRDA:31,4,1,2
BRDA:37,5,0,0
BRDA:37,5,1,2
BRDA:38,6,0,0
BRDA:38,6,1,2
BRDA:42,7,0,2
BRDA:42,7,1,0
BRF:14
BRH:7
end_of_record
TN:
SF:src/components/ui/SectionTitle.tsx
FN:15,SectionTitle
FNF:1
FNH:1
FNDA:4,SectionTitle
DA:3,1
DA:24,4
DA:27,4
DA:29,4
LF:4
LH:4
BRDA:18,0,0,4
BRDA:19,1,0,4
BRDA:20,2,0,4
BRDA:21,3,0,4
BRDA:24,4,0,0
BRDA:24,4,1,4
BRDA:32,5,0,4
BRDA:32,5,1,4
BRDA:33,6,0,0
BRDA:33,6,1,4
BRF:10
BRH:8
end_of_record
TN:
SF:src/components/ui/TextareaField.tsx
FN:10,TextareaField
FNF:1
FNH:1
FNDA:2,TextareaField
DA:19,2
DA:20,2
LF:2
LH:2
BRDA:14,0,0,0
BRDA:15,1,0,2
BRDA:19,2,0,0
BRDA:19,2,1,2
BRDA:24,3,0,2
BRDA:24,3,1,2
BRDA:31,4,0,0
BRDA:31,4,1,2
BRDA:37,5,0,2
BRDA:37,5,1,0
BRDA:38,6,0,0
BRDA:38,6,1,2
BRDA:42,7,0,2
BRDA:42,7,1,0
BRF:14
BRH:8
end_of_record
TN:
SF:src/content/bundlePricing.ts
FN:11,getBundlePricing
FN:12,(anonymous_1)
FNF:2
FNH:2
FNDA:1,getBundlePricing
FNDA:3,(anonymous_1)
DA:12,1
DA:13,3
DA:14,3
DA:15,3
DA:16,3
DA:19,1
DA:20,1
DA:21,1
DA:22,1
DA:24,1
LF:10
LH:10
BRDA:14,0,0,0
BRDA:14,0,1,3
BRDA:15,1,0,3
BRDA:15,1,1,3
BRDA:22,2,0,1
BRDA:22,2,1,0
BRF:6
BRH:4
end_of_record
TN:
SF:src/content/bundles.ts
FNF:0
FNH:0
DA:16,5
LF:1
LH:1
BRF:0
BRH:0
end_of_record
TN:
SF:src/content/giftBoxes.ts
FNF:0
FNH:0
DA:19,2
DA:43,2
DA:58,2
DA:59,2
LF:4
LH:4
BRF:0
BRH:0
end_of_record
TN:
SF:src/content/productDetails.ts
FN:25,(anonymous_0)
FN:503,(anonymous_1)
FN:510,(anonymous_2)
FN:522,getProductVariants
FN:527,getVariantById
FN:529,(anonymous_5)
FN:532,getDefaultVariant
FN:536,(anonymous_7)
FN:551,getVariantSummary
FN:554,(anonymous_9)
FN:555,(anonymous_10)
FN:565,chooseVariantForScent
FN:570,(anonymous_12)
FN:571,(anonymous_13)
FN:573,(anonymous_14)
FN:578,chooseVariantForPreferences
FNF:16
FNH:7
FNDA:36,(anonymous_0)
FNDA:36,(anonymous_1)
FNDA:36,(anonymous_2)
FNDA:2,getProductVariants
FNDA:2,getVariantById
FNDA:6,(anonymous_5)
FNDA:1,getDefaultVariant
FNDA:0,(anonymous_7)
FNDA:0,getVariantSummary
FNDA:0,(anonymous_9)
FNDA:0,(anonymous_10)
FNDA:0,chooseVariantForScent
FNDA:0,(anonymous_12)
FNDA:0,(anonymous_13)
FNDA:0,(anonymous_14)
FNDA:0,chooseVariantForPreferences
DA:25,36
DA:27,6
DA:501,6
DA:504,36
DA:505,36
DA:508,6
DA:511,36
DA:512,36
DA:515,6
DA:523,2
DA:524,2
DA:528,2
DA:529,6
DA:533,1
DA:534,1
DA:535,0
DA:536,0
DA:537,0
DA:539,0
DA:552,0
DA:553,0
DA:554,0
DA:555,0
DA:556,0
DA:557,0
DA:558,0
DA:566,0
DA:567,0
DA:568,0
DA:569,0
DA:570,0
DA:571,0
DA:572,0
DA:573,0
DA:575,0
DA:579,0
LF:36
LH:15
BRDA:524,0,0,2
BRDA:524,0,1,0
BRDA:528,1,0,0
BRDA:528,1,1,2
BRDA:534,2,0,1
BRDA:534,2,1,0
BRDA:534,3,0,1
BRDA:534,3,1,0
BRDA:535,4,0,0
BRDA:535,4,1,0
BRDA:537,5,0,0
BRDA:537,5,1,0
BRDA:553,6,0,0
BRDA:553,6,1,0
BRDA:561,7,0,0
BRDA:561,7,1,0
BRDA:566,8,0,0
BRDA:566,8,1,0
BRDA:567,9,0,0
BRDA:567,9,1,0
BRDA:568,10,0,0
BRDA:568,10,1,0
BRDA:572,11,0,0
BRDA:572,11,1,0
BRDA:575,12,0,0
BRDA:575,12,1,0
BRF:26
BRH:4
end_of_record
TN:
SF:src/content/shopCatalog.ts
FN:66,(anonymous_0)
FN:72,(anonymous_1)
FN:81,(anonymous_2)
FN:89,(anonymous_3)
FNF:4
FNH:4
FNDA:24,(anonymous_0)
FNDA:16,(anonymous_1)
FNDA:12,(anonymous_2)
FNDA:12,(anonymous_3)
DA:7,4
DA:15,4
DA:31,4
DA:40,4
DA:65,4
DA:66,24
DA:72,16
DA:80,4
DA:82,12
DA:83,12
DA:89,4
DA:90,12
DA:91,12
LF:13
LH:13
BRDA:69,0,0,24
BRDA:69,0,1,0
BRDA:75,1,0,16
BRDA:75,1,1,0
BRF:4
BRH:2
end_of_record
TN:
SF:src/currency/currencyConfig.ts
FNF:0
FNH:0
DA:12,1
DA:14,1
LF:2
LH:2
BRF:0
BRH:0
end_of_record
TN:
SF:src/currency/currencyUtils.ts
FN:4,(anonymous_0)
FN:7,getCurrencyConfig
FN:13,convertFromBase
FN:18,isSupportedCurrency
FNF:4
FNH:3
FNDA:3,(anonymous_0)
FNDA:8,getCurrencyConfig
FNDA:4,convertFromBase
FNDA:0,isSupportedCurrency
DA:3,1
DA:4,3
DA:8,8
DA:9,8
DA:10,0
DA:14,4
DA:15,4
DA:19,0
LF:8
LH:6
BRDA:9,0,0,8
BRDA:9,0,1,0
BRDA:19,1,0,0
BRDA:19,1,1,0
BRF:4
BRH:1
end_of_record
TN:
SF:src/discounts/discountEngine.ts
FN:18,(anonymous_0)
FN:41,(anonymous_1)
FN:48,(anonymous_2)
FN:52,(anonymous_3)
FN:55,evaluatePromoForCart
FN:61,(anonymous_5)
FN:84,(anonymous_6)
FN:111,(anonymous_7)
FN:115,bestApplicablePromo
FN:121,(anonymous_9)
FNF:10
FNH:10
FNDA:30,(anonymous_0)
FNDA:25,(anonymous_1)
FNDA:4,(anonymous_2)
FNDA:3,(anonymous_3)
FNDA:22,evaluatePromoForCart
FNDA:27,(anonymous_5)
FNDA:20,(anonymous_6)
FNDA:15,(anonymous_7)
FNDA:3,bestApplicablePromo
FNDA:9,(anonymous_9)
DA:17,3
DA:18,3
DA:19,30
DA:20,30
DA:23,3
DA:41,3
DA:42,25
DA:43,1
DA:45,24
DA:48,3
DA:49,4
DA:50,4
DA:51,3
DA:52,3
DA:60,22
DA:61,22
DA:62,27
DA:63,3
DA:65,24
DA:67,16
DA:69,1
DA:71,2
DA:73,4
DA:75,1
DA:79,22
DA:80,5
DA:83,17
DA:84,20
DA:88,17
DA:89,11
DA:90,4
DA:94,13
DA:95,13
DA:96,10
DA:97,3
DA:98,1
DA:101,13
DA:102,13
DA:103,1
DA:106,12
DA:111,15
DA:120,3
DA:121,9
DA:122,3
DA:123,1
LF:45
LH:45
BRDA:19,0,0,18
BRDA:19,0,1,12
BRDA:42,1,0,1
BRDA:42,1,1,24
BRDA:42,2,0,25
BRDA:42,2,1,20
BRDA:49,3,0,4
BRDA:49,3,1,1
BRDA:49,3,2,0
BRDA:50,4,0,1
BRDA:50,4,1,3
BRDA:62,5,0,3
BRDA:62,5,1,24
BRDA:62,6,0,27
BRDA:62,6,1,26
BRDA:62,6,2,25
BRDA:65,7,0,16
BRDA:65,7,1,1
BRDA:65,7,2,2
BRDA:65,7,3,4
BRDA:65,7,4,1
BRDA:79,8,0,5
BRDA:79,8,1,17
BRDA:79,9,0,22
BRDA:79,9,1,6
BRDA:88,10,0,11
BRDA:88,10,1,6
BRDA:88,11,0,17
BRDA:88,11,1,14
BRDA:89,12,0,4
BRDA:89,12,1,7
BRDA:95,13,0,10
BRDA:95,13,1,3
BRDA:97,14,0,1
BRDA:97,14,1,2
BRDA:101,15,0,11
BRDA:101,15,1,2
BRDA:102,16,0,1
BRDA:102,16,1,12
BRDA:121,17,0,9
BRDA:121,17,1,1
BRDA:122,18,0,2
BRDA:122,18,1,1
BRF:43
BRH:42
end_of_record
TN:
SF:src/discounts/promoCodes.ts
FNF:0
FNH:0
DA:25,3
LF:1
LH:1
BRF:0
BRH:0
end_of_record
TN:
SF:src/domain/shared/fakeId.ts
FN:2,createFakeIdGenerator
FN:4,(anonymous_1)
FNF:2
FNH:2
FNDA:6,createFakeIdGenerator
FNDA:13,(anonymous_1)
DA:3,6
DA:4,13
LF:2
LH:2
BRDA:2,0,0,0
BRDA:2,1,0,1
BRF:2
BRH:1
end_of_record
TN:
SF:src/giftcards/manualCreditsConfig.ts
FNF:0
FNH:0
DA:5,2
LF:1
LH:1
BRF:0
BRH:0
end_of_record
TN:
SF:src/infrastructure/email/ConsoleEmailService.ts
FN:7,(anonymous_0)
FN:12,(anonymous_1)
FNF:2
FNH:0
FNDA:0,(anonymous_0)
FNDA:0,(anonymous_1)
DA:5,2
DA:8,0
DA:9,0
DA:13,0
LF:4
LH:1
BRF:0
BRH:0
end_of_record
TN:
SF:src/infrastructure/email/fakeEmailProvider.ts
FN:6,(anonymous_0)
FNF:1
FNH:1
FNDA:5,(anonymous_0)
DA:4,8
DA:7,5
LF:2
LH:2
BRF:0
BRH:0
end_of_record
TN:
SF:src/infrastructure/ids/DefaultIdGenerator.ts
FN:4,(anonymous_0)
FN:12,(anonymous_1)
FN:14,(anonymous_2)
FNF:3
FNH:3
FNDA:23,(anonymous_0)
FNDA:33,(anonymous_1)
FNDA:23,(anonymous_2)
DA:4,13
DA:5,23
DA:6,23
DA:8,0
DA:12,33
DA:15,23
LF:6
LH:5
BRDA:5,0,0,23
BRDA:5,0,1,0
BRDA:12,1,0,0
BRF:3
BRH:1
end_of_record
TN:
SF:src/infrastructure/ids/FakeIdGenerator.ts
FN:7,(anonymous_0)
FN:11,(anonymous_1)
FNF:2
FNH:2
FNDA:3,(anonymous_0)
FNDA:6,(anonymous_1)
DA:8,3
DA:12,6
LF:2
LH:2
BRDA:7,0,0,0
BRDA:7,1,0,0
BRF:2
BRH:0
end_of_record
TN:
SF:src/infrastructure/notifications/CompositeNotificationService.ts
FN:9,(anonymous_0)
FN:14,(anonymous_1)
FN:28,(anonymous_2)
FNF:3
FNH:3
FNDA:5,(anonymous_0)
FNDA:5,(anonymous_1)
FNDA:4,(anonymous_2)
DA:10,5
DA:11,5
DA:15,5
DA:17,5
DA:18,10
DA:19,10
DA:21,5
DA:22,5
DA:23,5
DA:27,5
DA:28,4
DA:29,2
DA:30,2
DA:31,2
LF:14
LH:14
BRDA:11,0,0,3
BRDA:21,1,0,4
BRDA:21,1,1,1
BRDA:27,2,0,2
BRDA:27,2,1,3
BRDA:27,3,0,5
BRDA:27,3,1,2
BRF:7
BRH:7
end_of_record
TN:
SF:src/infrastructure/notifications/EmailNotificationService.ts
FN:7,(anonymous_0)
FN:14,(anonymous_1)
FN:16,(anonymous_2)
FN:43,(anonymous_3)
FN:48,(anonymous_4)
FN:54,(anonymous_5)
FNF:6
FNH:6
FNDA:18,(anonymous_0)
FNDA:2,(anonymous_1)
FNDA:2,(anonymous_2)
FNDA:2,(anonymous_3)
FNDA:2,(anonymous_4)
FNDA:2,(anonymous_5)
DA:7,9
DA:8,18
DA:9,16
DA:12,9
DA:14,9
DA:16,9
DA:17,2
DA:19,2
DA:20,2
DA:21,2
DA:22,2
DA:23,2
DA:25,2
DA:26,0
DA:29,2
DA:35,2
DA:44,2
DA:45,2
DA:49,2
DA:50,2
DA:51,2
DA:55,2
DA:56,2
DA:57,2
DA:58,0
DA:59,0
DA:62,2
DA:63,0
DA:64,0
DA:67,2
DA:68,2
DA:69,0
DA:72,2
DA:73,2
DA:75,2
LF:35
LH:29
BRDA:8,0,0,2
BRDA:8,0,1,16
BRDA:8,1,0,18
BRDA:8,1,1,18
BRDA:14,2,0,2
BRDA:14,2,1,0
BRDA:17,3,0,0
BRDA:17,3,1,2
BRDA:21,4,0,2
BRDA:21,4,1,0
BRDA:25,5,0,0
BRDA:25,5,1,2
BRDA:25,6,0,2
BRDA:25,6,1,2
BRDA:33,7,0,2
BRDA:33,7,1,0
BRDA:33,8,0,2
BRDA:33,8,1,2
BRDA:45,9,0,2
BRDA:50,10,0,0
BRDA:50,10,1,2
BRDA:51,11,0,2
BRDA:51,11,1,2
BRDA:51,11,2,2
BRDA:56,12,0,2
BRDA:56,12,1,0
BRDA:57,13,0,0
BRDA:57,13,1,2
BRDA:62,14,0,0
BRDA:62,14,1,2
BRDA:68,15,0,0
BRDA:68,15,1,2
BRDA:72,16,0,2
BRDA:72,16,1,0
BRDA:73,17,0,2
BRDA:73,17,1,0
BRF:36
BRH:24
end_of_record
TN:
SF:src/infrastructure/notifications/FakeNotificationService.ts
FN:15,(anonymous_0)
FN:19,(anonymous_1)
FNF:2
FNH:2
FNDA:9,(anonymous_0)
FNDA:1,(anonymous_1)
DA:13,12
DA:16,9
DA:20,1
LF:3
LH:3
BRF:0
BRH:0
end_of_record
TN:
SF:src/infrastructure/notifications/TelegramNotificationService.ts
FN:8,(anonymous_0)
FN:13,(anonymous_1)
FN:21,(anonymous_2)
FN:33,(anonymous_3)
FN:45,(anonymous_4)
FN:47,(anonymous_5)
FN:48,(anonymous_6)
FN:54,(anonymous_7)
FN:72,(anonymous_8)
FN:74,(anonymous_9)
FN:92,(anonymous_10)
FN:121,(anonymous_11)
FN:143,(anonymous_12)
FNF:13
FNH:11
FNDA:39,(anonymous_0)
FNDA:18,(anonymous_1)
FNDA:7,(anonymous_2)
FNDA:2,(anonymous_3)
FNDA:1,(anonymous_4)
FNDA:1,(anonymous_5)
FNDA:1,(anonymous_6)
FNDA:0,(anonymous_7)
FNDA:9,(anonymous_8)
FNDA:2,(anonymous_9)
FNDA:9,(anonymous_10)
FNDA:9,(anonymous_11)
FNDA:0,(anonymous_12)
DA:8,9
DA:9,39
DA:10,39
DA:13,9
DA:14,18
DA:15,30
DA:16,30
DA:18,4
DA:21,9
DA:22,7
DA:23,5
DA:30,2
DA:31,2
DA:33,2
DA:34,2
DA:46,1
DA:47,1
DA:48,1
DA:49,1
DA:50,1
DA:54,0
DA:60,2
DA:61,2
DA:62,2
DA:70,9
DA:72,9
DA:75,2
DA:76,2
DA:77,2
DA:78,2
DA:79,0
DA:80,0
DA:81,0
DA:82,0
DA:87,0
DA:88,0
DA:93,9
DA:95,9
DA:101,9
DA:108,9
DA:109,7
DA:110,7
DA:113,2
DA:114,2
DA:118,2
DA:122,9
DA:123,9
DA:125,9
DA:126,2
DA:129,7
DA:130,7
DA:131,2
DA:134,7
DA:140,7
DA:141,7
DA:142,5
DA:143,2
DA:144,2
DA:145,2
LF:59
LH:52
BRDA:9,0,0,0
BRDA:9,0,1,39
BRDA:9,1,0,39
BRDA:9,1,1,39
BRDA:16,2,0,14
BRDA:16,2,1,16
BRDA:22,3,0,5
BRDA:22,3,1,2
BRDA:37,4,0,2
BRDA:37,4,1,2
BRDA:51,5,0,1
BRDA:51,5,1,1
BRDA:51,5,2,1
BRDA:52,6,0,1
BRDA:52,6,1,0
BRDA:53,7,0,1
BRDA:53,7,1,0
BRDA:72,8,0,9
BRDA:78,9,0,2
BRDA:78,9,1,0
BRDA:80,10,0,0
BRDA:80,10,1,0
BRDA:83,11,0,0
BRDA:83,11,1,0
BRDA:83,11,2,0
BRDA:84,12,0,0
BRDA:84,12,1,0
BRDA:84,12,2,0
BRDA:93,13,0,0
BRDA:93,13,1,9
BRDA:96,14,0,9
BRDA:96,14,1,2
BRDA:97,15,0,9
BRDA:97,15,1,9
BRDA:98,16,0,9
BRDA:98,16,1,9
BRDA:99,17,0,9
BRDA:99,17,1,9
BRDA:102,18,0,9
BRDA:102,18,1,2
BRDA:103,19,0,9
BRDA:103,19,1,9
BRDA:104,20,0,9
BRDA:104,20,1,9
BRDA:105,21,0,9
BRDA:105,21,1,9
BRDA:108,22,0,7
BRDA:108,22,1,2
BRDA:108,23,0,9
BRDA:108,23,1,7
BRDA:115,24,0,2
BRDA:115,24,1,2
BRDA:115,24,2,2
BRDA:116,25,0,2
BRDA:116,25,1,2
BRDA:116,25,2,2
BRDA:123,26,0,9
BRDA:123,26,1,0
BRDA:123,26,2,0
BRDA:125,27,0,2
BRDA:125,27,1,7
BRDA:125,28,0,9
BRDA:125,28,1,7
BRDA:130,29,0,2
BRDA:130,29,1,5
BRDA:142,30,0,2
BRDA:142,30,1,3
BRDA:144,31,0,2
BRDA:144,31,1,1
BRDA:144,31,2,0
BRF:70
BRH:54
end_of_record
TN:
SF:src/infrastructure/notifications/createDefaultNotificationService.ts
FN:9,(anonymous_0)
FN:15,(anonymous_1)
FNF:2
FNH:2
FNDA:2,(anonymous_0)
FNDA:3,(anonymous_1)
DA:7,9
DA:9,9
DA:10,2
DA:11,2
DA:12,2
DA:15,9
DA:16,3
DA:17,2
DA:19,3
LF:9
LH:9
BRDA:16,0,0,2
BRDA:16,0,1,1
BRF:2
BRH:2
end_of_record
TN:
SF:src/infrastructure/repositories/FileOrdersRepository.ts
FN:16,(anonymous_0)
FN:21,(anonymous_1)
FN:24,(anonymous_2)
FN:30,(anonymous_3)
FN:43,(anonymous_4)
FN:49,(anonymous_5)
FN:54,(anonymous_6)
FN:60,(anonymous_7)
FN:65,(anonymous_8)
FN:73,(anonymous_9)
FN:81,(anonymous_10)
FN:83,(anonymous_11)
FN:100,(anonymous_12)
FN:107,(anonymous_13)
FN:111,(anonymous_14)
FN:116,(anonymous_15)
FN:118,(anonymous_16)
FN:130,(anonymous_17)
FN:131,(anonymous_18)
FNF:19
FNH:12
FNDA:9,(anonymous_0)
FNDA:8,(anonymous_1)
FNDA:5,(anonymous_2)
FNDA:15,(anonymous_3)
FNDA:9,(anonymous_4)
FNDA:3,(anonymous_5)
FNDA:1,(anonymous_6)
FNDA:2,(anonymous_7)
FNDA:4,(anonymous_8)
FNDA:8,(anonymous_9)
FNDA:2,(anonymous_10)
FNDA:2,(anonymous_11)
FNDA:0,(anonymous_12)
FNDA:0,(anonymous_13)
FNDA:0,(anonymous_14)
FNDA:0,(anonymous_15)
FNDA:0,(anonymous_16)
FNDA:0,(anonymous_17)
FNDA:0,(anonymous_18)
DA:13,7
DA:14,7
DA:16,7
DA:17,9
DA:18,9
DA:21,8
DA:25,5
DA:26,5
DA:27,5
DA:31,15
DA:32,15
DA:33,10
DA:34,10
DA:35,10
DA:37,5
DA:38,0
DA:39,0
DA:44,9
DA:45,9
DA:46,9
DA:50,3
DA:51,3
DA:55,1
DA:57,3
DA:61,2
DA:62,2
DA:63,2
DA:66,4
DA:74,8
DA:75,8
DA:76,8
DA:77,8
DA:78,8
DA:82,2
DA:83,2
DA:84,2
DA:85,1
DA:90,1
DA:91,1
DA:92,1
DA:98,0
DA:101,0
DA:102,0
DA:104,0
DA:108,0
DA:112,0
DA:113,0
DA:116,0
DA:117,0
DA:118,0
DA:119,0
DA:120,0
DA:121,0
DA:122,0
DA:125,0
DA:126,0
DA:127,0
DA:131,0
DA:132,0
DA:133,0
DA:134,0
DA:136,0
DA:137,0
DA:138,0
DA:139,0
DA:141,0
DA:146,0
DA:147,0
DA:148,0
DA:149,0
DA:152,7
LF:71
LH:39
BRDA:26,0,0,5
BRDA:27,1,0,5
BRDA:33,2,0,0
BRDA:33,2,1,10
BRDA:35,3,0,10
BRDA:35,3,1,0
BRDA:37,4,0,5
BRDA:37,4,1,0
BRDA:37,5,0,5
BRDA:37,5,1,5
BRDA:49,6,0,0
BRDA:55,7,0,1
BRDA:55,7,1,0
BRDA:55,8,0,1
BRDA:55,8,1,0
BRDA:64,9,0,2
BRDA:64,9,1,1
BRDA:66,10,0,4
BRDA:66,10,1,3
BRDA:66,10,2,3
BRDA:67,11,0,3
BRDA:67,11,1,0
BRDA:68,12,0,3
BRDA:68,12,1,0
BRDA:75,13,0,8
BRDA:75,13,1,1
BRDA:84,14,0,1
BRDA:84,14,1,1
BRDA:112,15,0,0
BRDA:112,15,1,0
BRDA:114,16,0,0
BRDA:114,16,1,0
BRDA:120,17,0,0
BRDA:120,17,1,0
BRDA:122,18,0,0
BRDA:122,18,1,0
BRDA:136,19,0,0
BRDA:136,19,1,0
BRDA:136,20,0,0
BRDA:136,20,1,0
BRF:40
BRH:20
end_of_record
TN:
SF:src/infrastructure/repositories/InMemoryOrdersRepository.ts
FN:14,(anonymous_0)
FN:15,(anonymous_1)
FN:20,(anonymous_2)
FN:21,(anonymous_3)
FN:24,(anonymous_4)
FN:25,(anonymous_5)
FN:28,(anonymous_6)
FN:32,(anonymous_7)
FN:38,(anonymous_8)
FN:42,(anonymous_9)
FN:50,(anonymous_10)
FN:56,(anonymous_11)
FN:57,(anonymous_12)
FNF:13
FNH:10
FNDA:21,(anonymous_0)
FNDA:0,(anonymous_1)
FNDA:0,(anonymous_2)
FNDA:0,(anonymous_3)
FNDA:1,(anonymous_4)
FNDA:1,(anonymous_5)
FNDA:6,(anonymous_6)
FNDA:1,(anonymous_7)
FNDA:9,(anonymous_8)
FNDA:5,(anonymous_9)
FNDA:17,(anonymous_10)
FNDA:3,(anonymous_11)
FNDA:3,(anonymous_12)
DA:15,21
DA:16,21
DA:17,21
DA:21,0
DA:25,1
DA:29,6
DA:33,1
DA:35,6
DA:39,9
DA:40,9
DA:43,5
DA:51,17
DA:52,17
DA:53,17
DA:57,3
DA:58,3
DA:59,2
DA:64,2
DA:65,2
LF:19
LH:18
BRDA:14,0,0,20
BRDA:14,1,0,20
BRDA:14,2,0,20
BRDA:28,3,0,0
BRDA:33,4,0,1
BRDA:33,4,1,0
BRDA:33,5,0,1
BRDA:33,5,1,0
BRDA:41,6,0,9
BRDA:41,6,1,7
BRDA:43,7,0,5
BRDA:43,7,1,4
BRDA:43,7,2,4
BRDA:44,8,0,4
BRDA:44,8,1,0
BRDA:45,9,0,4
BRDA:45,9,1,0
BRDA:51,10,0,17
BRDA:51,10,1,2
BRDA:58,11,0,1
BRDA:58,11,1,2
BRF:21
BRH:16
end_of_record
TN:
SF:src/infrastructure/repositories/InMemoryUserRepository.ts
FN:9,(anonymous_0)
FN:11,(anonymous_1)
FN:14,(anonymous_2)
FN:18,(anonymous_3)
FN:27,(anonymous_4)
FN:33,(anonymous_5)
FN:37,(anonymous_6)
FN:43,buildTestUserRepository
FNF:8
FNH:8
FNDA:16,(anonymous_0)
FNDA:5,(anonymous_1)
FNDA:5,(anonymous_2)
FNDA:5,(anonymous_3)
FNDA:6,(anonymous_4)
FNDA:2,(anonymous_5)
FNDA:3,(anonymous_6)
FNDA:2,buildTestUserRepository
DA:10,16
DA:11,16
DA:15,5
DA:19,5
DA:20,4
DA:21,3
DA:24,2
DA:28,6
DA:29,6
DA:30,6
DA:34,2
DA:38,3
DA:44,2
LF:13
LH:13
BRDA:9,0,0,11
BRDA:15,1,0,5
BRDA:15,1,1,2
BRDA:20,2,0,3
BRDA:20,2,1,1
BRDA:43,3,0,0
BRF:6
BRH:5
end_of_record
TN:
SF:src/infrastructure/repositories/MongoOrdersRepository.ts
FN:10,(anonymous_0)
FN:16,(anonymous_1)
FN:21,(anonymous_2)
FN:29,(anonymous_3)
FN:36,(anonymous_4)
FNF:5
FNH:0
FNDA:0,(anonymous_0)
FNDA:0,(anonymous_1)
FNDA:0,(anonymous_2)
FNDA:0,(anonymous_3)
FNDA:0,(anonymous_4)
DA:11,0
DA:12,0
DA:13,0
DA:17,0
DA:18,0
DA:22,0
DA:30,0
DA:31,0
DA:32,0
DA:33,0
DA:37,0
DA:42,0
DA:43,0
LF:13
LH:0
BRDA:12,0,0,0
BRDA:13,1,0,0
BRDA:16,2,0,0
BRDA:30,3,0,0
BRDA:30,3,1,0
BRDA:32,4,0,0
BRDA:32,4,1,0
BRDA:43,5,0,0
BRDA:43,5,1,0
BRF:9
BRH:0
end_of_record
TN:
SF:src/infrastructure/repositories/_db.ts
FN:7,connectToDb
FNF:1
FNH:0
FNDA:0,connectToDb
DA:4,6
DA:5,6
DA:8,0
DA:9,0
DA:12,0
DA:13,0
DA:14,0
DA:15,0
DA:18,0
DA:19,0
DA:20,0
DA:22,0
DA:23,0
DA:24,0
LF:14
LH:2
BRDA:8,0,0,0
BRDA:8,0,1,0
BRDA:8,1,0,0
BRDA:8,1,1,0
BRDA:14,2,0,0
BRDA:14,2,1,0
BRDA:14,3,0,0
BRDA:14,3,1,0
BRF:8
BRH:0
end_of_record
TN:
SF:src/infrastructure/repositories/index.ts
FN:10,(anonymous_0)
FN:27,(anonymous_1)
FNF:2
FNH:0
FNDA:0,(anonymous_0)
FNDA:0,(anonymous_1)
DA:7,6
DA:8,6
DA:10,6
DA:11,0
DA:13,0
DA:14,0
DA:15,0
DA:16,0
DA:17,0
DA:19,0
DA:20,0
DA:21,0
DA:22,0
DA:23,0
DA:27,6
DA:28,0
DA:29,0
LF:17
LH:4
BRDA:11,0,0,0
BRDA:11,0,1,0
BRDA:21,1,0,0
BRDA:21,1,1,0
BRDA:22,2,0,0
BRDA:22,2,1,0
BRF:6
BRH:0
end_of_record
TN:
SF:src/infrastructure/repositories/testing/ordersRepository.contract.ts
FN:4,(anonymous_0)
FN:40,runOrdersRepositoryContract
FN:44,(anonymous_2)
FN:47,(anonymous_3)
FN:51,(anonymous_4)
FN:56,(anonymous_5)
FN:59,(anonymous_6)
FN:67,(anonymous_7)
FN:71,(anonymous_8)
FN:78,(anonymous_9)
FN:87,(anonymous_10)
FNF:11
FNH:11
FNDA:17,(anonymous_0)
FNDA:2,runOrdersRepositoryContract
FNDA:2,(anonymous_2)
FNDA:10,(anonymous_3)
FNDA:2,(anonymous_4)
FNDA:2,(anonymous_5)
FNDA:2,(anonymous_6)
FNDA:2,(anonymous_7)
FNDA:2,(anonymous_8)
FNDA:2,(anonymous_9)
FNDA:2,(anonymous_10)
DA:4,3
DA:5,17
DA:6,17
DA:7,17
DA:44,2
DA:47,2
DA:48,10
DA:51,2
DA:52,2
DA:53,2
DA:55,2
DA:56,2
DA:59,2
DA:60,2
DA:62,2
DA:63,2
DA:64,2
DA:66,2
DA:67,2
DA:68,2
DA:71,2
DA:72,2
DA:74,2
DA:75,2
DA:78,2
DA:79,2
DA:80,2
DA:82,2
DA:83,2
DA:84,2
DA:87,2
DA:88,2
DA:89,2
DA:95,2
DA:103,2
DA:104,2
DA:106,2
DA:107,2
LF:38
LH:38
BRDA:4,0,0,0
BRDA:5,1,0,17
BRDA:5,1,1,7
BRDA:6,2,0,17
BRDA:6,2,1,17
BRDA:8,3,0,17
BRDA:8,3,1,0
BRDA:9,4,0,17
BRDA:9,4,1,15
BRDA:10,5,0,17
BRDA:10,5,1,15
BRDA:12,6,0,17
BRDA:12,6,1,17
BRDA:19,7,0,17
BRDA:19,7,1,17
BRDA:27,8,0,17
BRDA:27,8,1,17
BRF:17
BRH:15
end_of_record
TN:
SF:src/infrastructure/time/FakeClock.ts
FN:6,(anonymous_0)
FN:10,(anonymous_1)
FN:14,(anonymous_2)
FN:18,(anonymous_3)
FN:22,(anonymous_4)
FNF:5
FNH:5
FNDA:3,(anonymous_0)
FNDA:7,(anonymous_1)
FNDA:1,(anonymous_2)
FNDA:2,(anonymous_3)
FNDA:1,(anonymous_4)
DA:7,3
DA:11,7
DA:15,1
DA:19,2
DA:23,1
LF:5
LH:5
BRDA:6,0,0,0
BRF:1
BRH:0
end_of_record
TN:
SF:src/infrastructure/time/SystemClock.ts
FN:4,(anonymous_0)
FNF:1
FNH:1
FNDA:10,(anonymous_0)
DA:5,10
LF:1
LH:1
BRF:0
BRH:0
end_of_record
TN:
SF:src/lib/api.ts
FN:9,(anonymous_0)
FN:12,(anonymous_1)
FN:20,(anonymous_2)
FN:23,(anonymous_3)
FNF:4
FNH:1
FNDA:1,(anonymous_0)
FNDA:0,(anonymous_1)
FNDA:0,(anonymous_2)
FNDA:0,(anonymous_3)
DA:3,1
DA:7,1
DA:9,1
DA:10,1
DA:12,1
DA:13,0
DA:20,1
DA:21,0
DA:23,1
DA:24,0
DA:32,1
LF:11
LH:8
BRDA:3,0,0,0
BRDA:3,0,1,1
BRDA:3,1,0,1
BRDA:3,1,1,1
BRDA:7,2,0,1
BRDA:7,2,1,1
BRDA:15,3,0,0
BRDA:15,3,1,0
BRDA:26,4,0,0
BRDA:26,4,1,0
BRF:10
BRH:5
end_of_record
TN:
SF:src/personalization/personalizationEngine.ts
FN:98,(anonymous_0)
FN:100,findEntriesByCandidateIds
FN:104,(anonymous_2)
FN:105,(anonymous_3)
FN:124,scoreItemsForUser
FN:140,(anonymous_5)
FN:143,(anonymous_6)
FN:147,(anonymous_7)
FN:148,(anonymous_8)
FN:161,(anonymous_9)
FN:171,(anonymous_10)
FN:177,(anonymous_11)
FN:182,(anonymous_12)
FN:196,(anonymous_13)
FN:205,(anonymous_14)
FN:266,(anonymous_15)
FN:267,(anonymous_16)
FN:270,getTopRecommendations
FN:289,(anonymous_18)
FN:290,(anonymous_19)
FN:294,getPersonalizationReasonsText
FN:312,(anonymous_21)
FN:313,(anonymous_22)
FNF:23
FNH:17
FNDA:6,(anonymous_0)
FNDA:0,findEntriesByCandidateIds
FNDA:0,(anonymous_2)
FNDA:0,(anonymous_3)
FNDA:1,scoreItemsForUser
FNDA:1,(anonymous_5)
FNDA:1,(anonymous_6)
FNDA:1,(anonymous_7)
FNDA:1,(anonymous_8)
FNDA:1,(anonymous_9)
FNDA:2,(anonymous_10)
FNDA:2,(anonymous_11)
FNDA:11,(anonymous_12)
FNDA:2,(anonymous_13)
FNDA:2,(anonymous_14)
FNDA:2,(anonymous_15)
FNDA:1,(anonymous_16)
FNDA:0,getTopRecommendations
FNDA:0,(anonymous_18)
FNDA:0,(anonymous_19)
FNDA:1,getPersonalizationReasonsText
FNDA:2,(anonymous_21)
FNDA:2,(anonymous_22)
DA:58,1
DA:64,1
DA:70,1
DA:77,1
DA:84,1
DA:98,6
DA:101,0
DA:102,0
DA:103,0
DA:105,0
DA:107,0
DA:110,0
DA:112,0
DA:114,0
DA:117,0
DA:118,0
DA:119,0
DA:133,1
DA:136,1
DA:137,1
DA:139,1
DA:140,1
DA:142,1
DA:143,1
DA:146,1
DA:147,1
DA:148,1
DA:149,1
DA:150,0
DA:152,1
DA:153,1
DA:154,1
DA:159,1
DA:160,1
DA:161,1
DA:162,1
DA:163,1
DA:164,1
DA:165,1
DA:167,1
DA:168,1
DA:171,1
DA:172,2
DA:173,2
DA:174,1
DA:177,1
DA:178,2
DA:179,2
DA:180,2
DA:181,2
DA:182,2
DA:183,11
DA:184,11
DA:185,11
DA:190,2
DA:194,2
DA:195,2
DA:196,2
DA:198,2
DA:199,1
DA:203,2
DA:204,2
DA:205,2
DA:207,2
DA:208,1
DA:212,2
DA:214,2
DA:217,2
DA:218,1
DA:222,2
DA:223,2
DA:224,2
DA:225,2
DA:227,0
DA:230,0
DA:234,2
DA:235,1
DA:237,2
DA:238,1
DA:240,2
DA:241,1
DA:243,2
DA:244,1
DA:247,2
DA:248,2
DA:249,1
DA:252,2
DA:253,1
DA:256,2
DA:265,1
DA:266,2
DA:267,1
DA:280,0
DA:289,0
DA:290,0
DA:291,0
DA:298,1
DA:311,1
DA:312,2
DA:313,2
LF:100
LH:82
BRDA:101,0,0,0
BRDA:101,0,1,0
BRDA:101,1,0,0
BRDA:101,1,1,0
BRDA:107,2,0,0
BRDA:107,2,1,0
BRDA:110,3,0,0
BRDA:110,3,1,0
BRDA:112,4,0,0
BRDA:112,4,1,0
BRDA:114,5,0,0
BRDA:114,5,1,0
BRDA:117,6,0,0
BRDA:117,6,1,0
BRDA:136,7,0,0
BRDA:136,7,1,1
BRDA:136,8,0,1
BRDA:136,8,1,0
BRDA:137,9,0,1
BRDA:137,9,1,0
BRDA:137,9,2,0
BRDA:149,10,0,0
BRDA:149,10,1,1
BRDA:152,11,0,1
BRDA:152,11,1,0
BRDA:153,12,0,1
BRDA:153,12,1,0
BRDA:164,13,0,1
BRDA:164,13,1,0
BRDA:173,14,0,1
BRDA:173,14,1,1
BRDA:173,15,0,2
BRDA:173,15,1,1
BRDA:178,16,0,2
BRDA:178,16,1,0
BRDA:184,17,0,11
BRDA:184,17,1,0
BRDA:190,18,0,2
BRDA:190,18,1,0
BRDA:191,19,0,2
BRDA:191,19,1,0
BRDA:192,20,0,0
BRDA:192,20,1,0
BRDA:194,21,0,2
BRDA:194,21,1,0
BRDA:194,22,0,2
BRDA:194,22,1,2
BRDA:198,23,0,1
BRDA:198,23,1,1
BRDA:203,24,0,2
BRDA:203,24,1,0
BRDA:203,25,0,2
BRDA:203,25,1,2
BRDA:207,26,0,1
BRDA:207,26,1,1
BRDA:212,27,0,2
BRDA:212,27,1,0
BRDA:212,28,0,2
BRDA:212,28,1,2
BRDA:214,29,0,2
BRDA:214,29,1,0
BRDA:217,30,0,1
BRDA:217,30,1,1
BRDA:222,31,0,2
BRDA:222,31,1,0
BRDA:222,32,0,2
BRDA:222,32,1,2
BRDA:223,33,0,2
BRDA:223,33,1,0
BRDA:224,34,0,2
BRDA:224,34,1,0
BRDA:234,35,0,1
BRDA:234,35,1,1
BRDA:237,36,0,1
BRDA:237,36,1,1
BRDA:240,37,0,1
BRDA:240,37,1,1
BRDA:243,38,0,1
BRDA:243,38,1,1
BRDA:248,39,0,1
BRDA:248,39,1,1
BRDA:248,40,0,2
BRDA:248,40,1,1
BRDA:252,41,0,1
BRDA:252,41,1,1
BRDA:252,42,0,2
BRDA:252,42,1,2
BRDA:252,42,2,2
BRDA:267,43,0,1
BRDA:267,43,1,0
BRDA:278,44,0,0
BRF:91
BRH:54
end_of_record
TN:
SF:src/presentation/http/handlers/loginHandler.ts
FN:10,loginHandler
FNF:1
FNH:1
FNDA:7,loginHandler
DA:11,7
DA:12,7
DA:13,7
DA:14,1
DA:15,1
DA:18,6
DA:19,1
DA:20,1
DA:23,5
DA:24,5
DA:25,1
DA:28,4
DA:29,4
DA:30,2
DA:32,2
DA:33,1
DA:35,1
LF:17
LH:17
BRDA:13,0,0,1
BRDA:13,0,1,6
BRDA:18,1,0,1
BRDA:18,1,1,5
BRDA:23,2,0,5
BRDA:23,2,1,1
BRDA:24,3,0,1
BRDA:24,3,1,4
BRDA:32,4,0,1
BRDA:32,4,1,1
BRDA:35,5,0,1
BRDA:35,5,1,0
BRDA:35,6,0,1
BRDA:35,6,1,0
BRF:14
BRH:12
end_of_record
TN:
SF:src/presentation/http/handlers/ordersHandler.ts
FN:9,streamOrdersHandler
FN:18,(anonymous_1)
FN:23,(anonymous_2)
FN:31,(anonymous_3)
FN:40,buildOrdersHandler
FN:41,ordersHandler
FN:89,notifyTestHandler
FNF:7
FNH:5
FNDA:1,streamOrdersHandler
FNDA:0,(anonymous_1)
FNDA:1,(anonymous_2)
FNDA:1,(anonymous_3)
FNDA:1,buildOrdersHandler
FNDA:8,ordersHandler
FNDA:0,notifyTestHandler
DA:10,1
DA:11,1
DA:12,1
DA:13,1
DA:14,1
DA:15,1
DA:16,1
DA:18,1
DA:19,0
DA:20,0
DA:23,1
DA:24,1
DA:25,1
DA:26,1
DA:29,1
DA:31,1
DA:32,1
DA:33,1
DA:36,1
DA:37,1
DA:41,1
DA:42,8
DA:43,8
DA:44,1
DA:45,1
DA:48,7
DA:49,1
DA:50,1
DA:51,1
DA:52,1
DA:55,6
DA:56,2
DA:57,1
DA:62,4
DA:63,3
DA:64,3
DA:65,1
DA:67,2
DA:68,2
DA:69,1
DA:71,1
DA:72,1
DA:73,0
DA:75,1
DA:78,1
DA:79,1
DA:81,1
DA:82,1
DA:83,1
DA:84,1
DA:90,0
DA:91,0
DA:92,0
DA:94,0
LF:54
LH:47
BRDA:19,0,0,0
BRDA:19,0,1,0
BRDA:24,1,0,0
BRDA:24,1,1,1
BRDA:43,2,0,1
BRDA:43,2,1,7
BRDA:48,3,0,1
BRDA:48,3,1,6
BRDA:49,4,0,1
BRDA:49,4,1,0
BRDA:50,5,0,1
BRDA:50,5,1,0
BRDA:55,6,0,2
BRDA:55,6,1,4
BRDA:62,7,0,3
BRDA:62,7,1,1
BRDA:63,8,0,3
BRDA:63,8,1,3
BRDA:64,9,0,1
BRDA:64,9,1,2
BRDA:68,10,0,1
BRDA:68,10,1,1
BRDA:72,11,0,0
BRDA:72,11,1,1
BRDA:81,12,0,1
BRDA:81,12,1,0
BRDA:82,13,0,1
BRDA:82,13,1,0
BRDA:94,14,0,0
BRDA:94,14,1,0
BRDA:94,15,0,0
BRDA:94,15,1,0
BRF:32
BRH:20
end_of_record
TN:
SF:src/utils/cartStorage.ts
FN:47,readCart
FN:54,(anonymous_1)
FN:65,writeCart
FN:74,addCartItem
FN:75,(anonymous_4)
FN:77,(anonymous_5)
FN:84,removeCartItem
FN:85,(anonymous_7)
FN:90,(anonymous_8)
FN:92,(anonymous_9)
FN:97,clearCart
FN:101,subscribeToCart
FN:102,(anonymous_12)
FN:103,(anonymous_13)
FN:109,(anonymous_14)
FNF:15
FNH:11
FNDA:3,readCart
FNDA:1,(anonymous_1)
FNDA:1,writeCart
FNDA:2,addCartItem
FNDA:1,(anonymous_4)
FNDA:1,(anonymous_5)
FNDA:2,removeCartItem
FNDA:2,(anonymous_7)
FNDA:1,(anonymous_8)
FNDA:1,(anonymous_9)
FNDA:1,clearCart
FNDA:0,subscribeToCart
FNDA:0,(anonymous_12)
FNDA:0,(anonymous_13)
FNDA:0,(anonymous_14)
DA:43,1
DA:45,1
DA:48,3
DA:49,3
DA:50,3
DA:51,3
DA:52,2
DA:53,1
DA:54,1
DA:59,0
DA:61,1
DA:66,1
DA:67,1
DA:68,1
DA:75,2
DA:76,2
DA:77,1
DA:78,1
DA:81,1
DA:85,2
DA:86,2
DA:87,0
DA:89,2
DA:90,1
DA:92,1
DA:93,1
DA:98,1
DA:102,0
DA:103,0
DA:104,0
DA:105,0
DA:108,0
DA:109,0
LF:33
LH:25
BRDA:48,0,0,0
BRDA:48,0,1,3
BRDA:51,1,0,1
BRDA:51,1,1,2
BRDA:53,2,0,1
BRDA:53,2,1,0
BRDA:56,3,0,1
BRDA:56,3,1,0
BRDA:56,4,0,1
BRDA:56,4,1,1
BRDA:66,5,0,0
BRDA:66,5,1,1
BRDA:76,6,0,1
BRDA:76,6,1,1
BRDA:78,7,0,1
BRDA:78,7,1,0
BRDA:86,8,0,0
BRDA:86,8,1,2
BRDA:89,9,0,1
BRDA:89,9,1,1
BRDA:93,10,0,1
BRDA:93,10,1,0
BRDA:102,11,0,0
BRDA:102,11,1,0
BRDA:104,12,0,0
BRDA:104,12,1,0
BRF:26
BRH:15
end_of_record
TN:
SF:src/utils/formatCurrency.ts
FN:8,formatCurrency
FNF:1
FNH:1
FNDA:4,formatCurrency
DA:13,4
DA:14,4
DA:15,4
DA:16,4
DA:18,4
DA:21,4
LF:6
LH:6
BRDA:10,0,0,4
BRDA:15,1,0,2
BRDA:15,1,1,2
BRDA:18,2,0,4
BRDA:18,2,1,0
BRDA:21,3,0,0
BRDA:21,3,1,4
BRF:7
BRH:5
end_of_record
TN:
SF:src/utils/giftCreditStorage.ts
FN:7,(anonymous_0)
FN:10,(anonymous_1)
FN:23,(anonymous_2)
FN:30,(anonymous_3)
FN:32,listGiftCredits
FN:39,saveGiftCredits
FN:48,findCreditByCode
FN:50,(anonymous_7)
FN:53,createGiftCreditFromOrder
FN:77,createManualGiftCredit
FN:102,applyCreditToAmount
FN:123,seedManualCreditsOnce
FN:132,(anonymous_12)
FN:134,(anonymous_13)
FN:138,(anonymous_14)
FNF:15
FNH:8
FNDA:15,(anonymous_0)
FNDA:5,(anonymous_1)
FNDA:0,(anonymous_2)
FNDA:9,(anonymous_3)
FNDA:5,listGiftCredits
FNDA:0,saveGiftCredits
FNDA:5,findCreditByCode
FNDA:4,(anonymous_7)
FNDA:0,createGiftCreditFromOrder
FNDA:0,createManualGiftCredit
FNDA:2,applyCreditToAmount
FNDA:10,seedManualCreditsOnce
FNDA:0,(anonymous_12)
FNDA:0,(anonymous_13)
FNDA:0,(anonymous_14)
DA:4,2
DA:5,2
DA:7,2
DA:8,15
DA:10,2
DA:11,5
DA:12,5
DA:13,5
DA:14,5
DA:15,5
DA:20,0
DA:23,2
DA:24,0
DA:25,0
DA:27,0
DA:30,9
DA:33,5
DA:34,5
DA:35,5
DA:36,5
DA:40,0
DA:41,0
DA:42,0
DA:44,0
DA:49,5
DA:50,5
DA:59,0
DA:60,0
DA:72,0
DA:73,0
DA:74,0
DA:84,0
DA:85,0
DA:97,0
DA:98,0
DA:99,0
DA:110,2
DA:111,2
DA:112,2
DA:113,2
DA:114,2
DA:120,2
DA:124,10
DA:125,10
DA:126,10
DA:127,10
DA:129,0
DA:130,0
DA:131,0
DA:132,0
DA:133,0
DA:134,0
DA:136,0
DA:137,0
DA:138,0
DA:149,0
DA:151,0
LF:57
LH:28
BRDA:8,0,0,15
BRDA:8,0,1,15
BRDA:11,1,0,0
BRDA:11,1,1,5
BRDA:14,2,0,5
BRDA:14,2,1,0
BRDA:24,3,0,0
BRDA:24,3,1,0
BRDA:24,4,0,0
BRDA:24,4,1,0
BRDA:33,5,0,0
BRDA:33,5,1,5
BRDA:36,6,0,5
BRDA:36,6,1,0
BRDA:40,7,0,0
BRDA:40,7,1,0
BRDA:91,8,0,0
BRDA:91,8,1,0
BRDA:117,9,0,1
BRDA:117,9,1,1
BRDA:124,10,0,0
BRDA:124,10,1,10
BRDA:125,11,0,10
BRDA:125,11,1,0
BRDA:130,12,0,0
BRDA:130,12,1,0
BRDA:136,13,0,0
BRDA:136,13,1,0
BRF:28
BRH:10
end_of_record
TN:
SF:src/utils/giftPricing.ts
FN:8,calculateProductTotal
FN:12,(anonymous_1)
FN:22,calculateAddOnTotal
FN:23,(anonymous_3)
FN:24,(anonymous_4)
FN:29,calculateGiftTotal
FNF:6
FNH:6
FNDA:1,calculateProductTotal
FNDA:2,(anonymous_1)
FNDA:1,calculateAddOnTotal
FNDA:2,(anonymous_3)
FNDA:3,(anonymous_4)
FNDA:1,calculateGiftTotal
DA:12,1
DA:13,2
DA:15,2
DA:17,2
DA:18,2
DA:23,1
DA:24,3
DA:25,2
DA:34,1
LF:9
LH:9
BRDA:15,0,0,2
BRDA:15,0,1,1
BRDA:15,0,2,1
BRDA:17,1,0,2
BRDA:17,1,1,1
BRDA:25,2,0,2
BRDA:25,2,1,0
BRF:7
BRH:6
end_of_record
TN:
SF:src/utils/orderStorage.ts
FN:6,(anonymous_0)
FN:9,(anonymous_1)
FN:19,readOrders
FN:27,writeOrders
FN:37,addOrder
FNF:5
FNH:5
FNDA:8,(anonymous_0)
FNDA:4,(anonymous_1)
FNDA:5,readOrders
FNDA:3,writeOrders
FNDA:1,addOrder
DA:3,1
DA:4,1
DA:6,1
DA:7,8
DA:9,1
DA:10,4
DA:11,4
DA:12,4
DA:14,1
DA:15,1
DA:20,5
DA:21,5
DA:22,5
DA:23,4
DA:24,4
DA:28,3
DA:29,3
DA:30,3
DA:31,3
DA:33,0
DA:38,1
DA:39,1
DA:40,1
DA:41,1
DA:44,1
LF:25
LH:24
BRDA:7,0,0,8
BRDA:7,0,1,8
BRDA:10,1,0,0
BRDA:10,1,1,4
BRDA:20,2,0,0
BRDA:20,2,1,5
BRDA:22,3,0,1
BRDA:22,3,1,4
BRDA:24,4,0,3
BRDA:24,4,1,1
BRDA:28,5,0,0
BRDA:28,5,1,3
BRF:12
BRH:9
end_of_record
TN:
SF:src/utils/reviewStorage.ts
FN:6,(anonymous_0)
FN:9,(anonymous_1)
FN:22,(anonymous_2)
FN:24,(anonymous_3)
FN:27,readStoredReviews
FN:36,writeReviews
FN:46,listReviews
FN:50,listReviewsFor
FN:53,(anonymous_8)
FN:57,(anonymous_9)
FN:62,addReview
FN:74,getReviewStats
FN:77,(anonymous_12)
FNF:13
FNH:10
FNDA:6,(anonymous_0)
FNDA:3,(anonymous_1)
FNDA:2,(anonymous_2)
FNDA:0,(anonymous_3)
FNDA:5,readStoredReviews
FNDA:1,writeReviews
FNDA:4,listReviews
FNDA:1,listReviewsFor
FNDA:1,(anonymous_8)
FNDA:1,(anonymous_9)
FNDA:1,addReview
FNDA:0,getReviewStats
FNDA:0,(anonymous_12)
DA:3,1
DA:4,1
DA:6,1
DA:7,6
DA:9,1
DA:10,3
DA:11,3
DA:12,3
DA:13,2
DA:14,2
DA:17,1
DA:19,1
DA:22,1
DA:23,2
DA:24,0
DA:28,5
DA:29,5
DA:30,5
DA:31,3
DA:32,3
DA:33,2
DA:37,1
DA:38,1
DA:39,1
DA:40,1
DA:42,0
DA:47,4
DA:51,1
DA:52,1
DA:53,1
DA:57,1
DA:58,1
DA:63,1
DA:68,1
DA:69,1
DA:70,1
DA:71,1
DA:75,0
DA:76,0
DA:77,0
DA:78,0
DA:84,1
LF:42
LH:36
BRDA:7,0,0,6
BRDA:7,0,1,6
BRDA:10,1,0,0
BRDA:10,1,1,3
BRDA:13,2,0,2
BRDA:13,2,1,0
BRDA:28,3,0,0
BRDA:28,3,1,5
BRDA:30,4,0,2
BRDA:30,4,1,3
BRDA:32,5,0,1
BRDA:32,5,1,2
BRDA:37,6,0,0
BRDA:37,6,1,1
BRDA:51,7,0,0
BRDA:51,7,1,1
BRDA:53,8,0,1
BRDA:53,8,1,1
BRDA:58,9,0,1
BRDA:58,9,1,0
BRDA:58,10,0,1
BRDA:58,10,1,1
BRDA:76,11,0,0
BRDA:76,11,1,0
BRF:24
BRH:16
end_of_record
TN:
SF:src/utils/reviewVerification.ts
FN:4,isTargetVerifiedForAnyOrder
FN:16,(anonymous_1)
FN:19,(anonymous_2)
FNF:3
FNH:3
FNDA:6,isTargetVerifiedForAnyOrder
FNDA:3,(anonymous_1)
FNDA:2,(anonymous_2)
DA:5,6
DA:6,6
DA:7,6
DA:8,6
DA:9,6
DA:10,1
DA:12,5
DA:13,4
DA:14,1
DA:16,3
DA:17,1
DA:19,2
DA:20,1
DA:25,2
LF:14
LH:14
BRDA:5,0,0,0
BRDA:5,0,1,6
BRDA:9,1,0,1
BRDA:9,1,1,5
BRDA:9,2,0,6
BRDA:9,2,1,2
BRDA:12,3,0,4
BRDA:12,3,1,1
BRDA:13,4,0,1
BRDA:13,4,1,3
BRDA:16,5,0,1
BRDA:16,5,1,2
BRDA:19,6,0,1
BRDA:19,6,1,1
BRF:14
BRH:13
end_of_record
